# JRE version: OpenJDK Runtime Environment (8.0_202-b03) (build 1.8.0_202-release-1483-b03)
# Java VM: OpenJDK 64-Bit Server VM (25.202-b03 mixed mode windows-amd64 compressed oops)
Heap:
 PSYoungGen      total 273408K, used 122415K [0x00000000eab00000, 0x00000000ff080000, 0x0000000100000000)
  eden space 224768K, 46% used [0x00000000eab00000,0x00000000f10b22b8,0x00000000f8680000)
  from space 48640K, 37% used [0x00000000fc100000,0x00000000fd2d9c20,0x00000000ff080000)
  to   space 54272K, 0% used [0x00000000f8680000,0x00000000f8680000,0x00000000fbb80000)
 ParOldGen       total 429056K, used 221451K [0x00000000c0000000, 0x00000000da300000, 0x00000000eab00000)
  object space 429056K, 51% used [0x00000000c0000000,0x00000000cd842dd0,0x00000000da300000)
 Metaspace       used 94728K, capacity 100620K, committed 100736K, reserved 1136640K
  class space    used 11824K, capacity 12874K, committed 12928K, reserved 1048576K
GC Heap History (10 events):
Event: 13820.233 GC heap before
{Heap before GC invocations=115 (full 5):
 PSYoungGen      total 264704K, used 197581K [0x00000000eab00000, 0x00000000ff600000, 0x0000000100000000)
  eden space 185344K, 100% used [0x00000000eab00000,0x00000000f6000000,0x00000000f6000000)
  from space 79360K, 15% used [0x00000000f6000000,0x00000000f6bf3718,0x00000000fad80000)
  to   space 73728K, 0% used [0x00000000fae00000,0x00000000fae00000,0x00000000ff600000)
 ParOldGen       total 429056K, used 220419K [0x00000000c0000000, 0x00000000da300000, 0x00000000eab00000)
  object space 429056K, 51% used [0x00000000c0000000,0x00000000cd740d90,0x00000000da300000)
 Metaspace       used 90511K, capacity 94476K, committed 94848K, reserved 1132544K
  class space    used 11142K, capacity 11902K, committed 12160K, reserved 1048576K
Event: 13820.242 GC heap after
Heap after GC invocations=115 (full 5):
 PSYoungGen      total 266240K, used 2756K [0x00000000eab00000, 0x00000000ff380000, 0x0000000100000000)
  eden space 195072K, 0% used [0x00000000eab00000,0x00000000eab00000,0x00000000f6980000)
  from space 71168K, 3% used [0x00000000fae00000,0x00000000fb0b13d0,0x00000000ff380000)
  to   space 70144K, 0% used [0x00000000f6980000,0x00000000f6980000,0x00000000fae00000)
 ParOldGen       total 429056K, used 221419K [0x00000000c0000000, 0x00000000da300000, 0x00000000eab00000)
  object space 429056K, 51% used [0x00000000c0000000,0x00000000cd83add0,0x00000000da300000)
 Metaspace       used 90511K, capacity 94476K, committed 94848K, reserved 1132544K
  class space    used 11142K, capacity 11902K, committed 12160K, reserved 1048576K
}
Event: 13821.862 GC heap before
{Heap before GC invocations=116 (full 5):
 PSYoungGen      total 266240K, used 197828K [0x00000000eab00000, 0x00000000ff380000, 0x0000000100000000)
  eden space 195072K, 100% used [0x00000000eab00000,0x00000000f6980000,0x00000000f6980000)
  from space 71168K, 3% used [0x00000000fae00000,0x00000000fb0b13d0,0x00000000ff380000)
  to   space 70144K, 0% used [0x00000000f6980000,0x00000000f6980000,0x00000000fae00000)
 ParOldGen       total 429056K, used 221419K [0x00000000c0000000, 0x00000000da300000, 0x00000000eab00000)
  object space 429056K, 51% used [0x00000000c0000000,0x00000000cd83add0,0x00000000da300000)
 Metaspace       used 91749K, capacity 95874K, committed 96256K, reserved 1132544K
  class space    used 11345K, capacity 12157K, committed 12288K, reserved 1048576K
Event: 13821.883 GC heap after
Heap after GC invocations=116 (full 5):
 PSYoungGen      total 265216K, used 15338K [0x00000000eab00000, 0x00000000ff500000, 0x0000000100000000)
  eden space 195072K, 0% used [0x00000000eab00000,0x00000000eab00000,0x00000000f6980000)
  from space 70144K, 21% used [0x00000000f6980000,0x00000000f787a888,0x00000000fae00000)
  to   space 65024K, 0% used [0x00000000fb580000,0x00000000fb580000,0x00000000ff500000)
 ParOldGen       total 429056K, used 221427K [0x00000000c0000000, 0x00000000da300000, 0x00000000eab00000)
  object space 429056K, 51% used [0x00000000c0000000,0x00000000cd83cdd0,0x00000000da300000)
 Metaspace       used 91749K, capacity 95874K, committed 96256K, reserved 1132544K
  class space    used 11345K, capacity 12157K, committed 12288K, reserved 1048576K
}
Event: 13829.988 GC heap before
{Heap before GC invocations=117 (full 5):
 PSYoungGen      total 265216K, used 210410K [0x00000000eab00000, 0x00000000ff500000, 0x0000000100000000)
  eden space 195072K, 100% used [0x00000000eab00000,0x00000000f6980000,0x00000000f6980000)
  from space 70144K, 21% used [0x00000000f6980000,0x00000000f787a888,0x00000000fae00000)
  to   space 65024K, 0% used [0x00000000fb580000,0x00000000fb580000,0x00000000ff500000)
 ParOldGen       total 429056K, used 221427K [0x00000000c0000000, 0x00000000da300000, 0x00000000eab00000)
  object space 429056K, 51% used [0x00000000c0000000,0x00000000cd83cdd0,0x00000000da300000)
 Metaspace       used 93437K, capacity 98736K, committed 98944K, reserved 1136640K
  class space    used 11648K, capacity 12618K, committed 12672K, reserved 1048576K
Event: 13830.069 GC heap after
Heap after GC invocations=117 (full 5):
 PSYoungGen      total 272896K, used 16955K [0x00000000eab00000, 0x00000000ff100000, 0x0000000100000000)
  eden space 211968K, 0% used [0x00000000eab00000,0x00000000eab00000,0x00000000f7a00000)
  from space 60928K, 27% used [0x00000000fb580000,0x00000000fc60eed8,0x00000000ff100000)
  to   space 60928K, 0% used [0x00000000f7a00000,0x00000000f7a00000,0x00000000fb580000)
 ParOldGen       total 429056K, used 221435K [0x00000000c0000000, 0x00000000da300000, 0x00000000eab00000)
  object space 429056K, 51% used [0x00000000c0000000,0x00000000cd83edd0,0x00000000da300000)
 Metaspace       used 93437K, capacity 98736K, committed 98944K, reserved 1136640K
  class space    used 11648K, capacity 12618K, committed 12672K, reserved 1048576K
}
Event: 13889.911 GC heap before
{Heap before GC invocations=118 (full 5):
 PSYoungGen      total 272896K, used 228923K [0x00000000eab00000, 0x00000000ff100000, 0x0000000100000000)
  eden space 211968K, 100% used [0x00000000eab00000,0x00000000f7a00000,0x00000000f7a00000)
  from space 60928K, 27% used [0x00000000fb580000,0x00000000fc60eed8,0x00000000ff100000)
  to   space 60928K, 0% used [0x00000000f7a00000,0x00000000f7a00000,0x00000000fb580000)
 ParOldGen       total 429056K, used 221435K [0x00000000c0000000, 0x00000000da300000, 0x00000000eab00000)
  object space 429056K, 51% used [0x00000000c0000000,0x00000000cd83edd0,0x00000000da300000)
 Metaspace       used 93891K, capacity 99368K, committed 99584K, reserved 1136640K
  class space    used 11690K, capacity 12698K, committed 12800K, reserved 1048576K
Event: 13889.923 GC heap after
Heap after GC invocations=118 (full 5):
 PSYoungGen      total 272896K, used 17753K [0x00000000eab00000, 0x00000000ff900000, 0x0000000100000000)
  eden space 211968K, 0% used [0x00000000eab00000,0x00000000eab00000,0x00000000f7a00000)
  from space 60928K, 29% used [0x00000000f7a00000,0x00000000f8b567b8,0x00000000fb580000)
  to   space 57344K, 0% used [0x00000000fc100000,0x00000000fc100000,0x00000000ff900000)
 ParOldGen       total 429056K, used 221443K [0x00000000c0000000, 0x00000000da300000, 0x00000000eab00000)
  object space 429056K, 51% used [0x00000000c0000000,0x00000000cd840dd0,0x00000000da300000)
 Metaspace       used 93891K, capacity 99368K, committed 99584K, reserved 1136640K
  class space    used 11690K, capacity 12698K, committed 12800K, reserved 1048576K
}
Event: 14445.706 GC heap before
{Heap before GC invocations=119 (full 5):
 PSYoungGen      total 272896K, used 229721K [0x00000000eab00000, 0x00000000ff900000, 0x0000000100000000)
  eden space 211968K, 100% used [0x00000000eab00000,0x00000000f7a00000,0x00000000f7a00000)
  from space 60928K, 29% used [0x00000000f7a00000,0x00000000f8b567b8,0x00000000fb580000)
  to   space 57344K, 0% used [0x00000000fc100000,0x00000000fc100000,0x00000000ff900000)
 ParOldGen       total 429056K, used 221443K [0x00000000c0000000, 0x00000000da300000, 0x00000000eab00000)
  object space 429056K, 51% used [0x00000000c0000000,0x00000000cd840dd0,0x00000000da300000)
 Metaspace       used 94506K, capacity 100078K, committed 100224K, reserved 1136640K
  class space    used 11785K, capacity 12805K, committed 12928K, reserved 1048576K
Event: 14445.724 GC heap after
Heap after GC invocations=119 (full 5):
 PSYoungGen      total 273408K, used 18279K [0x00000000eab00000, 0x00000000ff080000, 0x0000000100000000)
  eden space 224768K, 0% used [0x00000000eab00000,0x00000000eab00000,0x00000000f8680000)
  from space 48640K, 37% used [0x00000000fc100000,0x00000000fd2d9c20,0x00000000ff080000)
  to   space 54272K, 0% used [0x00000000f8680000,0x00000000f8680000,0x00000000fbb80000)
 ParOldGen       total 429056K, used 221451K [0x00000000c0000000, 0x00000000da300000, 0x00000000eab00000)
  object space 429056K, 51% used [0x00000000c0000000,0x00000000cd842dd0,0x00000000da300000)
 Metaspace       used 94506K, capacity 100078K, committed 100224K, reserved 1136640K
  class space    used 11785K, capacity 12805K, committed 12928K, reserved 1048576K
}

