# JRE version: OpenJDK Runtime Environment (8.0_202-b03) (build 1.8.0_202-release-1483-b03)
# Java VM: OpenJDK 64-Bit Server VM (25.202-b03 mixed mode windows-amd64 compressed oops)
Heap:
 PSYoungGen      total 237056K, used 205391K [0x00000000eab00000, 0x00000000fcf00000, 0x0000000100000000)
  eden space 212992K, 85% used [0x00000000eab00000,0x00000000f5c13e68,0x00000000f7b00000)
  from space 24064K, 99% used [0x00000000f7b00000,0x00000000f927fff8,0x00000000f9280000)
  to   space 29184K, 0% used [0x00000000fb280000,0x00000000fb280000,0x00000000fcf00000)
 ParOldGen       total 258560K, used 52063K [0x00000000c0000000, 0x00000000cfc80000, 0x00000000eab00000)
  object space 258560K, 20% used [0x00000000c0000000,0x00000000c32d7ca0,0x00000000cfc80000)
 Metaspace       used 71080K, capacity 73540K, committed 73600K, reserved 1114112K
  class space    used 9285K, capacity 9824K, committed 9856K, reserved 1048576K
GC Heap History (10 events):
Event: 14.169 GC heap before
{Heap before GC invocations=12 (full 2):
 PSYoungGen      total 156672K, used 112770K [0x00000000eab00000, 0x00000000f8d80000, 0x0000000100000000)
  eden space 140800K, 68% used [0x00000000eab00000,0x00000000f09a09b0,0x00000000f3480000)
  from space 15872K, 99% used [0x00000000f3480000,0x00000000f43ffef8,0x00000000f4400000)
  to   space 20992K, 0% used [0x00000000f7900000,0x00000000f7900000,0x00000000f8d80000)
 ParOldGen       total 166912K, used 29702K [0x00000000c0000000, 0x00000000ca300000, 0x00000000eab00000)
  object space 166912K, 17% used [0x00000000c0000000,0x00000000c1d01958,0x00000000ca300000)
 Metaspace       used 57157K, capacity 58972K, committed 59028K, reserved 1099776K
  class space    used 7862K, capacity 8280K, committed 8320K, reserved 1048576K
Event: 14.191 GC heap after
Heap after GC invocations=12 (full 2):
 PSYoungGen      total 206336K, used 20991K [0x00000000eab00000, 0x00000000f9e00000, 0x0000000100000000)
  eden space 185344K, 0% used [0x00000000eab00000,0x00000000eab00000,0x00000000f6000000)
  from space 20992K, 99% used [0x00000000f7900000,0x00000000f8d7ff28,0x00000000f8d80000)
  to   space 25600K, 0% used [0x00000000f6000000,0x00000000f6000000,0x00000000f7900000)
 ParOldGen       total 166912K, used 35640K [0x00000000c0000000, 0x00000000ca300000, 0x00000000eab00000)
  object space 166912K, 21% used [0x00000000c0000000,0x00000000c22ce0c8,0x00000000ca300000)
 Metaspace       used 57157K, capacity 58972K, committed 59028K, reserved 1099776K
  class space    used 7862K, capacity 8280K, committed 8320K, reserved 1048576K
}
Event: 14.191 GC heap before
{Heap before GC invocations=13 (full 3):
 PSYoungGen      total 206336K, used 20991K [0x00000000eab00000, 0x00000000f9e00000, 0x0000000100000000)
  eden space 185344K, 0% used [0x00000000eab00000,0x00000000eab00000,0x00000000f6000000)
  from space 20992K, 99% used [0x00000000f7900000,0x00000000f8d7ff28,0x00000000f8d80000)
  to   space 25600K, 0% used [0x00000000f6000000,0x00000000f6000000,0x00000000f7900000)
 ParOldGen       total 166912K, used 35640K [0x00000000c0000000, 0x00000000ca300000, 0x00000000eab00000)
  object space 166912K, 21% used [0x00000000c0000000,0x00000000c22ce0c8,0x00000000ca300000)
 Metaspace       used 57157K, capacity 58972K, committed 59028K, reserved 1099776K
  class space    used 7862K, capacity 8280K, committed 8320K, reserved 1048576K
Event: 14.564 GC heap after
Heap after GC invocations=13 (full 3):
 PSYoungGen      total 206336K, used 0K [0x00000000eab00000, 0x00000000f9e00000, 0x0000000100000000)
  eden space 185344K, 0% used [0x00000000eab00000,0x00000000eab00000,0x00000000f6000000)
  from space 20992K, 0% used [0x00000000f7900000,0x00000000f7900000,0x00000000f8d80000)
  to   space 25600K, 0% used [0x00000000f6000000,0x00000000f6000000,0x00000000f7900000)
 ParOldGen       total 258560K, used 45855K [0x00000000c0000000, 0x00000000cfc80000, 0x00000000eab00000)
  object space 258560K, 17% used [0x00000000c0000000,0x00000000c2cc7e38,0x00000000cfc80000)
 Metaspace       used 57157K, capacity 58972K, committed 59028K, reserved 1099776K
  class space    used 7862K, capacity 8280K, committed 8320K, reserved 1048576K
}
Event: 20.283 GC heap before
{Heap before GC invocations=14 (full 3):
 PSYoungGen      total 206336K, used 185344K [0x00000000eab00000, 0x00000000f9e00000, 0x0000000100000000)
  eden space 185344K, 100% used [0x00000000eab00000,0x00000000f6000000,0x00000000f6000000)
  from space 20992K, 0% used [0x00000000f7900000,0x00000000f7900000,0x00000000f8d80000)
  to   space 25600K, 0% used [0x00000000f6000000,0x00000000f6000000,0x00000000f7900000)
 ParOldGen       total 258560K, used 45855K [0x00000000c0000000, 0x00000000cfc80000, 0x00000000eab00000)
  object space 258560K, 17% used [0x00000000c0000000,0x00000000c2cc7e38,0x00000000cfc80000)
 Metaspace       used 63235K, capacity 65468K, committed 65536K, reserved 1105920K
  class space    used 8431K, capacity 8950K, committed 8960K, reserved 1048576K
Event: 20.296 GC heap after
Heap after GC invocations=14 (full 3):
 PSYoungGen      total 210944K, used 13500K [0x00000000eab00000, 0x00000000fb100000, 0x0000000100000000)
  eden space 185344K, 0% used [0x00000000eab00000,0x00000000eab00000,0x00000000f6000000)
  from space 25600K, 52% used [0x00000000f6000000,0x00000000f6d2f268,0x00000000f7900000)
  to   space 24576K, 0% used [0x00000000f9900000,0x00000000f9900000,0x00000000fb100000)
 ParOldGen       total 258560K, used 45863K [0x00000000c0000000, 0x00000000cfc80000, 0x00000000eab00000)
  object space 258560K, 17% used [0x00000000c0000000,0x00000000c2cc9e38,0x00000000cfc80000)
 Metaspace       used 63235K, capacity 65468K, committed 65536K, reserved 1105920K
  class space    used 8431K, capacity 8950K, committed 8960K, reserved 1048576K
}
Event: 193.133 GC heap before
{Heap before GC invocations=15 (full 3):
 PSYoungGen      total 210944K, used 198844K [0x00000000eab00000, 0x00000000fb100000, 0x0000000100000000)
  eden space 185344K, 100% used [0x00000000eab00000,0x00000000f6000000,0x00000000f6000000)
  from space 25600K, 52% used [0x00000000f6000000,0x00000000f6d2f268,0x00000000f7900000)
  to   space 24576K, 0% used [0x00000000f9900000,0x00000000f9900000,0x00000000fb100000)
 ParOldGen       total 258560K, used 45863K [0x00000000c0000000, 0x00000000cfc80000, 0x00000000eab00000)
  object space 258560K, 17% used [0x00000000c0000000,0x00000000c2cc9e38,0x00000000cfc80000)
 Metaspace       used 66140K, capacity 68560K, committed 68736K, reserved 1107968K
  class space    used 8727K, capacity 9260K, committed 9344K, reserved 1048576K
Event: 193.153 GC heap after
Heap after GC invocations=15 (full 3):
 PSYoungGen      total 230400K, used 14562K [0x00000000eab00000, 0x00000000faa00000, 0x0000000100000000)
  eden space 212992K, 0% used [0x00000000eab00000,0x00000000eab00000,0x00000000f7b00000)
  from space 17408K, 83% used [0x00000000f9900000,0x00000000fa7388a0,0x00000000faa00000)
  to   space 24064K, 0% used [0x00000000f7b00000,0x00000000f7b00000,0x00000000f9280000)
 ParOldGen       total 258560K, used 45871K [0x00000000c0000000, 0x00000000cfc80000, 0x00000000eab00000)
  object space 258560K, 17% used [0x00000000c0000000,0x00000000c2ccbe38,0x00000000cfc80000)
 Metaspace       used 66140K, capacity 68560K, committed 68736K, reserved 1107968K
  class space    used 8727K, capacity 9260K, committed 9344K, reserved 1048576K
}
Event: 199.723 GC heap before
{Heap before GC invocations=16 (full 3):
 PSYoungGen      total 230400K, used 227554K [0x00000000eab00000, 0x00000000faa00000, 0x0000000100000000)
  eden space 212992K, 100% used [0x00000000eab00000,0x00000000f7b00000,0x00000000f7b00000)
  from space 17408K, 83% used [0x00000000f9900000,0x00000000fa7388a0,0x00000000faa00000)
  to   space 24064K, 0% used [0x00000000f7b00000,0x00000000f7b00000,0x00000000f9280000)
 ParOldGen       total 258560K, used 45871K [0x00000000c0000000, 0x00000000cfc80000, 0x00000000eab00000)
  object space 258560K, 17% used [0x00000000c0000000,0x00000000c2ccbe38,0x00000000cfc80000)
 Metaspace       used 66966K, capacity 69392K, committed 69504K, reserved 1110016K
  class space    used 8789K, capacity 9336K, committed 9344K, reserved 1048576K
Event: 199.748 GC heap after
Heap after GC invocations=16 (full 3):
 PSYoungGen      total 237056K, used 24063K [0x00000000eab00000, 0x00000000fcf00000, 0x0000000100000000)
  eden space 212992K, 0% used [0x00000000eab00000,0x00000000eab00000,0x00000000f7b00000)
  from space 24064K, 99% used [0x00000000f7b00000,0x00000000f927fff8,0x00000000f9280000)
  to   space 29184K, 0% used [0x00000000fb280000,0x00000000fb280000,0x00000000fcf00000)
 ParOldGen       total 258560K, used 52063K [0x00000000c0000000, 0x00000000cfc80000, 0x00000000eab00000)
  object space 258560K, 20% used [0x00000000c0000000,0x00000000c32d7ca0,0x00000000cfc80000)
 Metaspace       used 66966K, capacity 69392K, committed 69504K, reserved 1110016K
  class space    used 8789K, capacity 9336K, committed 9344K, reserved 1048576K
}

