# JRE version: OpenJDK Runtime Environment (8.0_202-b03) (build 1.8.0_202-release-1483-b03)
# Java VM: OpenJDK 64-Bit Server VM (25.202-b03 mixed mode windows-amd64 compressed oops)
Heap:
 PSYoungGen      total 233472K, used 72134K [0x00000000eab00000, 0x00000000fe680000, 0x0000000100000000)
  eden space 205312K, 35% used [0x00000000eab00000,0x00000000ef171800,0x00000000f7380000)
  from space 28160K, 0% used [0x00000000f7380000,0x00000000f7380000,0x00000000f8f00000)
  to   space 31744K, 0% used [0x00000000fc780000,0x00000000fc780000,0x00000000fe680000)
 ParOldGen       total 262144K, used 52064K [0x00000000c0000000, 0x00000000d0000000, 0x00000000eab00000)
  object space 262144K, 19% used [0x00000000c0000000,0x00000000c32d81f0,0x00000000d0000000)
 Metaspace       used 59905K, capacity 61402K, committed 61656K, reserved 1101824K
  class space    used 7961K, capacity 8330K, committed 8448K, reserved 1048576K
GC Heap History (10 events):
Event: 4.911 GC heap before
{Heap before GC invocations=8 (full 2):
 PSYoungGen      total 137216K, used 126464K [0x00000000eab00000, 0x00000000f5b00000, 0x0000000100000000)
  eden space 126464K, 100% used [0x00000000eab00000,0x00000000f2680000,0x00000000f2680000)
  from space 10752K, 0% used [0x00000000f2680000,0x00000000f2680000,0x00000000f3100000)
  to   space 13824K, 0% used [0x00000000f4d80000,0x00000000f4d80000,0x00000000f5b00000)
 ParOldGen       total 170496K, used 19500K [0x00000000c0000000, 0x00000000ca680000, 0x00000000eab00000)
  object space 170496K, 11% used [0x00000000c0000000,0x00000000c130b1e8,0x00000000ca680000)
 Metaspace       used 41795K, capacity 42496K, committed 42840K, reserved 1085440K
  class space    used 5655K, capacity 5907K, committed 6016K, reserved 1048576K
Event: 4.925 GC heap after
Heap after GC invocations=8 (full 2):
 PSYoungGen      total 164352K, used 13820K [0x00000000eab00000, 0x00000000f7900000, 0x0000000100000000)
  eden space 150528K, 0% used [0x00000000eab00000,0x00000000eab00000,0x00000000f3e00000)
  from space 13824K, 99% used [0x00000000f4d80000,0x00000000f5aff110,0x00000000f5b00000)
  to   space 15872K, 0% used [0x00000000f3e00000,0x00000000f3e00000,0x00000000f4d80000)
 ParOldGen       total 170496K, used 20251K [0x00000000c0000000, 0x00000000ca680000, 0x00000000eab00000)
  object space 170496K, 11% used [0x00000000c0000000,0x00000000c13c6e80,0x00000000ca680000)
 Metaspace       used 41795K, capacity 42496K, committed 42840K, reserved 1085440K
  class space    used 5655K, capacity 5907K, committed 6016K, reserved 1048576K
}
Event: 6.576 GC heap before
{Heap before GC invocations=9 (full 2):
 PSYoungGen      total 164352K, used 164348K [0x00000000eab00000, 0x00000000f7900000, 0x0000000100000000)
  eden space 150528K, 100% used [0x00000000eab00000,0x00000000f3e00000,0x00000000f3e00000)
  from space 13824K, 99% used [0x00000000f4d80000,0x00000000f5aff110,0x00000000f5b00000)
  to   space 15872K, 0% used [0x00000000f3e00000,0x00000000f3e00000,0x00000000f4d80000)
 ParOldGen       total 170496K, used 20251K [0x00000000c0000000, 0x00000000ca680000, 0x00000000eab00000)
  object space 170496K, 11% used [0x00000000c0000000,0x00000000c13c6e80,0x00000000ca680000)
 Metaspace       used 54009K, capacity 55406K, committed 55640K, reserved 1097728K
  class space    used 7366K, capacity 7694K, committed 7808K, reserved 1048576K
Event: 6.597 GC heap after
Heap after GC invocations=9 (full 2):
 PSYoungGen      total 166400K, used 15863K [0x00000000eab00000, 0x00000000fa500000, 0x0000000100000000)
  eden space 150528K, 0% used [0x00000000eab00000,0x00000000eab00000,0x00000000f3e00000)
  from space 15872K, 99% used [0x00000000f3e00000,0x00000000f4d7def8,0x00000000f4d80000)
  to   space 22016K, 0% used [0x00000000f8f80000,0x00000000f8f80000,0x00000000fa500000)
 ParOldGen       total 170496K, used 27927K [0x00000000c0000000, 0x00000000ca680000, 0x00000000eab00000)
  object space 170496K, 16% used [0x00000000c0000000,0x00000000c1b45d08,0x00000000ca680000)
 Metaspace       used 54009K, capacity 55406K, committed 55640K, reserved 1097728K
  class space    used 7366K, capacity 7694K, committed 7808K, reserved 1048576K
}
Event: 12.914 GC heap before
{Heap before GC invocations=10 (full 2):
 PSYoungGen      total 166400K, used 166391K [0x00000000eab00000, 0x00000000fa500000, 0x0000000100000000)
  eden space 150528K, 100% used [0x00000000eab00000,0x00000000f3e00000,0x00000000f3e00000)
  from space 15872K, 99% used [0x00000000f3e00000,0x00000000f4d7def8,0x00000000f4d80000)
  to   space 22016K, 0% used [0x00000000f8f80000,0x00000000f8f80000,0x00000000fa500000)
 ParOldGen       total 170496K, used 27927K [0x00000000c0000000, 0x00000000ca680000, 0x00000000eab00000)
  object space 170496K, 16% used [0x00000000c0000000,0x00000000c1b45d08,0x00000000ca680000)
 Metaspace       used 56871K, capacity 58346K, committed 58456K, reserved 1099776K
  class space    used 7660K, capacity 8038K, committed 8064K, reserved 1048576K
Event: 12.942 GC heap after
Heap after GC invocations=10 (full 2):
 PSYoungGen      total 227328K, used 22007K [0x00000000eab00000, 0x00000000faa80000, 0x0000000100000000)
  eden space 205312K, 0% used [0x00000000eab00000,0x00000000eab00000,0x00000000f7380000)
  from space 22016K, 99% used [0x00000000f8f80000,0x00000000fa4fdf78,0x00000000fa500000)
  to   space 28160K, 0% used [0x00000000f7380000,0x00000000f7380000,0x00000000f8f00000)
 ParOldGen       total 170496K, used 35071K [0x00000000c0000000, 0x00000000ca680000, 0x00000000eab00000)
  object space 170496K, 20% used [0x00000000c0000000,0x00000000c223fcb0,0x00000000ca680000)
 Metaspace       used 56871K, capacity 58346K, committed 58456K, reserved 1099776K
  class space    used 7660K, capacity 8038K, committed 8064K, reserved 1048576K
}
Event: 13.858 GC heap before
{Heap before GC invocations=11 (full 2):
 PSYoungGen      total 227328K, used 114039K [0x00000000eab00000, 0x00000000faa80000, 0x0000000100000000)
  eden space 205312K, 44% used [0x00000000eab00000,0x00000000f04dfe90,0x00000000f7380000)
  from space 22016K, 99% used [0x00000000f8f80000,0x00000000fa4fdf78,0x00000000fa500000)
  to   space 28160K, 0% used [0x00000000f7380000,0x00000000f7380000,0x00000000f8f00000)
 ParOldGen       total 170496K, used 35071K [0x00000000c0000000, 0x00000000ca680000, 0x00000000eab00000)
  object space 170496K, 20% used [0x00000000c0000000,0x00000000c223fcb0,0x00000000ca680000)
 Metaspace       used 57391K, capacity 58896K, committed 59028K, reserved 1099776K
  class space    used 7696K, capacity 8071K, committed 8192K, reserved 1048576K
Event: 13.885 GC heap after
Heap after GC invocations=11 (full 2):
 PSYoungGen      total 233472K, used 26099K [0x00000000eab00000, 0x00000000fe680000, 0x0000000100000000)
  eden space 205312K, 0% used [0x00000000eab00000,0x00000000eab00000,0x00000000f7380000)
  from space 28160K, 92% used [0x00000000f7380000,0x00000000f8cfcec0,0x00000000f8f00000)
  to   space 31744K, 0% used [0x00000000fc780000,0x00000000fc780000,0x00000000fe680000)
 ParOldGen       total 170496K, used 42811K [0x00000000c0000000, 0x00000000ca680000, 0x00000000eab00000)
  object space 170496K, 25% used [0x00000000c0000000,0x00000000c29cee18,0x00000000ca680000)
 Metaspace       used 57391K, capacity 58896K, committed 59028K, reserved 1099776K
  class space    used 7696K, capacity 8071K, committed 8192K, reserved 1048576K
}
Event: 13.885 GC heap before
{Heap before GC invocations=12 (full 3):
 PSYoungGen      total 233472K, used 26099K [0x00000000eab00000, 0x00000000fe680000, 0x0000000100000000)
  eden space 205312K, 0% used [0x00000000eab00000,0x00000000eab00000,0x00000000f7380000)
  from space 28160K, 92% used [0x00000000f7380000,0x00000000f8cfcec0,0x00000000f8f00000)
  to   space 31744K, 0% used [0x00000000fc780000,0x00000000fc780000,0x00000000fe680000)
 ParOldGen       total 170496K, used 42811K [0x00000000c0000000, 0x00000000ca680000, 0x00000000eab00000)
  object space 170496K, 25% used [0x00000000c0000000,0x00000000c29cee18,0x00000000ca680000)
 Metaspace       used 57391K, capacity 58896K, committed 59028K, reserved 1099776K
  class space    used 7696K, capacity 8071K, committed 8192K, reserved 1048576K
Event: 14.111 GC heap after
Heap after GC invocations=12 (full 3):
 PSYoungGen      total 233472K, used 0K [0x00000000eab00000, 0x00000000fe680000, 0x0000000100000000)
  eden space 205312K, 0% used [0x00000000eab00000,0x00000000eab00000,0x00000000f7380000)
  from space 28160K, 0% used [0x00000000f7380000,0x00000000f7380000,0x00000000f8f00000)
  to   space 31744K, 0% used [0x00000000fc780000,0x00000000fc780000,0x00000000fe680000)
 ParOldGen       total 262144K, used 52064K [0x00000000c0000000, 0x00000000d0000000, 0x00000000eab00000)
  object space 262144K, 19% used [0x00000000c0000000,0x00000000c32d81f0,0x00000000d0000000)
 Metaspace       used 57391K, capacity 58896K, committed 59028K, reserved 1099776K
  class space    used 7696K, capacity 8071K, committed 8192K, reserved 1048576K
}

