# JRE version: OpenJDK Runtime Environment (8.0_202-b03) (build 1.8.0_202-release-1483-b03)
# Java VM: OpenJDK 64-Bit Server VM (25.202-b03 mixed mode windows-amd64 compressed oops)
Heap:
 PSYoungGen      total 203776K, used 69495K [0x00000000eab00000, 0x00000000faa80000, 0x0000000100000000)
  eden space 178176K, 31% used [0x00000000eab00000,0x00000000ee271948,0x00000000f5900000)
  from space 25600K, 49% used [0x00000000f5900000,0x00000000f656c328,0x00000000f7200000)
  to   space 24064K, 0% used [0x00000000f9300000,0x00000000f9300000,0x00000000faa80000)
 ParOldGen       total 265216K, used 45492K [0x00000000c0000000, 0x00000000d0300000, 0x00000000eab00000)
  object space 265216K, 17% used [0x00000000c0000000,0x00000000c2c6d198,0x00000000d0300000)
 Metaspace       used 63834K, capacity 66010K, committed 66196K, reserved 1105920K
  class space    used 8516K, capacity 9039K, committed 9108K, reserved 1048576K
GC Heap History (10 events):
Event: 9.302 GC heap before
{Heap before GC invocations=10 (full 2):
 PSYoungGen      total 108544K, used 106100K [0x00000000eab00000, 0x00000000f4880000, 0x0000000100000000)
  eden space 95744K, 100% used [0x00000000eab00000,0x00000000f0880000,0x00000000f0880000)
  from space 12800K, 80% used [0x00000000f0880000,0x00000000f129d2b8,0x00000000f1500000)
  to   space 12800K, 0% used [0x00000000f3c00000,0x00000000f3c00000,0x00000000f4880000)
 ParOldGen       total 174080K, used 18117K [0x00000000c0000000, 0x00000000caa00000, 0x00000000eab00000)
  object space 174080K, 10% used [0x00000000c0000000,0x00000000c11b1660,0x00000000caa00000)
 Metaspace       used 48608K, capacity 49652K, committed 49920K, reserved 1091584K
  class space    used 6568K, capacity 6881K, committed 6912K, reserved 1048576K
Event: 9.314 GC heap after
Heap after GC invocations=10 (full 2):
 PSYoungGen      total 145920K, used 12778K [0x00000000eab00000, 0x00000000f5100000, 0x0000000100000000)
  eden space 133120K, 0% used [0x00000000eab00000,0x00000000eab00000,0x00000000f2d00000)
  from space 12800K, 99% used [0x00000000f3c00000,0x00000000f487a960,0x00000000f4880000)
  to   space 15360K, 0% used [0x00000000f2d00000,0x00000000f2d00000,0x00000000f3c00000)
 ParOldGen       total 174080K, used 21246K [0x00000000c0000000, 0x00000000caa00000, 0x00000000eab00000)
  object space 174080K, 12% used [0x00000000c0000000,0x00000000c14bfb70,0x00000000caa00000)
 Metaspace       used 48608K, capacity 49652K, committed 49920K, reserved 1091584K
  class space    used 6568K, capacity 6881K, committed 6912K, reserved 1048576K
}
Event: 10.748 GC heap before
{Heap before GC invocations=11 (full 2):
 PSYoungGen      total 145920K, used 145898K [0x00000000eab00000, 0x00000000f5100000, 0x0000000100000000)
  eden space 133120K, 100% used [0x00000000eab00000,0x00000000f2d00000,0x00000000f2d00000)
  from space 12800K, 99% used [0x00000000f3c00000,0x00000000f487a960,0x00000000f4880000)
  to   space 15360K, 0% used [0x00000000f2d00000,0x00000000f2d00000,0x00000000f3c00000)
 ParOldGen       total 174080K, used 21246K [0x00000000c0000000, 0x00000000caa00000, 0x00000000eab00000)
  object space 174080K, 12% used [0x00000000c0000000,0x00000000c14bfb70,0x00000000caa00000)
 Metaspace       used 56445K, capacity 58168K, committed 58496K, reserved 1099776K
  class space    used 7747K, capacity 8196K, committed 8320K, reserved 1048576K
Event: 10.804 GC heap after
Heap after GC invocations=11 (full 2):
 PSYoungGen      total 148480K, used 15351K [0x00000000eab00000, 0x00000000f8600000, 0x0000000100000000)
  eden space 133120K, 0% used [0x00000000eab00000,0x00000000eab00000,0x00000000f2d00000)
  from space 15360K, 99% used [0x00000000f2d00000,0x00000000f3bfdf08,0x00000000f3c00000)
  to   space 20480K, 0% used [0x00000000f7200000,0x00000000f7200000,0x00000000f8600000)
 ParOldGen       total 174080K, used 29247K [0x00000000c0000000, 0x00000000caa00000, 0x00000000eab00000)
  object space 174080K, 16% used [0x00000000c0000000,0x00000000c1c8ff78,0x00000000caa00000)
 Metaspace       used 56445K, capacity 58168K, committed 58496K, reserved 1099776K
  class space    used 7747K, capacity 8196K, committed 8320K, reserved 1048576K
}
Event: 11.625 GC heap before
{Heap before GC invocations=12 (full 2):
 PSYoungGen      total 148480K, used 120399K [0x00000000eab00000, 0x00000000f8600000, 0x0000000100000000)
  eden space 133120K, 78% used [0x00000000eab00000,0x00000000f1196030,0x00000000f2d00000)
  from space 15360K, 99% used [0x00000000f2d00000,0x00000000f3bfdf08,0x00000000f3c00000)
  to   space 20480K, 0% used [0x00000000f7200000,0x00000000f7200000,0x00000000f8600000)
 ParOldGen       total 174080K, used 29247K [0x00000000c0000000, 0x00000000caa00000, 0x00000000eab00000)
  object space 174080K, 16% used [0x00000000c0000000,0x00000000c1c8ff78,0x00000000caa00000)
 Metaspace       used 57109K, capacity 58966K, committed 59028K, reserved 1099776K
  class space    used 7858K, capacity 8323K, committed 8340K, reserved 1048576K
Event: 11.661 GC heap after
Heap after GC invocations=12 (full 2):
 PSYoungGen      total 198656K, used 20455K [0x00000000eab00000, 0x00000000f9600000, 0x0000000100000000)
  eden space 178176K, 0% used [0x00000000eab00000,0x00000000eab00000,0x00000000f5900000)
  from space 20480K, 99% used [0x00000000f7200000,0x00000000f85f9f18,0x00000000f8600000)
  to   space 25600K, 0% used [0x00000000f5900000,0x00000000f5900000,0x00000000f7200000)
 ParOldGen       total 174080K, used 36632K [0x00000000c0000000, 0x00000000caa00000, 0x00000000eab00000)
  object space 174080K, 21% used [0x00000000c0000000,0x00000000c23c62a8,0x00000000caa00000)
 Metaspace       used 57109K, capacity 58966K, committed 59028K, reserved 1099776K
  class space    used 7858K, capacity 8323K, committed 8340K, reserved 1048576K
}
Event: 11.661 GC heap before
{Heap before GC invocations=13 (full 3):
 PSYoungGen      total 198656K, used 20455K [0x00000000eab00000, 0x00000000f9600000, 0x0000000100000000)
  eden space 178176K, 0% used [0x00000000eab00000,0x00000000eab00000,0x00000000f5900000)
  from space 20480K, 99% used [0x00000000f7200000,0x00000000f85f9f18,0x00000000f8600000)
  to   space 25600K, 0% used [0x00000000f5900000,0x00000000f5900000,0x00000000f7200000)
 ParOldGen       total 174080K, used 36632K [0x00000000c0000000, 0x00000000caa00000, 0x00000000eab00000)
  object space 174080K, 21% used [0x00000000c0000000,0x00000000c23c62a8,0x00000000caa00000)
 Metaspace       used 57109K, capacity 58966K, committed 59028K, reserved 1099776K
  class space    used 7858K, capacity 8323K, committed 8340K, reserved 1048576K
Event: 12.094 GC heap after
Heap after GC invocations=13 (full 3):
 PSYoungGen      total 198656K, used 0K [0x00000000eab00000, 0x00000000f9600000, 0x0000000100000000)
  eden space 178176K, 0% used [0x00000000eab00000,0x00000000eab00000,0x00000000f5900000)
  from space 20480K, 0% used [0x00000000f7200000,0x00000000f7200000,0x00000000f8600000)
  to   space 25600K, 0% used [0x00000000f5900000,0x00000000f5900000,0x00000000f7200000)
 ParOldGen       total 265216K, used 45484K [0x00000000c0000000, 0x00000000d0300000, 0x00000000eab00000)
  object space 265216K, 17% used [0x00000000c0000000,0x00000000c2c6b198,0x00000000d0300000)
 Metaspace       used 57109K, capacity 58966K, committed 59028K, reserved 1099776K
  class space    used 7858K, capacity 8323K, committed 8340K, reserved 1048576K
}
Event: 17.208 GC heap before
{Heap before GC invocations=14 (full 3):
 PSYoungGen      total 198656K, used 178176K [0x00000000eab00000, 0x00000000f9600000, 0x0000000100000000)
  eden space 178176K, 100% used [0x00000000eab00000,0x00000000f5900000,0x00000000f5900000)
  from space 20480K, 0% used [0x00000000f7200000,0x00000000f7200000,0x00000000f8600000)
  to   space 25600K, 0% used [0x00000000f5900000,0x00000000f5900000,0x00000000f7200000)
 ParOldGen       total 265216K, used 45484K [0x00000000c0000000, 0x00000000d0300000, 0x00000000eab00000)
  object space 265216K, 17% used [0x00000000c0000000,0x00000000c2c6b198,0x00000000d0300000)
 Metaspace       used 63410K, capacity 65654K, committed 65940K, reserved 1105920K
  class space    used 8460K, capacity 8995K, committed 9108K, reserved 1048576K
Event: 17.219 GC heap after
Heap after GC invocations=14 (full 3):
 PSYoungGen      total 203776K, used 12720K [0x00000000eab00000, 0x00000000faa80000, 0x0000000100000000)
  eden space 178176K, 0% used [0x00000000eab00000,0x00000000eab00000,0x00000000f5900000)
  from space 25600K, 49% used [0x00000000f5900000,0x00000000f656c328,0x00000000f7200000)
  to   space 24064K, 0% used [0x00000000f9300000,0x00000000f9300000,0x00000000faa80000)
 ParOldGen       total 265216K, used 45492K [0x00000000c0000000, 0x00000000d0300000, 0x00000000eab00000)
  object space 265216K, 17% used [0x00000000c0000000,0x00000000c2c6d198,0x00000000d0300000)
 Metaspace       used 63410K, capacity 65654K, committed 65940K, reserved 1105920K
  class space    used 8460K, capacity 8995K, committed 9108K, reserved 1048576K
}

