# JRE version: OpenJDK Runtime Environment (8.0_202-b03) (build 1.8.0_202-release-1483-b03)
# Java VM: OpenJDK 64-Bit Server VM (25.202-b03 mixed mode windows-amd64 compressed oops)
Heap:
 PSYoungGen      total 293376K, used 225365K [0x00000000eab00000, 0x0000000100000000, 0x0000000100000000)
  eden space 237568K, 94% used [0x00000000eab00000,0x00000000f87157a8,0x00000000f9300000)
  from space 55808K, 0% used [0x00000000f9300000,0x00000000f9300000,0x00000000fc980000)
  to   space 55808K, 0% used [0x00000000fc980000,0x00000000fc980000,0x0000000100000000)
 ParOldGen       total 388096K, used 147271K [0x00000000c0000000, 0x00000000d7b00000, 0x00000000eab00000)
  object space 388096K, 37% used [0x00000000c0000000,0x00000000c8fd1fa0,0x00000000d7b00000)
 Metaspace       used 73324K, capacity 75741K, committed 76160K, reserved 1116160K
  class space    used 9488K, capacity 10018K, committed 10112K, reserved 1048576K
GC Heap History (10 events):
Event: 28.073 GC heap before
{Heap before GC invocations=15 (full 3):
 PSYoungGen      total 303616K, used 303578K [0x00000000eab00000, 0x0000000100000000, 0x0000000100000000)
  eden space 272384K, 100% used [0x00000000eab00000,0x00000000fb500000,0x00000000fb500000)
  from space 31232K, 99% used [0x00000000fb500000,0x00000000fd376bc8,0x00000000fd380000)
  to   space 41472K, 0% used [0x00000000fd780000,0x00000000fd780000,0x0000000100000000)
 ParOldGen       total 201728K, used 84551K [0x00000000c0000000, 0x00000000cc500000, 0x00000000eab00000)
  object space 201728K, 41% used [0x00000000c0000000,0x00000000c5291c60,0x00000000cc500000)
 Metaspace       used 64454K, capacity 66153K, committed 66304K, reserved 1105920K
  class space    used 8424K, capacity 8874K, committed 8960K, reserved 1048576K
Event: 28.134 GC heap after
Heap after GC invocations=15 (full 3):
 PSYoungGen      total 296448K, used 39124K [0x00000000eab00000, 0x0000000100000000, 0x0000000100000000)
  eden space 254976K, 0% used [0x00000000eab00000,0x00000000eab00000,0x00000000fa400000)
  from space 41472K, 94% used [0x00000000fd780000,0x00000000ffdb5068,0x0000000100000000)
  to   space 47104K, 0% used [0x00000000fa400000,0x00000000fa400000,0x00000000fd200000)
 ParOldGen       total 201728K, used 84559K [0x00000000c0000000, 0x00000000cc500000, 0x00000000eab00000)
  object space 201728K, 41% used [0x00000000c0000000,0x00000000c5293c60,0x00000000cc500000)
 Metaspace       used 64454K, capacity 66153K, committed 66304K, reserved 1105920K
  class space    used 8424K, capacity 8874K, committed 8960K, reserved 1048576K
}
Event: 35.385 GC heap before
{Heap before GC invocations=16 (full 3):
 PSYoungGen      total 296448K, used 294100K [0x00000000eab00000, 0x0000000100000000, 0x0000000100000000)
  eden space 254976K, 100% used [0x00000000eab00000,0x00000000fa400000,0x00000000fa400000)
  from space 41472K, 94% used [0x00000000fd780000,0x00000000ffdb5068,0x0000000100000000)
  to   space 47104K, 0% used [0x00000000fa400000,0x00000000fa400000,0x00000000fd200000)
 ParOldGen       total 201728K, used 84559K [0x00000000c0000000, 0x00000000cc500000, 0x00000000eab00000)
  object space 201728K, 41% used [0x00000000c0000000,0x00000000c5293c60,0x00000000cc500000)
 Metaspace       used 64757K, capacity 66441K, committed 66560K, reserved 1107968K
  class space    used 8449K, capacity 8906K, committed 8960K, reserved 1048576K
Event: 35.431 GC heap after
Heap after GC invocations=16 (full 3):
 PSYoungGen      total 302080K, used 47090K [0x00000000eab00000, 0x0000000100000000, 0x0000000100000000)
  eden space 254976K, 0% used [0x00000000eab00000,0x00000000eab00000,0x00000000fa400000)
  from space 47104K, 99% used [0x00000000fa400000,0x00000000fd1fcba0,0x00000000fd200000)
  to   space 47104K, 0% used [0x00000000fd200000,0x00000000fd200000,0x0000000100000000)
 ParOldGen       total 201728K, used 88090K [0x00000000c0000000, 0x00000000cc500000, 0x00000000eab00000)
  object space 201728K, 43% used [0x00000000c0000000,0x00000000c5606a08,0x00000000cc500000)
 Metaspace       used 64757K, capacity 66441K, committed 66560K, reserved 1107968K
  class space    used 8449K, capacity 8906K, committed 8960K, reserved 1048576K
}
Event: 43.051 GC heap before
{Heap before GC invocations=17 (full 3):
 PSYoungGen      total 302080K, used 302066K [0x00000000eab00000, 0x0000000100000000, 0x0000000100000000)
  eden space 254976K, 100% used [0x00000000eab00000,0x00000000fa400000,0x00000000fa400000)
  from space 47104K, 99% used [0x00000000fa400000,0x00000000fd1fcba0,0x00000000fd200000)
  to   space 47104K, 0% used [0x00000000fd200000,0x00000000fd200000,0x0000000100000000)
 ParOldGen       total 201728K, used 88090K [0x00000000c0000000, 0x00000000cc500000, 0x00000000eab00000)
  object space 201728K, 43% used [0x00000000c0000000,0x00000000c5606a08,0x00000000cc500000)
 Metaspace       used 72716K, capacity 75059K, committed 75264K, reserved 1114112K
  class space    used 9431K, capacity 9951K, committed 9984K, reserved 1048576K
Event: 43.131 GC heap after
Heap after GC invocations=17 (full 3):
 PSYoungGen      total 284672K, used 33382K [0x00000000eab00000, 0x0000000100000000, 0x0000000100000000)
  eden space 237568K, 0% used [0x00000000eab00000,0x00000000eab00000,0x00000000f9300000)
  from space 47104K, 70% used [0x00000000fd200000,0x00000000ff299848,0x0000000100000000)
  to   space 55808K, 0% used [0x00000000f9300000,0x00000000f9300000,0x00000000fc980000)
 ParOldGen       total 201728K, used 117834K [0x00000000c0000000, 0x00000000cc500000, 0x00000000eab00000)
  object space 201728K, 58% used [0x00000000c0000000,0x00000000c7312860,0x00000000cc500000)
 Metaspace       used 72716K, capacity 75059K, committed 75264K, reserved 1114112K
  class space    used 9431K, capacity 9951K, committed 9984K, reserved 1048576K
}
Event: 44.561 GC heap before
{Heap before GC invocations=18 (full 3):
 PSYoungGen      total 284672K, used 270950K [0x00000000eab00000, 0x0000000100000000, 0x0000000100000000)
  eden space 237568K, 100% used [0x00000000eab00000,0x00000000f9300000,0x00000000f9300000)
  from space 47104K, 70% used [0x00000000fd200000,0x00000000ff299848,0x0000000100000000)
  to   space 55808K, 0% used [0x00000000f9300000,0x00000000f9300000,0x00000000fc980000)
 ParOldGen       total 201728K, used 117834K [0x00000000c0000000, 0x00000000cc500000, 0x00000000eab00000)
  object space 201728K, 58% used [0x00000000c0000000,0x00000000c7312860,0x00000000cc500000)
 Metaspace       used 73345K, capacity 75791K, committed 75904K, reserved 1116160K
  class space    used 9503K, capacity 10045K, committed 10112K, reserved 1048576K
Event: 44.658 GC heap after
Heap after GC invocations=18 (full 3):
 PSYoungGen      total 293376K, used 55788K [0x00000000eab00000, 0x0000000100000000, 0x0000000100000000)
  eden space 237568K, 0% used [0x00000000eab00000,0x00000000eab00000,0x00000000f9300000)
  from space 55808K, 99% used [0x00000000f9300000,0x00000000fc97b318,0x00000000fc980000)
  to   space 55808K, 0% used [0x00000000fc980000,0x00000000fc980000,0x0000000100000000)
 ParOldGen       total 201728K, used 171294K [0x00000000c0000000, 0x00000000cc500000, 0x00000000eab00000)
  object space 201728K, 84% used [0x00000000c0000000,0x00000000ca747b80,0x00000000cc500000)
 Metaspace       used 73345K, capacity 75791K, committed 75904K, reserved 1116160K
  class space    used 9503K, capacity 10045K, committed 10112K, reserved 1048576K
}
Event: 44.658 GC heap before
{Heap before GC invocations=19 (full 4):
 PSYoungGen      total 293376K, used 55788K [0x00000000eab00000, 0x0000000100000000, 0x0000000100000000)
  eden space 237568K, 0% used [0x00000000eab00000,0x00000000eab00000,0x00000000f9300000)
  from space 55808K, 99% used [0x00000000f9300000,0x00000000fc97b318,0x00000000fc980000)
  to   space 55808K, 0% used [0x00000000fc980000,0x00000000fc980000,0x0000000100000000)
 ParOldGen       total 201728K, used 171294K [0x00000000c0000000, 0x00000000cc500000, 0x00000000eab00000)
  object space 201728K, 84% used [0x00000000c0000000,0x00000000ca747b80,0x00000000cc500000)
 Metaspace       used 73345K, capacity 75791K, committed 75904K, reserved 1116160K
  class space    used 9503K, capacity 10045K, committed 10112K, reserved 1048576K
Event: 44.952 GC heap after
Heap after GC invocations=19 (full 4):
 PSYoungGen      total 293376K, used 0K [0x00000000eab00000, 0x0000000100000000, 0x0000000100000000)
  eden space 237568K, 0% used [0x00000000eab00000,0x00000000eab00000,0x00000000f9300000)
  from space 55808K, 0% used [0x00000000f9300000,0x00000000f9300000,0x00000000fc980000)
  to   space 55808K, 0% used [0x00000000fc980000,0x00000000fc980000,0x0000000100000000)
 ParOldGen       total 388096K, used 147271K [0x00000000c0000000, 0x00000000d7b00000, 0x00000000eab00000)
  object space 388096K, 37% used [0x00000000c0000000,0x00000000c8fd1fa0,0x00000000d7b00000)
 Metaspace       used 73293K, capacity 75643K, committed 75904K, reserved 1116160K
  class space    used 9485K, capacity 10013K, committed 10112K, reserved 1048576K
}

