# JRE version: OpenJDK Runtime Environment (8.0_202-b03) (build 1.8.0_202-release-1483-b03)
# Java VM: OpenJDK 64-Bit Server VM (25.202-b03 mixed mode windows-amd64 compressed oops)
Heap:
 PSYoungGen      total 250368K, used 74650K [0x00000000eab00000, 0x0000000100000000, 0x0000000100000000)
  eden space 152576K, 49% used [0x00000000eab00000,0x00000000ef465a78,0x00000000f4000000)
  from space 97792K, 0% used [0x00000000fa080000,0x00000000fa080000,0x0000000100000000)
  to   space 98304K, 0% used [0x00000000f4000000,0x00000000f4000000,0x00000000fa000000)
 ParOldGen       total 510976K, used 169833K [0x00000000c0000000, 0x00000000df300000, 0x00000000eab00000)
  object space 510976K, 33% used [0x00000000c0000000,0x00000000ca5da690,0x00000000df300000)
 Metaspace       used 74536K, capacity 77362K, committed 77952K, reserved 1116160K
  class space    used 9637K, capacity 10254K, committed 10368K, reserved 1048576K
GC Heap History (10 events):
Event: 88.183 GC heap before
{Heap before GC invocations=29 (full 4):
 PSYoungGen      total 241664K, used 153886K [0x00000000eab00000, 0x00000000ffb00000, 0x0000000100000000)
  eden space 149504K, 100% used [0x00000000eab00000,0x00000000f3d00000,0x00000000f3d00000)
  from space 92160K, 4% used [0x00000000fa100000,0x00000000fa547b58,0x00000000ffb00000)
  to   space 97280K, 0% used [0x00000000f3d00000,0x00000000f3d00000,0x00000000f9c00000)
 ParOldGen       total 287232K, used 214650K [0x00000000c0000000, 0x00000000d1880000, 0x00000000eab00000)
  object space 287232K, 74% used [0x00000000c0000000,0x00000000cd19eba8,0x00000000d1880000)
 Metaspace       used 73716K, capacity 76440K, committed 77184K, reserved 1116160K
  class space    used 9527K, capacity 10131K, committed 10368K, reserved 1048576K
Event: 88.193 GC heap after
Heap after GC invocations=29 (full 4):
 PSYoungGen      total 246784K, used 128K [0x00000000eab00000, 0x0000000100000000, 0x0000000100000000)
  eden space 149504K, 0% used [0x00000000eab00000,0x00000000eab00000,0x00000000f3d00000)
  from space 97280K, 0% used [0x00000000f3d00000,0x00000000f3d20000,0x00000000f9c00000)
  to   space 97280K, 0% used [0x00000000fa100000,0x00000000fa100000,0x0000000100000000)
 ParOldGen       total 287232K, used 218710K [0x00000000c0000000, 0x00000000d1880000, 0x00000000eab00000)
  object space 287232K, 76% used [0x00000000c0000000,0x00000000cd595a50,0x00000000d1880000)
 Metaspace       used 73716K, capacity 76440K, committed 77184K, reserved 1116160K
  class space    used 9527K, capacity 10131K, committed 10368K, reserved 1048576K
}
Event: 88.395 GC heap before
{Heap before GC invocations=30 (full 4):
 PSYoungGen      total 246784K, used 149632K [0x00000000eab00000, 0x0000000100000000, 0x0000000100000000)
  eden space 149504K, 100% used [0x00000000eab00000,0x00000000f3d00000,0x00000000f3d00000)
  from space 97280K, 0% used [0x00000000f3d00000,0x00000000f3d20000,0x00000000f9c00000)
  to   space 97280K, 0% used [0x00000000fa100000,0x00000000fa100000,0x0000000100000000)
 ParOldGen       total 287232K, used 218710K [0x00000000c0000000, 0x00000000d1880000, 0x00000000eab00000)
  object space 287232K, 76% used [0x00000000c0000000,0x00000000cd595a50,0x00000000d1880000)
 Metaspace       used 73716K, capacity 76440K, committed 77184K, reserved 1116160K
  class space    used 9527K, capacity 10131K, committed 10368K, reserved 1048576K
Event: 88.400 GC heap after
Heap after GC invocations=30 (full 4):
 PSYoungGen      total 249856K, used 160K [0x00000000eab00000, 0x00000000ffe00000, 0x0000000100000000)
  eden space 154624K, 0% used [0x00000000eab00000,0x00000000eab00000,0x00000000f4200000)
  from space 95232K, 0% used [0x00000000fa100000,0x00000000fa128000,0x00000000ffe00000)
  to   space 96256K, 0% used [0x00000000f4200000,0x00000000f4200000,0x00000000fa000000)
 ParOldGen       total 287232K, used 218750K [0x00000000c0000000, 0x00000000d1880000, 0x00000000eab00000)
  object space 287232K, 76% used [0x00000000c0000000,0x00000000cd59fa50,0x00000000d1880000)
 Metaspace       used 73716K, capacity 76440K, committed 77184K, reserved 1116160K
  class space    used 9527K, capacity 10131K, committed 10368K, reserved 1048576K
}
Event: 109.774 GC heap before
{Heap before GC invocations=31 (full 4):
 PSYoungGen      total 249856K, used 154784K [0x00000000eab00000, 0x00000000ffe00000, 0x0000000100000000)
  eden space 154624K, 100% used [0x00000000eab00000,0x00000000f4200000,0x00000000f4200000)
  from space 95232K, 0% used [0x00000000fa100000,0x00000000fa128000,0x00000000ffe00000)
  to   space 96256K, 0% used [0x00000000f4200000,0x00000000f4200000,0x00000000fa000000)
 ParOldGen       total 287232K, used 218750K [0x00000000c0000000, 0x00000000d1880000, 0x00000000eab00000)
  object space 287232K, 76% used [0x00000000c0000000,0x00000000cd59fa50,0x00000000d1880000)
 Metaspace       used 73952K, capacity 76644K, committed 77440K, reserved 1116160K
  class space    used 9553K, capacity 10147K, committed 10368K, reserved 1048576K
Event: 109.786 GC heap after
Heap after GC invocations=31 (full 4):
 PSYoungGen      total 250880K, used 52086K [0x00000000eab00000, 0x0000000100000000, 0x0000000100000000)
  eden space 154624K, 0% used [0x00000000eab00000,0x00000000eab00000,0x00000000f4200000)
  from space 96256K, 54% used [0x00000000f4200000,0x00000000f74dd938,0x00000000fa000000)
  to   space 97792K, 0% used [0x00000000fa080000,0x00000000fa080000,0x0000000100000000)
 ParOldGen       total 287232K, used 218774K [0x00000000c0000000, 0x00000000d1880000, 0x00000000eab00000)
  object space 287232K, 76% used [0x00000000c0000000,0x00000000cd5a5a50,0x00000000d1880000)
 Metaspace       used 73952K, capacity 76644K, committed 77440K, reserved 1116160K
  class space    used 9553K, capacity 10147K, committed 10368K, reserved 1048576K
}
Event: 110.218 GC heap before
{Heap before GC invocations=32 (full 4):
 PSYoungGen      total 250880K, used 206710K [0x00000000eab00000, 0x0000000100000000, 0x0000000100000000)
  eden space 154624K, 100% used [0x00000000eab00000,0x00000000f4200000,0x00000000f4200000)
  from space 96256K, 54% used [0x00000000f4200000,0x00000000f74dd938,0x00000000fa000000)
  to   space 97792K, 0% used [0x00000000fa080000,0x00000000fa080000,0x0000000100000000)
 ParOldGen       total 287232K, used 218774K [0x00000000c0000000, 0x00000000d1880000, 0x00000000eab00000)
  object space 287232K, 76% used [0x00000000c0000000,0x00000000cd5a5a50,0x00000000d1880000)
 Metaspace       used 73979K, capacity 76714K, committed 77440K, reserved 1116160K
  class space    used 9556K, capacity 10148K, committed 10368K, reserved 1048576K
Event: 110.257 GC heap after
Heap after GC invocations=32 (full 4):
 PSYoungGen      total 250368K, used 50814K [0x00000000eab00000, 0x0000000100000000, 0x0000000100000000)
  eden space 152576K, 0% used [0x00000000eab00000,0x00000000eab00000,0x00000000f4000000)
  from space 97792K, 51% used [0x00000000fa080000,0x00000000fd21faa0,0x0000000100000000)
  to   space 98304K, 0% used [0x00000000f4000000,0x00000000f4000000,0x00000000fa000000)
 ParOldGen       total 287232K, used 265614K [0x00000000c0000000, 0x00000000d1880000, 0x00000000eab00000)
  object space 287232K, 92% used [0x00000000c0000000,0x00000000d0363928,0x00000000d1880000)
 Metaspace       used 73979K, capacity 76714K, committed 77440K, reserved 1116160K
  class space    used 9556K, capacity 10148K, committed 10368K, reserved 1048576K
}
Event: 110.257 GC heap before
{Heap before GC invocations=33 (full 5):
 PSYoungGen      total 250368K, used 50814K [0x00000000eab00000, 0x0000000100000000, 0x0000000100000000)
  eden space 152576K, 0% used [0x00000000eab00000,0x00000000eab00000,0x00000000f4000000)
  from space 97792K, 51% used [0x00000000fa080000,0x00000000fd21faa0,0x0000000100000000)
  to   space 98304K, 0% used [0x00000000f4000000,0x00000000f4000000,0x00000000fa000000)
 ParOldGen       total 287232K, used 265614K [0x00000000c0000000, 0x00000000d1880000, 0x00000000eab00000)
  object space 287232K, 92% used [0x00000000c0000000,0x00000000d0363928,0x00000000d1880000)
 Metaspace       used 73979K, capacity 76714K, committed 77440K, reserved 1116160K
  class space    used 9556K, capacity 10148K, committed 10368K, reserved 1048576K
Event: 110.770 GC heap after
Heap after GC invocations=33 (full 5):
 PSYoungGen      total 250368K, used 0K [0x00000000eab00000, 0x0000000100000000, 0x0000000100000000)
  eden space 152576K, 0% used [0x00000000eab00000,0x00000000eab00000,0x00000000f4000000)
  from space 97792K, 0% used [0x00000000fa080000,0x00000000fa080000,0x0000000100000000)
  to   space 98304K, 0% used [0x00000000f4000000,0x00000000f4000000,0x00000000fa000000)
 ParOldGen       total 510976K, used 169833K [0x00000000c0000000, 0x00000000df300000, 0x00000000eab00000)
  object space 510976K, 33% used [0x00000000c0000000,0x00000000ca5da690,0x00000000df300000)
 Metaspace       used 73979K, capacity 76714K, committed 77440K, reserved 1116160K
  class space    used 9556K, capacity 10148K, committed 10368K, reserved 1048576K
}

