# JRE version: OpenJDK Runtime Environment (8.0_202-b03) (build 1.8.0_202-release-1483-b03)
# Java VM: OpenJDK 64-Bit Server VM (25.202-b03 mixed mode windows-amd64 compressed oops)
Heap:
 PSYoungGen      total 270336K, used 161575K [0x00000000eab00000, 0x00000000fcc00000, 0x0000000100000000)
  eden space 253952K, 57% used [0x00000000eab00000,0x00000000f38cbc28,0x00000000fa300000)
  from space 16384K, 99% used [0x00000000fb780000,0x00000000fc77e118,0x00000000fc780000)
  to   space 20992K, 0% used [0x00000000fa300000,0x00000000fa300000,0x00000000fb780000)
 ParOldGen       total 125440K, used 73979K [0x00000000c0000000, 0x00000000c7a80000, 0x00000000eab00000)
  object space 125440K, 58% used [0x00000000c0000000,0x00000000c483ec60,0x00000000c7a80000)
 Metaspace       used 63632K, capacity 65274K, committed 65408K, reserved 1105920K
  class space    used 8420K, capacity 8812K, committed 8832K, reserved 1048576K
GC Heap History (10 events):
Event: 5.191 GC heap before
{Heap before GC invocations=9 (full 2):
 PSYoungGen      total 154112K, used 140288K [0x00000000eab00000, 0x00000000fb000000, 0x0000000100000000)
  eden space 140288K, 100% used [0x00000000eab00000,0x00000000f3400000,0x00000000f3400000)
  from space 13824K, 0% used [0x00000000f4180000,0x00000000f4180000,0x00000000f4f00000)
  to   space 13824K, 0% used [0x00000000f3400000,0x00000000f3400000,0x00000000f4180000)
 ParOldGen       total 125440K, used 13740K [0x00000000c0000000, 0x00000000c7a80000, 0x00000000eab00000)
  object space 125440K, 10% used [0x00000000c0000000,0x00000000c0d6b1b8,0x00000000c7a80000)
 Metaspace       used 43373K, capacity 44100K, committed 44288K, reserved 1087488K
  class space    used 5876K, capacity 6127K, committed 6144K, reserved 1048576K
Event: 5.206 GC heap after
Heap after GC invocations=9 (full 2):
 PSYoungGen      total 154112K, used 13817K [0x00000000eab00000, 0x00000000fc780000, 0x0000000100000000)
  eden space 140288K, 0% used [0x00000000eab00000,0x00000000eab00000,0x00000000f3400000)
  from space 13824K, 99% used [0x00000000f3400000,0x00000000f417e6a8,0x00000000f4180000)
  to   space 16384K, 0% used [0x00000000fb780000,0x00000000fb780000,0x00000000fc780000)
 ParOldGen       total 125440K, used 15923K [0x00000000c0000000, 0x00000000c7a80000, 0x00000000eab00000)
  object space 125440K, 12% used [0x00000000c0000000,0x00000000c0f8ce40,0x00000000c7a80000)
 Metaspace       used 43373K, capacity 44100K, committed 44288K, reserved 1087488K
  class space    used 5876K, capacity 6127K, committed 6144K, reserved 1048576K
}
Event: 6.607 GC heap before
{Heap before GC invocations=10 (full 2):
 PSYoungGen      total 154112K, used 154105K [0x00000000eab00000, 0x00000000fc780000, 0x0000000100000000)
  eden space 140288K, 100% used [0x00000000eab00000,0x00000000f3400000,0x00000000f3400000)
  from space 13824K, 99% used [0x00000000f3400000,0x00000000f417e6a8,0x00000000f4180000)
  to   space 16384K, 0% used [0x00000000fb780000,0x00000000fb780000,0x00000000fc780000)
 ParOldGen       total 125440K, used 15923K [0x00000000c0000000, 0x00000000c7a80000, 0x00000000eab00000)
  object space 125440K, 12% used [0x00000000c0000000,0x00000000c0f8ce40,0x00000000c7a80000)
 Metaspace       used 54236K, capacity 55694K, committed 55936K, reserved 1097728K
  class space    used 7394K, capacity 7778K, committed 7808K, reserved 1048576K
Event: 6.625 GC heap after
Heap after GC invocations=10 (full 2):
 PSYoungGen      total 270336K, used 16370K [0x00000000eab00000, 0x00000000fcc00000, 0x0000000100000000)
  eden space 253952K, 0% used [0x00000000eab00000,0x00000000eab00000,0x00000000fa300000)
  from space 16384K, 99% used [0x00000000fb780000,0x00000000fc77cba0,0x00000000fc780000)
  to   space 20992K, 0% used [0x00000000fa300000,0x00000000fa300000,0x00000000fb780000)
 ParOldGen       total 125440K, used 22056K [0x00000000c0000000, 0x00000000c7a80000, 0x00000000eab00000)
  object space 125440K, 17% used [0x00000000c0000000,0x00000000c158a1e0,0x00000000c7a80000)
 Metaspace       used 54236K, capacity 55694K, committed 55936K, reserved 1097728K
  class space    used 7394K, capacity 7778K, committed 7808K, reserved 1048576K
}
Event: 9.091 GC heap before
{Heap before GC invocations=11 (full 2):
 PSYoungGen      total 270336K, used 229175K [0x00000000eab00000, 0x00000000fcc00000, 0x0000000100000000)
  eden space 253952K, 83% used [0x00000000eab00000,0x00000000f7ad1260,0x00000000fa300000)
  from space 16384K, 99% used [0x00000000fb780000,0x00000000fc77cba0,0x00000000fc780000)
  to   space 20992K, 0% used [0x00000000fa300000,0x00000000fa300000,0x00000000fb780000)
 ParOldGen       total 125440K, used 22056K [0x00000000c0000000, 0x00000000c7a80000, 0x00000000eab00000)
  object space 125440K, 17% used [0x00000000c0000000,0x00000000c158a1e0,0x00000000c7a80000)
 Metaspace       used 57416K, capacity 58952K, committed 59028K, reserved 1099776K
  class space    used 7733K, capacity 8119K, committed 8192K, reserved 1048576K
Event: 9.113 GC heap after
Heap after GC invocations=11 (full 2):
 PSYoungGen      total 274944K, used 20991K [0x00000000eab00000, 0x00000000fcc00000, 0x0000000100000000)
  eden space 253952K, 0% used [0x00000000eab00000,0x00000000eab00000,0x00000000fa300000)
  from space 20992K, 99% used [0x00000000fa300000,0x00000000fb77ffb8,0x00000000fb780000)
  to   space 16384K, 0% used [0x00000000fb780000,0x00000000fb780000,0x00000000fc780000)
 ParOldGen       total 125440K, used 26714K [0x00000000c0000000, 0x00000000c7a80000, 0x00000000eab00000)
  object space 125440K, 21% used [0x00000000c0000000,0x00000000c1a168e0,0x00000000c7a80000)
 Metaspace       used 57416K, capacity 58952K, committed 59028K, reserved 1099776K
  class space    used 7733K, capacity 8119K, committed 8192K, reserved 1048576K
}
Event: 9.113 GC heap before
{Heap before GC invocations=12 (full 3):
 PSYoungGen      total 274944K, used 20991K [0x00000000eab00000, 0x00000000fcc00000, 0x0000000100000000)
  eden space 253952K, 0% used [0x00000000eab00000,0x00000000eab00000,0x00000000fa300000)
  from space 20992K, 99% used [0x00000000fa300000,0x00000000fb77ffb8,0x00000000fb780000)
  to   space 16384K, 0% used [0x00000000fb780000,0x00000000fb780000,0x00000000fc780000)
 ParOldGen       total 125440K, used 26714K [0x00000000c0000000, 0x00000000c7a80000, 0x00000000eab00000)
  object space 125440K, 21% used [0x00000000c0000000,0x00000000c1a168e0,0x00000000c7a80000)
 Metaspace       used 57416K, capacity 58952K, committed 59028K, reserved 1099776K
  class space    used 7733K, capacity 8119K, committed 8192K, reserved 1048576K
Event: 9.345 GC heap after
Heap after GC invocations=12 (full 3):
 PSYoungGen      total 274944K, used 0K [0x00000000eab00000, 0x00000000fcc00000, 0x0000000100000000)
  eden space 253952K, 0% used [0x00000000eab00000,0x00000000eab00000,0x00000000fa300000)
  from space 20992K, 0% used [0x00000000fa300000,0x00000000fa300000,0x00000000fb780000)
  to   space 16384K, 0% used [0x00000000fb780000,0x00000000fb780000,0x00000000fc780000)
 ParOldGen       total 125440K, used 38614K [0x00000000c0000000, 0x00000000c7a80000, 0x00000000eab00000)
  object space 125440K, 30% used [0x00000000c0000000,0x00000000c25b59e8,0x00000000c7a80000)
 Metaspace       used 57416K, capacity 58952K, committed 59028K, reserved 1099776K
  class space    used 7733K, capacity 8119K, committed 8192K, reserved 1048576K
}
Event: 20.030 GC heap before
{Heap before GC invocations=13 (full 3):
 PSYoungGen      total 274944K, used 253883K [0x00000000eab00000, 0x00000000fcc00000, 0x0000000100000000)
  eden space 253952K, 99% used [0x00000000eab00000,0x00000000fa2eed48,0x00000000fa300000)
  from space 20992K, 0% used [0x00000000fa300000,0x00000000fa300000,0x00000000fb780000)
  to   space 16384K, 0% used [0x00000000fb780000,0x00000000fb780000,0x00000000fc780000)
 ParOldGen       total 125440K, used 38614K [0x00000000c0000000, 0x00000000c7a80000, 0x00000000eab00000)
  object space 125440K, 30% used [0x00000000c0000000,0x00000000c25b59e8,0x00000000c7a80000)
 Metaspace       used 62488K, capacity 64122K, committed 64384K, reserved 1105920K
  class space    used 8350K, capacity 8748K, committed 8832K, reserved 1048576K
Event: 20.071 GC heap after
Heap after GC invocations=13 (full 3):
 PSYoungGen      total 270336K, used 16376K [0x00000000eab00000, 0x00000000fcc00000, 0x0000000100000000)
  eden space 253952K, 0% used [0x00000000eab00000,0x00000000eab00000,0x00000000fa300000)
  from space 16384K, 99% used [0x00000000fb780000,0x00000000fc77e118,0x00000000fc780000)
  to   space 20992K, 0% used [0x00000000fa300000,0x00000000fa300000,0x00000000fb780000)
 ParOldGen       total 125440K, used 73979K [0x00000000c0000000, 0x00000000c7a80000, 0x00000000eab00000)
  object space 125440K, 58% used [0x00000000c0000000,0x00000000c483ec60,0x00000000c7a80000)
 Metaspace       used 62488K, capacity 64122K, committed 64384K, reserved 1105920K
  class space    used 8350K, capacity 8748K, committed 8832K, reserved 1048576K
}

