# JRE version: OpenJDK Runtime Environment (8.0_202-b03) (build 1.8.0_202-release-1483-b03)
# Java VM: OpenJDK 64-Bit Server VM (25.202-b03 mixed mode windows-amd64 compressed oops)
Heap:
 PSYoungGen      total 104960K, used 28024K [0x00000000eab00000, 0x00000000f4480000, 0x0000000100000000)
  eden space 93184K, 18% used [0x00000000eab00000,0x00000000ebbc8698,0x00000000f0600000)
  from space 11776K, 92% used [0x00000000f0600000,0x00000000f1095980,0x00000000f1180000)
  to   space 12288K, 0% used [0x00000000f3880000,0x00000000f3880000,0x00000000f4480000)
 ParOldGen       total 107008K, used 16976K [0x00000000c0000000, 0x00000000c6880000, 0x00000000eab00000)
  object space 107008K, 15% used [0x00000000c0000000,0x00000000c10942b8,0x00000000c6880000)
 Metaspace       used 41745K, capacity 42610K, committed 42880K, reserved 1085440K
  class space    used 5621K, capacity 5890K, committed 6016K, reserved 1048576K
GC Heap History (10 events):
Event: 15.407 GC heap before
{Heap before GC invocations=5 (full 1):
 PSYoungGen      total 75776K, used 65024K [0x00000000eab00000, 0x00000000eff80000, 0x0000000100000000)
  eden space 65024K, 100% used [0x00000000eab00000,0x00000000eea80000,0x00000000eea80000)
  from space 10752K, 0% used [0x00000000eea80000,0x00000000eea80000,0x00000000ef500000)
  to   space 10752K, 0% used [0x00000000ef500000,0x00000000ef500000,0x00000000eff80000)
 ParOldGen       total 107008K, used 8855K [0x00000000c0000000, 0x00000000c6880000, 0x00000000eab00000)
  object space 107008K, 8% used [0x00000000c0000000,0x00000000c08a5f60,0x00000000c6880000)
 Metaspace       used 26604K, capacity 27030K, committed 27136K, reserved 1073152K
  class space    used 3635K, capacity 3797K, committed 3840K, reserved 1048576K
Event: 15.419 GC heap after
Heap after GC invocations=5 (full 1):
 PSYoungGen      total 75776K, used 6985K [0x00000000eab00000, 0x00000000f1d80000, 0x0000000100000000)
  eden space 65024K, 0% used [0x00000000eab00000,0x00000000eab00000,0x00000000eea80000)
  from space 10752K, 64% used [0x00000000ef500000,0x00000000efbd27f0,0x00000000eff80000)
  to   space 10752K, 0% used [0x00000000eea80000,0x00000000eea80000,0x00000000ef500000)
 ParOldGen       total 107008K, used 8863K [0x00000000c0000000, 0x00000000c6880000, 0x00000000eab00000)
  object space 107008K, 8% used [0x00000000c0000000,0x00000000c08a7f60,0x00000000c6880000)
 Metaspace       used 26604K, capacity 27030K, committed 27136K, reserved 1073152K
  class space    used 3635K, capacity 3797K, committed 3840K, reserved 1048576K
}
Event: 17.514 GC heap before
{Heap before GC invocations=6 (full 1):
 PSYoungGen      total 75776K, used 72009K [0x00000000eab00000, 0x00000000f1d80000, 0x0000000100000000)
  eden space 65024K, 100% used [0x00000000eab00000,0x00000000eea80000,0x00000000eea80000)
  from space 10752K, 64% used [0x00000000ef500000,0x00000000efbd27f0,0x00000000eff80000)
  to   space 10752K, 0% used [0x00000000eea80000,0x00000000eea80000,0x00000000ef500000)
 ParOldGen       total 107008K, used 8863K [0x00000000c0000000, 0x00000000c6880000, 0x00000000eab00000)
  object space 107008K, 8% used [0x00000000c0000000,0x00000000c08a7f60,0x00000000c6880000)
 Metaspace       used 29832K, capacity 30332K, committed 30464K, reserved 1075200K
  class space    used 4156K, capacity 4343K, committed 4352K, reserved 1048576K
Event: 17.525 GC heap after
Heap after GC invocations=6 (full 1):
 PSYoungGen      total 75776K, used 8095K [0x00000000eab00000, 0x00000000f1c00000, 0x0000000100000000)
  eden space 65024K, 0% used [0x00000000eab00000,0x00000000eab00000,0x00000000eea80000)
  from space 10752K, 75% used [0x00000000eea80000,0x00000000ef267d10,0x00000000ef500000)
  to   space 10752K, 0% used [0x00000000f1180000,0x00000000f1180000,0x00000000f1c00000)
 ParOldGen       total 107008K, used 8871K [0x00000000c0000000, 0x00000000c6880000, 0x00000000eab00000)
  object space 107008K, 8% used [0x00000000c0000000,0x00000000c08a9f60,0x00000000c6880000)
 Metaspace       used 29832K, capacity 30332K, committed 30464K, reserved 1075200K
  class space    used 4156K, capacity 4343K, committed 4352K, reserved 1048576K
}
Event: 19.316 GC heap before
{Heap before GC invocations=7 (full 1):
 PSYoungGen      total 75776K, used 46847K [0x00000000eab00000, 0x00000000f1c00000, 0x0000000100000000)
  eden space 65024K, 59% used [0x00000000eab00000,0x00000000ed0d81e0,0x00000000eea80000)
  from space 10752K, 75% used [0x00000000eea80000,0x00000000ef267d10,0x00000000ef500000)
  to   space 10752K, 0% used [0x00000000f1180000,0x00000000f1180000,0x00000000f1c00000)
 ParOldGen       total 107008K, used 8871K [0x00000000c0000000, 0x00000000c6880000, 0x00000000eab00000)
  object space 107008K, 8% used [0x00000000c0000000,0x00000000c08a9f60,0x00000000c6880000)
 Metaspace       used 34721K, capacity 35316K, committed 35416K, reserved 1079296K
  class space    used 4799K, capacity 5048K, committed 5120K, reserved 1048576K
Event: 19.335 GC heap after
Heap after GC invocations=7 (full 1):
 PSYoungGen      total 103936K, used 10354K [0x00000000eab00000, 0x00000000f2000000, 0x0000000100000000)
  eden space 93184K, 0% used [0x00000000eab00000,0x00000000eab00000,0x00000000f0600000)
  from space 10752K, 96% used [0x00000000f1180000,0x00000000f1b9c910,0x00000000f1c00000)
  to   space 11776K, 0% used [0x00000000f0600000,0x00000000f0600000,0x00000000f1180000)
 ParOldGen       total 107008K, used 8879K [0x00000000c0000000, 0x00000000c6880000, 0x00000000eab00000)
  object space 107008K, 8% used [0x00000000c0000000,0x00000000c08abf60,0x00000000c6880000)
 Metaspace       used 34721K, capacity 35316K, committed 35416K, reserved 1079296K
  class space    used 4799K, capacity 5048K, committed 5120K, reserved 1048576K
}
Event: 19.335 GC heap before
{Heap before GC invocations=8 (full 2):
 PSYoungGen      total 103936K, used 10354K [0x00000000eab00000, 0x00000000f2000000, 0x0000000100000000)
  eden space 93184K, 0% used [0x00000000eab00000,0x00000000eab00000,0x00000000f0600000)
  from space 10752K, 96% used [0x00000000f1180000,0x00000000f1b9c910,0x00000000f1c00000)
  to   space 11776K, 0% used [0x00000000f0600000,0x00000000f0600000,0x00000000f1180000)
 ParOldGen       total 107008K, used 8879K [0x00000000c0000000, 0x00000000c6880000, 0x00000000eab00000)
  object space 107008K, 8% used [0x00000000c0000000,0x00000000c08abf60,0x00000000c6880000)
 Metaspace       used 34721K, capacity 35316K, committed 35416K, reserved 1079296K
  class space    used 4799K, capacity 5048K, committed 5120K, reserved 1048576K
Event: 19.434 GC heap after
Heap after GC invocations=8 (full 2):
 PSYoungGen      total 103936K, used 0K [0x00000000eab00000, 0x00000000f2000000, 0x0000000100000000)
  eden space 93184K, 0% used [0x00000000eab00000,0x00000000eab00000,0x00000000f0600000)
  from space 10752K, 0% used [0x00000000f1180000,0x00000000f1180000,0x00000000f1c00000)
  to   space 11776K, 0% used [0x00000000f0600000,0x00000000f0600000,0x00000000f1180000)
 ParOldGen       total 107008K, used 16968K [0x00000000c0000000, 0x00000000c6880000, 0x00000000eab00000)
  object space 107008K, 15% used [0x00000000c0000000,0x00000000c10922b8,0x00000000c6880000)
 Metaspace       used 34721K, capacity 35316K, committed 35416K, reserved 1079296K
  class space    used 4799K, capacity 5048K, committed 5120K, reserved 1048576K
}
Event: 21.721 GC heap before
{Heap before GC invocations=9 (full 2):
 PSYoungGen      total 103936K, used 93184K [0x00000000eab00000, 0x00000000f2000000, 0x0000000100000000)
  eden space 93184K, 100% used [0x00000000eab00000,0x00000000f0600000,0x00000000f0600000)
  from space 10752K, 0% used [0x00000000f1180000,0x00000000f1180000,0x00000000f1c00000)
  to   space 11776K, 0% used [0x00000000f0600000,0x00000000f0600000,0x00000000f1180000)
 ParOldGen       total 107008K, used 16968K [0x00000000c0000000, 0x00000000c6880000, 0x00000000eab00000)
  object space 107008K, 15% used [0x00000000c0000000,0x00000000c10922b8,0x00000000c6880000)
 Metaspace       used 40566K, capacity 41274K, committed 41600K, reserved 1085440K
  class space    used 5476K, capacity 5723K, committed 5760K, reserved 1048576K
Event: 21.748 GC heap after
Heap after GC invocations=9 (full 2):
 PSYoungGen      total 104960K, used 10838K [0x00000000eab00000, 0x00000000f4480000, 0x0000000100000000)
  eden space 93184K, 0% used [0x00000000eab00000,0x00000000eab00000,0x00000000f0600000)
  from space 11776K, 92% used [0x00000000f0600000,0x00000000f1095980,0x00000000f1180000)
  to   space 12288K, 0% used [0x00000000f3880000,0x00000000f3880000,0x00000000f4480000)
 ParOldGen       total 107008K, used 16976K [0x00000000c0000000, 0x00000000c6880000, 0x00000000eab00000)
  object space 107008K, 15% used [0x00000000c0000000,0x00000000c10942b8,0x00000000c6880000)
 Metaspace       used 40566K, capacity 41274K, committed 41600K, reserved 1085440K
  class space    used 5476K, capacity 5723K, committed 5760K, reserved 1048576K
}

