# JRE version: OpenJDK Runtime Environment (8.0_202-b03) (build 1.8.0_202-release-1483-b03)
# Java VM: OpenJDK 64-Bit Server VM (25.202-b03 mixed mode windows-amd64 compressed oops)
Heap:
 PSYoungGen      total 308224K, used 36301K [0x00000000eab00000, 0x0000000100000000, 0x0000000100000000)
  eden space 278528K, 2% used [0x00000000eab00000,0x00000000eb175af0,0x00000000fbb00000)
  from space 29696K, 99% used [0x00000000fe300000,0x00000000ffffda58,0x0000000100000000)
  to   space 35328K, 0% used [0x00000000fbb00000,0x00000000fbb00000,0x00000000fdd80000)
 ParOldGen       total 240128K, used 51226K [0x00000000c0000000, 0x00000000cea80000, 0x00000000eab00000)
  object space 240128K, 21% used [0x00000000c0000000,0x00000000c32068f0,0x00000000cea80000)
 Metaspace       used 69623K, capacity 72434K, committed 72576K, reserved 1112064K
  class space    used 9167K, capacity 9804K, committed 9856K, reserved 1048576K
GC Heap History (10 events):
Event: 9.746 GC heap before
{Heap before GC invocations=11 (full 2):
 PSYoungGen      total 252928K, used 130891K [0x00000000eab00000, 0x00000000fbe00000, 0x0000000100000000)
  eden space 235520K, 48% used [0x00000000eab00000,0x00000000f19d4e50,0x00000000f9100000)
  from space 17408K, 99% used [0x00000000fa680000,0x00000000fb77def8,0x00000000fb780000)
  to   space 22016K, 0% used [0x00000000f9100000,0x00000000f9100000,0x00000000fa680000)
 ParOldGen       total 152576K, used 27530K [0x00000000c0000000, 0x00000000c9500000, 0x00000000eab00000)
  object space 152576K, 18% used [0x00000000c0000000,0x00000000c1ae2a28,0x00000000c9500000)
 Metaspace       used 57077K, capacity 58928K, committed 59008K, reserved 1099776K
  class space    used 7848K, capacity 8290K, committed 8320K, reserved 1048576K
Event: 9.782 GC heap after
Heap after GC invocations=11 (full 2):
 PSYoungGen      total 257536K, used 22007K [0x00000000eab00000, 0x0000000100000000, 0x0000000100000000)
  eden space 235520K, 0% used [0x00000000eab00000,0x00000000eab00000,0x00000000f9100000)
  from space 22016K, 99% used [0x00000000f9100000,0x00000000fa67df08,0x00000000fa680000)
  to   space 28672K, 0% used [0x00000000fe400000,0x00000000fe400000,0x0000000100000000)
 ParOldGen       total 152576K, used 36151K [0x00000000c0000000, 0x00000000c9500000, 0x00000000eab00000)
  object space 152576K, 23% used [0x00000000c0000000,0x00000000c234dc10,0x00000000c9500000)
 Metaspace       used 57077K, capacity 58928K, committed 59008K, reserved 1099776K
  class space    used 7848K, capacity 8290K, committed 8320K, reserved 1048576K
}
Event: 9.783 GC heap before
{Heap before GC invocations=12 (full 3):
 PSYoungGen      total 257536K, used 22007K [0x00000000eab00000, 0x0000000100000000, 0x0000000100000000)
  eden space 235520K, 0% used [0x00000000eab00000,0x00000000eab00000,0x00000000f9100000)
  from space 22016K, 99% used [0x00000000f9100000,0x00000000fa67df08,0x00000000fa680000)
  to   space 28672K, 0% used [0x00000000fe400000,0x00000000fe400000,0x0000000100000000)
 ParOldGen       total 152576K, used 36151K [0x00000000c0000000, 0x00000000c9500000, 0x00000000eab00000)
  object space 152576K, 23% used [0x00000000c0000000,0x00000000c234dc10,0x00000000c9500000)
 Metaspace       used 57077K, capacity 58928K, committed 59008K, reserved 1099776K
  class space    used 7848K, capacity 8290K, committed 8320K, reserved 1048576K
Event: 10.215 GC heap after
Heap after GC invocations=12 (full 3):
 PSYoungGen      total 257536K, used 0K [0x00000000eab00000, 0x0000000100000000, 0x0000000100000000)
  eden space 235520K, 0% used [0x00000000eab00000,0x00000000eab00000,0x00000000f9100000)
  from space 22016K, 0% used [0x00000000f9100000,0x00000000f9100000,0x00000000fa680000)
  to   space 28672K, 0% used [0x00000000fe400000,0x00000000fe400000,0x0000000100000000)
 ParOldGen       total 240128K, used 45568K [0x00000000c0000000, 0x00000000cea80000, 0x00000000eab00000)
  object space 240128K, 18% used [0x00000000c0000000,0x00000000c2c80108,0x00000000cea80000)
 Metaspace       used 57077K, capacity 58928K, committed 59008K, reserved 1099776K
  class space    used 7848K, capacity 8290K, committed 8320K, reserved 1048576K
}
Event: 16.443 GC heap before
{Heap before GC invocations=13 (full 3):
 PSYoungGen      total 257536K, used 235520K [0x00000000eab00000, 0x0000000100000000, 0x0000000100000000)
  eden space 235520K, 100% used [0x00000000eab00000,0x00000000f9100000,0x00000000f9100000)
  from space 22016K, 0% used [0x00000000f9100000,0x00000000f9100000,0x00000000fa680000)
  to   space 28672K, 0% used [0x00000000fe400000,0x00000000fe400000,0x0000000100000000)
 ParOldGen       total 240128K, used 45568K [0x00000000c0000000, 0x00000000cea80000, 0x00000000eab00000)
  object space 240128K, 18% used [0x00000000c0000000,0x00000000c2c80108,0x00000000cea80000)
 Metaspace       used 63810K, capacity 66006K, committed 66176K, reserved 1105920K
  class space    used 8504K, capacity 9037K, committed 9088K, reserved 1048576K
Event: 16.469 GC heap after
Heap after GC invocations=13 (full 3):
 PSYoungGen      total 296960K, used 16930K [0x00000000eab00000, 0x00000000ff500000, 0x0000000100000000)
  eden space 279552K, 0% used [0x00000000eab00000,0x00000000eab00000,0x00000000fbc00000)
  from space 17408K, 97% used [0x00000000fe400000,0x00000000ff488838,0x00000000ff500000)
  to   space 28160K, 0% used [0x00000000fbe00000,0x00000000fbe00000,0x00000000fd980000)
 ParOldGen       total 240128K, used 45576K [0x00000000c0000000, 0x00000000cea80000, 0x00000000eab00000)
  object space 240128K, 18% used [0x00000000c0000000,0x00000000c2c82108,0x00000000cea80000)
 Metaspace       used 63810K, capacity 66006K, committed 66176K, reserved 1105920K
  class space    used 8504K, capacity 9037K, committed 9088K, reserved 1048576K
}
Event: 191.410 GC heap before
{Heap before GC invocations=14 (full 3):
 PSYoungGen      total 296960K, used 296482K [0x00000000eab00000, 0x00000000ff500000, 0x0000000100000000)
  eden space 279552K, 100% used [0x00000000eab00000,0x00000000fbc00000,0x00000000fbc00000)
  from space 17408K, 97% used [0x00000000fe400000,0x00000000ff488838,0x00000000ff500000)
  to   space 28160K, 0% used [0x00000000fbe00000,0x00000000fbe00000,0x00000000fd980000)
 ParOldGen       total 240128K, used 45576K [0x00000000c0000000, 0x00000000cea80000, 0x00000000eab00000)
  object space 240128K, 18% used [0x00000000c0000000,0x00000000c2c82108,0x00000000cea80000)
 Metaspace       used 68063K, capacity 70650K, committed 70784K, reserved 1110016K
  class space    used 8994K, capacity 9594K, committed 9600K, reserved 1048576K
Event: 191.436 GC heap after
Heap after GC invocations=14 (full 3):
 PSYoungGen      total 309760K, used 21614K [0x00000000eab00000, 0x0000000100000000, 0x0000000100000000)
  eden space 281600K, 0% used [0x00000000eab00000,0x00000000eab00000,0x00000000fbe00000)
  from space 28160K, 76% used [0x00000000fbe00000,0x00000000fd31b9c8,0x00000000fd980000)
  to   space 29696K, 0% used [0x00000000fe300000,0x00000000fe300000,0x0000000100000000)
 ParOldGen       total 240128K, used 45584K [0x00000000c0000000, 0x00000000cea80000, 0x00000000eab00000)
  object space 240128K, 18% used [0x00000000c0000000,0x00000000c2c84108,0x00000000cea80000)
 Metaspace       used 68063K, capacity 70650K, committed 70784K, reserved 1110016K
  class space    used 8994K, capacity 9594K, committed 9600K, reserved 1048576K
}
Event: 208.430 GC heap before
{Heap before GC invocations=15 (full 3):
 PSYoungGen      total 309760K, used 303214K [0x00000000eab00000, 0x0000000100000000, 0x0000000100000000)
  eden space 281600K, 100% used [0x00000000eab00000,0x00000000fbe00000,0x00000000fbe00000)
  from space 28160K, 76% used [0x00000000fbe00000,0x00000000fd31b9c8,0x00000000fd980000)
  to   space 29696K, 0% used [0x00000000fe300000,0x00000000fe300000,0x0000000100000000)
 ParOldGen       total 240128K, used 45584K [0x00000000c0000000, 0x00000000cea80000, 0x00000000eab00000)
  object space 240128K, 18% used [0x00000000c0000000,0x00000000c2c84108,0x00000000cea80000)
 Metaspace       used 69520K, capacity 72370K, committed 72576K, reserved 1112064K
  class space    used 9151K, capacity 9804K, committed 9856K, reserved 1048576K
Event: 208.494 GC heap after
Heap after GC invocations=15 (full 3):
 PSYoungGen      total 308224K, used 29686K [0x00000000eab00000, 0x0000000100000000, 0x0000000100000000)
  eden space 278528K, 0% used [0x00000000eab00000,0x00000000eab00000,0x00000000fbb00000)
  from space 29696K, 99% used [0x00000000fe300000,0x00000000ffffda58,0x0000000100000000)
  to   space 35328K, 0% used [0x00000000fbb00000,0x00000000fbb00000,0x00000000fdd80000)
 ParOldGen       total 240128K, used 51226K [0x00000000c0000000, 0x00000000cea80000, 0x00000000eab00000)
  object space 240128K, 21% used [0x00000000c0000000,0x00000000c32068f0,0x00000000cea80000)
 Metaspace       used 69520K, capacity 72370K, committed 72576K, reserved 1112064K
  class space    used 9151K, capacity 9804K, committed 9856K, reserved 1048576K
}

