# JRE version: OpenJDK Runtime Environment (8.0_202-b03) (build 1.8.0_202-release-1483-b03)
# Java VM: OpenJDK 64-Bit Server VM (25.202-b03 mixed mode windows-amd64 compressed oops)
Heap:
 PSYoungGen      total 233472K, used 93921K [0x00000000eab00000, 0x00000000fdd80000, 0x0000000100000000)
  eden space 207360K, 32% used [0x00000000eab00000,0x00000000eed3f4c0,0x00000000f7580000)
  from space 26112K, 99% used [0x00000000f7580000,0x00000000f8ef9158,0x00000000f8f00000)
  to   space 43008K, 0% used [0x00000000fb380000,0x00000000fb380000,0x00000000fdd80000)
 ParOldGen       total 276480K, used 84261K [0x00000000c0000000, 0x00000000d0e00000, 0x00000000eab00000)
  object space 276480K, 30% used [0x00000000c0000000,0x00000000c5249730,0x00000000d0e00000)
 Metaspace       used 73815K, capacity 76732K, committed 76928K, reserved 1120256K
  class space    used 9647K, capacity 10315K, committed 10368K, reserved 1048576K
GC Heap History (10 events):
Event: 21.675 GC heap before
{Heap before GC invocations=14 (full 3):
 PSYoungGen      total 184320K, used 164352K [0x00000000eab00000, 0x00000000f8b80000, 0x0000000100000000)
  eden space 164352K, 100% used [0x00000000eab00000,0x00000000f4b80000,0x00000000f4b80000)
  from space 19968K, 0% used [0x00000000f6480000,0x00000000f6480000,0x00000000f7800000)
  to   space 25600K, 0% used [0x00000000f4b80000,0x00000000f4b80000,0x00000000f6480000)
 ParOldGen       total 276480K, used 45878K [0x00000000c0000000, 0x00000000d0e00000, 0x00000000eab00000)
  object space 276480K, 16% used [0x00000000c0000000,0x00000000c2ccdaa0,0x00000000d0e00000)
 Metaspace       used 63077K, capacity 65276K, committed 65536K, reserved 1105920K
  class space    used 8404K, capacity 8914K, committed 8960K, reserved 1048576K
Event: 21.691 GC heap after
Heap after GC invocations=14 (full 3):
 PSYoungGen      total 189952K, used 11866K [0x00000000eab00000, 0x00000000f9900000, 0x0000000100000000)
  eden space 164352K, 0% used [0x00000000eab00000,0x00000000eab00000,0x00000000f4b80000)
  from space 25600K, 46% used [0x00000000f4b80000,0x00000000f5716818,0x00000000f6480000)
  to   space 24576K, 0% used [0x00000000f8100000,0x00000000f8100000,0x00000000f9900000)
 ParOldGen       total 276480K, used 45886K [0x00000000c0000000, 0x00000000d0e00000, 0x00000000eab00000)
  object space 276480K, 16% used [0x00000000c0000000,0x00000000c2ccfaa0,0x00000000d0e00000)
 Metaspace       used 63077K, capacity 65276K, committed 65536K, reserved 1105920K
  class space    used 8404K, capacity 8914K, committed 8960K, reserved 1048576K
}
Event: 170.919 GC heap before
{Heap before GC invocations=15 (full 3):
 PSYoungGen      total 189952K, used 176218K [0x00000000eab00000, 0x00000000f9900000, 0x0000000100000000)
  eden space 164352K, 100% used [0x00000000eab00000,0x00000000f4b80000,0x00000000f4b80000)
  from space 25600K, 46% used [0x00000000f4b80000,0x00000000f5716818,0x00000000f6480000)
  to   space 24576K, 0% used [0x00000000f8100000,0x00000000f8100000,0x00000000f9900000)
 ParOldGen       total 276480K, used 45886K [0x00000000c0000000, 0x00000000d0e00000, 0x00000000eab00000)
  object space 276480K, 16% used [0x00000000c0000000,0x00000000c2ccfaa0,0x00000000d0e00000)
 Metaspace       used 64728K, capacity 67208K, committed 67328K, reserved 1107968K
  class space    used 8598K, capacity 9141K, committed 9216K, reserved 1048576K
Event: 170.936 GC heap after
Heap after GC invocations=15 (full 3):
 PSYoungGen      total 206848K, used 15186K [0x00000000eab00000, 0x00000000f9280000, 0x0000000100000000)
  eden space 188928K, 0% used [0x00000000eab00000,0x00000000eab00000,0x00000000f6380000)
  from space 17920K, 84% used [0x00000000f8100000,0x00000000f8fd4860,0x00000000f9280000)
  to   space 24064K, 0% used [0x00000000f6380000,0x00000000f6380000,0x00000000f7b00000)
 ParOldGen       total 276480K, used 45894K [0x00000000c0000000, 0x00000000d0e00000, 0x00000000eab00000)
  object space 276480K, 16% used [0x00000000c0000000,0x00000000c2cd1aa0,0x00000000d0e00000)
 Metaspace       used 64728K, capacity 67208K, committed 67328K, reserved 1107968K
  class space    used 8598K, capacity 9141K, committed 9216K, reserved 1048576K
}
Event: 259.128 GC heap before
{Heap before GC invocations=16 (full 3):
 PSYoungGen      total 206848K, used 204114K [0x00000000eab00000, 0x00000000f9280000, 0x0000000100000000)
  eden space 188928K, 100% used [0x00000000eab00000,0x00000000f6380000,0x00000000f6380000)
  from space 17920K, 84% used [0x00000000f8100000,0x00000000f8fd4860,0x00000000f9280000)
  to   space 24064K, 0% used [0x00000000f6380000,0x00000000f6380000,0x00000000f7b00000)
 ParOldGen       total 276480K, used 45894K [0x00000000c0000000, 0x00000000d0e00000, 0x00000000eab00000)
  object space 276480K, 16% used [0x00000000c0000000,0x00000000c2cd1aa0,0x00000000d0e00000)
 Metaspace       used 66714K, capacity 69420K, committed 69632K, reserved 1110016K
  class space    used 8846K, capacity 9438K, committed 9472K, reserved 1048576K
Event: 259.157 GC heap after
Heap after GC invocations=16 (full 3):
 PSYoungGen      total 212992K, used 13819K [0x00000000eab00000, 0x00000000fa700000, 0x0000000100000000)
  eden space 188928K, 0% used [0x00000000eab00000,0x00000000eab00000,0x00000000f6380000)
  from space 24064K, 57% used [0x00000000f6380000,0x00000000f70fecd0,0x00000000f7b00000)
  to   space 23040K, 0% used [0x00000000f9080000,0x00000000f9080000,0x00000000fa700000)
 ParOldGen       total 276480K, used 45902K [0x00000000c0000000, 0x00000000d0e00000, 0x00000000eab00000)
  object space 276480K, 16% used [0x00000000c0000000,0x00000000c2cd3aa0,0x00000000d0e00000)
 Metaspace       used 66714K, capacity 69420K, committed 69632K, reserved 1110016K
  class space    used 8846K, capacity 9438K, committed 9472K, reserved 1048576K
}
Event: 298.446 GC heap before
{Heap before GC invocations=17 (full 3):
 PSYoungGen      total 212992K, used 202747K [0x00000000eab00000, 0x00000000fa700000, 0x0000000100000000)
  eden space 188928K, 100% used [0x00000000eab00000,0x00000000f6380000,0x00000000f6380000)
  from space 24064K, 57% used [0x00000000f6380000,0x00000000f70fecd0,0x00000000f7b00000)
  to   space 23040K, 0% used [0x00000000f9080000,0x00000000f9080000,0x00000000fa700000)
 ParOldGen       total 276480K, used 45902K [0x00000000c0000000, 0x00000000d0e00000, 0x00000000eab00000)
  object space 276480K, 16% used [0x00000000c0000000,0x00000000c2cd3aa0,0x00000000d0e00000)
 Metaspace       used 69134K, capacity 71976K, committed 72320K, reserved 1112064K
  class space    used 9083K, capacity 9731K, committed 9856K, reserved 1048576K
Event: 298.463 GC heap after
Heap after GC invocations=17 (full 3):
 PSYoungGen      total 230400K, used 23009K [0x00000000eab00000, 0x00000000fa880000, 0x0000000100000000)
  eden space 207360K, 0% used [0x00000000eab00000,0x00000000eab00000,0x00000000f7580000)
  from space 23040K, 99% used [0x00000000f9080000,0x00000000fa6f86a0,0x00000000fa700000)
  to   space 26112K, 0% used [0x00000000f7580000,0x00000000f7580000,0x00000000f8f00000)
 ParOldGen       total 276480K, used 46490K [0x00000000c0000000, 0x00000000d0e00000, 0x00000000eab00000)
  object space 276480K, 16% used [0x00000000c0000000,0x00000000c2d66b98,0x00000000d0e00000)
 Metaspace       used 69134K, capacity 71976K, committed 72320K, reserved 1112064K
  class space    used 9083K, capacity 9731K, committed 9856K, reserved 1048576K
}
Event: 306.585 GC heap before
{Heap before GC invocations=18 (full 3):
 PSYoungGen      total 230400K, used 230369K [0x00000000eab00000, 0x00000000fa880000, 0x0000000100000000)
  eden space 207360K, 100% used [0x00000000eab00000,0x00000000f7580000,0x00000000f7580000)
  from space 23040K, 99% used [0x00000000f9080000,0x00000000fa6f86a0,0x00000000fa700000)
  to   space 26112K, 0% used [0x00000000f7580000,0x00000000f7580000,0x00000000f8f00000)
 ParOldGen       total 276480K, used 46490K [0x00000000c0000000, 0x00000000d0e00000, 0x00000000eab00000)
  object space 276480K, 16% used [0x00000000c0000000,0x00000000c2d66b98,0x00000000d0e00000)
 Metaspace       used 73513K, capacity 76444K, committed 76672K, reserved 1116160K
  class space    used 9635K, capacity 10283K, committed 10368K, reserved 1048576K
Event: 306.639 GC heap after
Heap after GC invocations=18 (full 3):
 PSYoungGen      total 233472K, used 26084K [0x00000000eab00000, 0x00000000fdd80000, 0x0000000100000000)
  eden space 207360K, 0% used [0x00000000eab00000,0x00000000eab00000,0x00000000f7580000)
  from space 26112K, 99% used [0x00000000f7580000,0x00000000f8ef9158,0x00000000f8f00000)
  to   space 43008K, 0% used [0x00000000fb380000,0x00000000fb380000,0x00000000fdd80000)
 ParOldGen       total 276480K, used 84261K [0x00000000c0000000, 0x00000000d0e00000, 0x00000000eab00000)
  object space 276480K, 30% used [0x00000000c0000000,0x00000000c5249730,0x00000000d0e00000)
 Metaspace       used 73513K, capacity 76444K, committed 76672K, reserved 1116160K
  class space    used 9635K, capacity 10283K, committed 10368K, reserved 1048576K
}

