# JRE version: OpenJDK Runtime Environment (8.0_202-b03) (build 1.8.0_202-release-1483-b03)
# Java VM: OpenJDK 64-Bit Server VM (25.202-b03 mixed mode windows-amd64 compressed oops)
Heap:
 PSYoungGen      total 270848K, used 160879K [0x00000000eab00000, 0x0000000100000000, 0x0000000100000000)
  eden space 260096K, 61% used [0x00000000eab00000,0x00000000f481be20,0x00000000fa900000)
  from space 10752K, 0% used [0x00000000fa900000,0x00000000fa900000,0x00000000fb380000)
  to   space 12800K, 0% used [0x00000000ff380000,0x00000000ff380000,0x0000000100000000)
 ParOldGen       total 143360K, used 17032K [0x00000000c0000000, 0x00000000c8c00000, 0x00000000eab00000)
  object space 143360K, 11% used [0x00000000c0000000,0x00000000c10a2200,0x00000000c8c00000)
 Metaspace       used 44531K, capacity 45490K, committed 45568K, reserved 1089536K
  class space    used 6065K, capacity 6364K, committed 6400K, reserved 1048576K
GC Heap History (10 events):
Event: 29.262 GC heap before
{Heap before GC invocations=3 (full 0):
 PSYoungGen      total 140800K, used 38295K [0x00000000eab00000, 0x00000000f3f00000, 0x0000000100000000)
  eden space 130048K, 21% used [0x00000000eab00000,0x00000000ec60f790,0x00000000f2a00000)
  from space 10752K, 98% used [0x00000000f3480000,0x00000000f3ed6718,0x00000000f3f00000)
  to   space 10752K, 0% used [0x00000000f2a00000,0x00000000f2a00000,0x00000000f3480000)
 ParOldGen       total 173568K, used 24K [0x00000000c0000000, 0x00000000ca980000, 0x00000000eab00000)
  object space 173568K, 0% used [0x00000000c0000000,0x00000000c0006000,0x00000000ca980000)
 Metaspace       used 20805K, capacity 21212K, committed 21248K, reserved 1067008K
  class space    used 2895K, capacity 3040K, committed 3072K, reserved 1048576K
Event: 29.428 GC heap after
Heap after GC invocations=3 (full 0):
 PSYoungGen      total 140800K, used 9053K [0x00000000eab00000, 0x00000000fbe00000, 0x0000000100000000)
  eden space 130048K, 0% used [0x00000000eab00000,0x00000000eab00000,0x00000000f2a00000)
  from space 10752K, 84% used [0x00000000f2a00000,0x00000000f32d74f0,0x00000000f3480000)
  to   space 10752K, 0% used [0x00000000fb380000,0x00000000fb380000,0x00000000fbe00000)
 ParOldGen       total 173568K, used 32K [0x00000000c0000000, 0x00000000ca980000, 0x00000000eab00000)
  object space 173568K, 0% used [0x00000000c0000000,0x00000000c0008000,0x00000000ca980000)
 Metaspace       used 20805K, capacity 21212K, committed 21248K, reserved 1067008K
  class space    used 2895K, capacity 3040K, committed 3072K, reserved 1048576K
}
Event: 29.429 GC heap before
{Heap before GC invocations=4 (full 1):
 PSYoungGen      total 140800K, used 9053K [0x00000000eab00000, 0x00000000fbe00000, 0x0000000100000000)
  eden space 130048K, 0% used [0x00000000eab00000,0x00000000eab00000,0x00000000f2a00000)
  from space 10752K, 84% used [0x00000000f2a00000,0x00000000f32d74f0,0x00000000f3480000)
  to   space 10752K, 0% used [0x00000000fb380000,0x00000000fb380000,0x00000000fbe00000)
 ParOldGen       total 173568K, used 32K [0x00000000c0000000, 0x00000000ca980000, 0x00000000eab00000)
  object space 173568K, 0% used [0x00000000c0000000,0x00000000c0008000,0x00000000ca980000)
 Metaspace       used 20805K, capacity 21212K, committed 21248K, reserved 1067008K
  class space    used 2895K, capacity 3040K, committed 3072K, reserved 1048576K
Event: 29.785 GC heap after
Heap after GC invocations=4 (full 1):
 PSYoungGen      total 140800K, used 0K [0x00000000eab00000, 0x00000000fbe00000, 0x0000000100000000)
  eden space 130048K, 0% used [0x00000000eab00000,0x00000000eab00000,0x00000000f2a00000)
  from space 10752K, 0% used [0x00000000f2a00000,0x00000000f2a00000,0x00000000f3480000)
  to   space 10752K, 0% used [0x00000000fb380000,0x00000000fb380000,0x00000000fbe00000)
 ParOldGen       total 95744K, used 8755K [0x00000000c0000000, 0x00000000c5d80000, 0x00000000eab00000)
  object space 95744K, 9% used [0x00000000c0000000,0x00000000c088cd98,0x00000000c5d80000)
 Metaspace       used 20805K, capacity 21212K, committed 21248K, reserved 1067008K
  class space    used 2895K, capacity 3040K, committed 3072K, reserved 1048576K
}
Event: 35.429 GC heap before
{Heap before GC invocations=5 (full 1):
 PSYoungGen      total 140800K, used 130048K [0x00000000eab00000, 0x00000000fbe00000, 0x0000000100000000)
  eden space 130048K, 100% used [0x00000000eab00000,0x00000000f2a00000,0x00000000f2a00000)
  from space 10752K, 0% used [0x00000000f2a00000,0x00000000f2a00000,0x00000000f3480000)
  to   space 10752K, 0% used [0x00000000fb380000,0x00000000fb380000,0x00000000fbe00000)
 ParOldGen       total 95744K, used 8755K [0x00000000c0000000, 0x00000000c5d80000, 0x00000000eab00000)
  object space 95744K, 9% used [0x00000000c0000000,0x00000000c088cd98,0x00000000c5d80000)
 Metaspace       used 29764K, capacity 30364K, committed 30592K, reserved 1075200K
  class space    used 4141K, capacity 4375K, committed 4480K, reserved 1048576K
Event: 35.469 GC heap after
Heap after GC invocations=5 (full 1):
 PSYoungGen      total 222720K, used 10749K [0x00000000eab00000, 0x00000000fbe00000, 0x0000000100000000)
  eden space 211968K, 0% used [0x00000000eab00000,0x00000000eab00000,0x00000000f7a00000)
  from space 10752K, 99% used [0x00000000fb380000,0x00000000fbdff438,0x00000000fbe00000)
  to   space 10752K, 0% used [0x00000000fa900000,0x00000000fa900000,0x00000000fb380000)
 ParOldGen       total 95744K, used 9997K [0x00000000c0000000, 0x00000000c5d80000, 0x00000000eab00000)
  object space 95744K, 10% used [0x00000000c0000000,0x00000000c09c37f0,0x00000000c5d80000)
 Metaspace       used 29764K, capacity 30364K, committed 30592K, reserved 1075200K
  class space    used 4141K, capacity 4375K, committed 4480K, reserved 1048576K
}
Event: 38.507 GC heap before
{Heap before GC invocations=6 (full 1):
 PSYoungGen      total 222720K, used 56881K [0x00000000eab00000, 0x00000000fbe00000, 0x0000000100000000)
  eden space 211968K, 21% used [0x00000000eab00000,0x00000000ed80d3a0,0x00000000f7a00000)
  from space 10752K, 99% used [0x00000000fb380000,0x00000000fbdff438,0x00000000fbe00000)
  to   space 10752K, 0% used [0x00000000fa900000,0x00000000fa900000,0x00000000fb380000)
 ParOldGen       total 95744K, used 9997K [0x00000000c0000000, 0x00000000c5d80000, 0x00000000eab00000)
  object space 95744K, 10% used [0x00000000c0000000,0x00000000c09c37f0,0x00000000c5d80000)
 Metaspace       used 34661K, capacity 35284K, committed 35416K, reserved 1079296K
  class space    used 4789K, capacity 5016K, committed 5120K, reserved 1048576K
Event: 38.538 GC heap after
Heap after GC invocations=6 (full 1):
 PSYoungGen      total 270848K, used 10546K [0x00000000eab00000, 0x0000000100000000, 0x0000000100000000)
  eden space 260096K, 0% used [0x00000000eab00000,0x00000000eab00000,0x00000000fa900000)
  from space 10752K, 98% used [0x00000000fa900000,0x00000000fb34c978,0x00000000fb380000)
  to   space 12800K, 0% used [0x00000000ff380000,0x00000000ff380000,0x0000000100000000)
 ParOldGen       total 95744K, used 10005K [0x00000000c0000000, 0x00000000c5d80000, 0x00000000eab00000)
  object space 95744K, 10% used [0x00000000c0000000,0x00000000c09c57f0,0x00000000c5d80000)
 Metaspace       used 34661K, capacity 35284K, committed 35416K, reserved 1079296K
  class space    used 4789K, capacity 5016K, committed 5120K, reserved 1048576K
}
Event: 38.538 GC heap before
{Heap before GC invocations=7 (full 2):
 PSYoungGen      total 270848K, used 10546K [0x00000000eab00000, 0x0000000100000000, 0x0000000100000000)
  eden space 260096K, 0% used [0x00000000eab00000,0x00000000eab00000,0x00000000fa900000)
  from space 10752K, 98% used [0x00000000fa900000,0x00000000fb34c978,0x00000000fb380000)
  to   space 12800K, 0% used [0x00000000ff380000,0x00000000ff380000,0x0000000100000000)
 ParOldGen       total 95744K, used 10005K [0x00000000c0000000, 0x00000000c5d80000, 0x00000000eab00000)
  object space 95744K, 10% used [0x00000000c0000000,0x00000000c09c57f0,0x00000000c5d80000)
 Metaspace       used 34661K, capacity 35284K, committed 35416K, reserved 1079296K
  class space    used 4789K, capacity 5016K, committed 5120K, reserved 1048576K
Event: 38.675 GC heap after
Heap after GC invocations=7 (full 2):
 PSYoungGen      total 270848K, used 0K [0x00000000eab00000, 0x0000000100000000, 0x0000000100000000)
  eden space 260096K, 0% used [0x00000000eab00000,0x00000000eab00000,0x00000000fa900000)
  from space 10752K, 0% used [0x00000000fa900000,0x00000000fa900000,0x00000000fb380000)
  to   space 12800K, 0% used [0x00000000ff380000,0x00000000ff380000,0x0000000100000000)
 ParOldGen       total 143360K, used 17032K [0x00000000c0000000, 0x00000000c8c00000, 0x00000000eab00000)
  object space 143360K, 11% used [0x00000000c0000000,0x00000000c10a2200,0x00000000c8c00000)
 Metaspace       used 34661K, capacity 35284K, committed 35416K, reserved 1079296K
  class space    used 4789K, capacity 5016K, committed 5120K, reserved 1048576K
}

