# JRE version: OpenJDK Runtime Environment (8.0_202-b03) (build 1.8.0_202-release-1483-b03)
# Java VM: OpenJDK 64-Bit Server VM (25.202-b03 mixed mode windows-amd64 compressed oops)
Heap:
 PSYoungGen      total 322560K, used 245013K [0x00000000eab00000, 0x00000000ffe80000, 0x0000000100000000)
  eden space 300032K, 79% used [0x00000000eab00000,0x00000000f93702b8,0x00000000fd000000)
  from space 22528K, 31% used [0x00000000fd000000,0x00000000fd6d5228,0x00000000fe600000)
  to   space 22016K, 0% used [0x00000000fe900000,0x00000000fe900000,0x00000000ffe80000)
 ParOldGen       total 594432K, used 383565K [0x00000000c0000000, 0x00000000e4480000, 0x00000000eab00000)
  object space 594432K, 64% used [0x00000000c0000000,0x00000000d7693610,0x00000000e4480000)
 Metaspace       used 135073K, capacity 143518K, committed 143704K, reserved 1175552K
  class space    used 16438K, capacity 17944K, committed 18048K, reserved 1048576K
GC Heap History (10 events):
Event: 4432.649 GC heap before
{Heap before GC invocations=163 (full 6):
 PSYoungGen      total 319488K, used 305508K [0x00000000eab00000, 0x00000000ffe80000, 0x0000000100000000)
  eden space 292352K, 100% used [0x00000000eab00000,0x00000000fc880000,0x00000000fc880000)
  from space 27136K, 48% used [0x00000000fe400000,0x00000000ff0d9238,0x00000000ffe80000)
  to   space 27648K, 0% used [0x00000000fc880000,0x00000000fc880000,0x00000000fe380000)
 ParOldGen       total 594432K, used 355431K [0x00000000c0000000, 0x00000000e4480000, 0x00000000eab00000)
  object space 594432K, 59% used [0x00000000c0000000,0x00000000d5b19f28,0x00000000e4480000)
 Metaspace       used 134983K, capacity 143358K, committed 143704K, reserved 1175552K
  class space    used 16424K, capacity 17912K, committed 18048K, reserved 1048576K
Event: 4432.670 GC heap after
Heap after GC invocations=163 (full 6):
 PSYoungGen      total 320000K, used 11150K [0x00000000eab00000, 0x00000000ffd80000, 0x0000000100000000)
  eden space 292352K, 0% used [0x00000000eab00000,0x00000000eab00000,0x00000000fc880000)
  from space 27648K, 40% used [0x00000000fc880000,0x00000000fd363a20,0x00000000fe380000)
  to   space 26112K, 0% used [0x00000000fe400000,0x00000000fe400000,0x00000000ffd80000)
 ParOldGen       total 594432K, used 361947K [0x00000000c0000000, 0x00000000e4480000, 0x00000000eab00000)
  object space 594432K, 60% used [0x00000000c0000000,0x00000000d6176f08,0x00000000e4480000)
 Metaspace       used 134983K, capacity 143358K, committed 143704K, reserved 1175552K
  class space    used 16424K, capacity 17912K, committed 18048K, reserved 1048576K
}
Event: 4433.055 GC heap before
{Heap before GC invocations=164 (full 6):
 PSYoungGen      total 320000K, used 303502K [0x00000000eab00000, 0x00000000ffd80000, 0x0000000100000000)
  eden space 292352K, 100% used [0x00000000eab00000,0x00000000fc880000,0x00000000fc880000)
  from space 27648K, 40% used [0x00000000fc880000,0x00000000fd363a20,0x00000000fe380000)
  to   space 26112K, 0% used [0x00000000fe400000,0x00000000fe400000,0x00000000ffd80000)
 ParOldGen       total 594432K, used 361947K [0x00000000c0000000, 0x00000000e4480000, 0x00000000eab00000)
  object space 594432K, 60% used [0x00000000c0000000,0x00000000d6176f08,0x00000000e4480000)
 Metaspace       used 134985K, capacity 143422K, committed 143704K, reserved 1175552K
  class space    used 16424K, capacity 17912K, committed 18048K, reserved 1048576K
Event: 4433.074 GC heap after
Heap after GC invocations=164 (full 6):
 PSYoungGen      total 320512K, used 9959K [0x00000000eab00000, 0x00000000ffc80000, 0x0000000100000000)
  eden space 295424K, 0% used [0x00000000eab00000,0x00000000eab00000,0x00000000fcb80000)
  from space 25088K, 39% used [0x00000000fe400000,0x00000000fedb9d98,0x00000000ffc80000)
  to   space 25088K, 0% used [0x00000000fcb80000,0x00000000fcb80000,0x00000000fe400000)
 ParOldGen       total 594432K, used 366600K [0x00000000c0000000, 0x00000000e4480000, 0x00000000eab00000)
  object space 594432K, 61% used [0x00000000c0000000,0x00000000d6602158,0x00000000e4480000)
 Metaspace       used 134985K, capacity 143422K, committed 143704K, reserved 1175552K
  class space    used 16424K, capacity 17912K, committed 18048K, reserved 1048576K
}
Event: 4433.520 GC heap before
{Heap before GC invocations=165 (full 6):
 PSYoungGen      total 320512K, used 305383K [0x00000000eab00000, 0x00000000ffc80000, 0x0000000100000000)
  eden space 295424K, 100% used [0x00000000eab00000,0x00000000fcb80000,0x00000000fcb80000)
  from space 25088K, 39% used [0x00000000fe400000,0x00000000fedb9d98,0x00000000ffc80000)
  to   space 25088K, 0% used [0x00000000fcb80000,0x00000000fcb80000,0x00000000fe400000)
 ParOldGen       total 594432K, used 366600K [0x00000000c0000000, 0x00000000e4480000, 0x00000000eab00000)
  object space 594432K, 61% used [0x00000000c0000000,0x00000000d6602158,0x00000000e4480000)
 Metaspace       used 135065K, capacity 143454K, committed 143704K, reserved 1175552K
  class space    used 16438K, capacity 17944K, committed 18048K, reserved 1048576K
Event: 4433.539 GC heap after
Heap after GC invocations=165 (full 6):
 PSYoungGen      total 320512K, used 11429K [0x00000000eab00000, 0x00000000ffd00000, 0x0000000100000000)
  eden space 295424K, 0% used [0x00000000eab00000,0x00000000eab00000,0x00000000fcb80000)
  from space 25088K, 45% used [0x00000000fcb80000,0x00000000fd6a9550,0x00000000fe400000)
  to   space 23552K, 0% used [0x00000000fe600000,0x00000000fe600000,0x00000000ffd00000)
 ParOldGen       total 594432K, used 370467K [0x00000000c0000000, 0x00000000e4480000, 0x00000000eab00000)
  object space 594432K, 62% used [0x00000000c0000000,0x00000000d69c8d30,0x00000000e4480000)
 Metaspace       used 135065K, capacity 143454K, committed 143704K, reserved 1175552K
  class space    used 16438K, capacity 17944K, committed 18048K, reserved 1048576K
}
Event: 4433.972 GC heap before
{Heap before GC invocations=166 (full 6):
 PSYoungGen      total 320512K, used 306853K [0x00000000eab00000, 0x00000000ffd00000, 0x0000000100000000)
  eden space 295424K, 100% used [0x00000000eab00000,0x00000000fcb80000,0x00000000fcb80000)
  from space 25088K, 45% used [0x00000000fcb80000,0x00000000fd6a9550,0x00000000fe400000)
  to   space 23552K, 0% used [0x00000000fe600000,0x00000000fe600000,0x00000000ffd00000)
 ParOldGen       total 594432K, used 370569K [0x00000000c0000000, 0x00000000e4480000, 0x00000000eab00000)
  object space 594432K, 62% used [0x00000000c0000000,0x00000000d69e24c0,0x00000000e4480000)
 Metaspace       used 135067K, capacity 143454K, committed 143704K, reserved 1175552K
  class space    used 16438K, capacity 17944K, committed 18048K, reserved 1048576K
Event: 4433.998 GC heap after
Heap after GC invocations=166 (full 6):
 PSYoungGen      total 323072K, used 10847K [0x00000000eab00000, 0x00000000ffc80000, 0x0000000100000000)
  eden space 300032K, 0% used [0x00000000eab00000,0x00000000eab00000,0x00000000fd000000)
  from space 23040K, 47% used [0x00000000fe600000,0x00000000ff097e28,0x00000000ffc80000)
  to   space 22528K, 0% used [0x00000000fd000000,0x00000000fd000000,0x00000000fe600000)
 ParOldGen       total 594432K, used 375797K [0x00000000c0000000, 0x00000000e4480000, 0x00000000eab00000)
  object space 594432K, 63% used [0x00000000c0000000,0x00000000d6efd538,0x00000000e4480000)
 Metaspace       used 135067K, capacity 143454K, committed 143704K, reserved 1175552K
  class space    used 16438K, capacity 17944K, committed 18048K, reserved 1048576K
}
Event: 4434.370 GC heap before
{Heap before GC invocations=167 (full 6):
 PSYoungGen      total 323072K, used 310879K [0x00000000eab00000, 0x00000000ffc80000, 0x0000000100000000)
  eden space 300032K, 100% used [0x00000000eab00000,0x00000000fd000000,0x00000000fd000000)
  from space 23040K, 47% used [0x00000000fe600000,0x00000000ff097e28,0x00000000ffc80000)
  to   space 22528K, 0% used [0x00000000fd000000,0x00000000fd000000,0x00000000fe600000)
 ParOldGen       total 594432K, used 375799K [0x00000000c0000000, 0x00000000e4480000, 0x00000000eab00000)
  object space 594432K, 63% used [0x00000000c0000000,0x00000000d6efdcc0,0x00000000e4480000)
 Metaspace       used 135072K, capacity 143518K, committed 143704K, reserved 1175552K
  class space    used 16438K, capacity 17944K, committed 18048K, reserved 1048576K
Event: 4434.385 GC heap after
Heap after GC invocations=167 (full 6):
 PSYoungGen      total 322560K, used 6996K [0x00000000eab00000, 0x00000000ffe80000, 0x0000000100000000)
  eden space 300032K, 0% used [0x00000000eab00000,0x00000000eab00000,0x00000000fd000000)
  from space 22528K, 31% used [0x00000000fd000000,0x00000000fd6d5228,0x00000000fe600000)
  to   space 22016K, 0% used [0x00000000fe900000,0x00000000fe900000,0x00000000ffe80000)
 ParOldGen       total 594432K, used 383565K [0x00000000c0000000, 0x00000000e4480000, 0x00000000eab00000)
  object space 594432K, 64% used [0x00000000c0000000,0x00000000d7693610,0x00000000e4480000)
 Metaspace       used 135072K, capacity 143518K, committed 143704K, reserved 1175552K
  class space    used 16438K, capacity 17944K, committed 18048K, reserved 1048576K
}

