# JRE version: OpenJDK Runtime Environment (8.0_202-b03) (build 1.8.0_202-release-1483-b03)
# Java VM: OpenJDK 64-Bit Server VM (25.202-b03 mixed mode windows-amd64 compressed oops)
Heap:
 PSYoungGen      total 208384K, used 136565K [0x00000000eab00000, 0x0000000100000000, 0x0000000100000000)
  eden space 183808K, 74% used [0x00000000eab00000,0x00000000f305d5f0,0x00000000f5e80000)
  from space 24576K, 0% used [0x00000000f5e80000,0x00000000f5e80000,0x00000000f7680000)
  to   space 81920K, 0% used [0x00000000fb000000,0x00000000fb000000,0x0000000100000000)
 ParOldGen       total 269824K, used 75007K [0x00000000c0000000, 0x00000000d0780000, 0x00000000eab00000)
  object space 269824K, 27% used [0x00000000c0000000,0x00000000c493fd98,0x00000000d0780000)
 Metaspace       used 73925K, capacity 76838K, committed 76928K, reserved 1116160K
  class space    used 9709K, capacity 10359K, committed 10368K, reserved 1048576K
GC Heap History (10 events):
Event: 235.917 GC heap before
{Heap before GC invocations=17 (full 3):
 PSYoungGen      total 208384K, used 208365K [0x00000000eab00000, 0x00000000faa00000, 0x0000000100000000)
  eden space 183808K, 100% used [0x00000000eab00000,0x00000000f5e80000,0x00000000f5e80000)
  from space 24576K, 99% used [0x00000000f5e80000,0x00000000f767b408,0x00000000f7680000)
  to   space 28672K, 0% used [0x00000000f8e00000,0x00000000f8e00000,0x00000000faa00000)
 ParOldGen       total 269824K, used 47459K [0x00000000c0000000, 0x00000000d0780000, 0x00000000eab00000)
  object space 269824K, 17% used [0x00000000c0000000,0x00000000c2e58d88,0x00000000d0780000)
 Metaspace       used 70888K, capacity 73466K, committed 73728K, reserved 1114112K
  class space    used 9358K, capacity 9947K, committed 9984K, reserved 1048576K
Event: 236.031 GC heap after
Heap after GC invocations=17 (full 3):
 PSYoungGen      total 212480K, used 28648K [0x00000000eab00000, 0x00000000faa00000, 0x0000000100000000)
  eden space 183808K, 0% used [0x00000000eab00000,0x00000000eab00000,0x00000000f5e80000)
  from space 28672K, 99% used [0x00000000f8e00000,0x00000000fa9fa250,0x00000000faa00000)
  to   space 24576K, 0% used [0x00000000f5e80000,0x00000000f5e80000,0x00000000f7680000)
 ParOldGen       total 269824K, used 128278K [0x00000000c0000000, 0x00000000d0780000, 0x00000000eab00000)
  object space 269824K, 47% used [0x00000000c0000000,0x00000000c7d459d8,0x00000000d0780000)
 Metaspace       used 70888K, capacity 73466K, committed 73728K, reserved 1114112K
  class space    used 9358K, capacity 9947K, committed 9984K, reserved 1048576K
}
Event: 238.118 GC heap before
{Heap before GC invocations=18 (full 3):
 PSYoungGen      total 212480K, used 212456K [0x00000000eab00000, 0x00000000faa00000, 0x0000000100000000)
  eden space 183808K, 100% used [0x00000000eab00000,0x00000000f5e80000,0x00000000f5e80000)
  from space 28672K, 99% used [0x00000000f8e00000,0x00000000fa9fa250,0x00000000faa00000)
  to   space 24576K, 0% used [0x00000000f5e80000,0x00000000f5e80000,0x00000000f7680000)
 ParOldGen       total 269824K, used 128278K [0x00000000c0000000, 0x00000000d0780000, 0x00000000eab00000)
  object space 269824K, 47% used [0x00000000c0000000,0x00000000c7d459d8,0x00000000d0780000)
 Metaspace       used 71922K, capacity 74616K, committed 74880K, reserved 1114112K
  class space    used 9451K, capacity 10054K, committed 10112K, reserved 1048576K
Event: 238.184 GC heap after
Heap after GC invocations=18 (full 3):
 PSYoungGen      total 208384K, used 24564K [0x00000000eab00000, 0x00000000faa00000, 0x0000000100000000)
  eden space 183808K, 0% used [0x00000000eab00000,0x00000000eab00000,0x00000000f5e80000)
  from space 24576K, 99% used [0x00000000f5e80000,0x00000000f767d000,0x00000000f7680000)
  to   space 28672K, 0% used [0x00000000f8e00000,0x00000000f8e00000,0x00000000faa00000)
 ParOldGen       total 269824K, used 165690K [0x00000000c0000000, 0x00000000d0780000, 0x00000000eab00000)
  object space 269824K, 61% used [0x00000000c0000000,0x00000000ca1cea00,0x00000000d0780000)
 Metaspace       used 71922K, capacity 74616K, committed 74880K, reserved 1114112K
  class space    used 9451K, capacity 10054K, committed 10112K, reserved 1048576K
}
Event: 262.407 GC heap before
{Heap before GC invocations=19 (full 3):
 PSYoungGen      total 208384K, used 208372K [0x00000000eab00000, 0x00000000faa00000, 0x0000000100000000)
  eden space 183808K, 100% used [0x00000000eab00000,0x00000000f5e80000,0x00000000f5e80000)
  from space 24576K, 99% used [0x00000000f5e80000,0x00000000f767d000,0x00000000f7680000)
  to   space 28672K, 0% used [0x00000000f8e00000,0x00000000f8e00000,0x00000000faa00000)
 ParOldGen       total 269824K, used 165690K [0x00000000c0000000, 0x00000000d0780000, 0x00000000eab00000)
  object space 269824K, 61% used [0x00000000c0000000,0x00000000ca1cea00,0x00000000d0780000)
 Metaspace       used 72108K, capacity 74922K, committed 75136K, reserved 1114112K
  class space    used 9469K, capacity 10081K, committed 10112K, reserved 1048576K
Event: 262.439 GC heap after
Heap after GC invocations=19 (full 3):
 PSYoungGen      total 212480K, used 28642K [0x00000000eab00000, 0x00000000faa00000, 0x0000000100000000)
  eden space 183808K, 0% used [0x00000000eab00000,0x00000000eab00000,0x00000000f5e80000)
  from space 28672K, 99% used [0x00000000f8e00000,0x00000000fa9f89e8,0x00000000faa00000)
  to   space 24576K, 0% used [0x00000000f5e80000,0x00000000f5e80000,0x00000000f7680000)
 ParOldGen       total 269824K, used 204545K [0x00000000c0000000, 0x00000000d0780000, 0x00000000eab00000)
  object space 269824K, 75% used [0x00000000c0000000,0x00000000cc7c0518,0x00000000d0780000)
 Metaspace       used 72108K, capacity 74922K, committed 75136K, reserved 1114112K
  class space    used 9469K, capacity 10081K, committed 10112K, reserved 1048576K
}
Event: 266.194 GC heap before
{Heap before GC invocations=20 (full 3):
 PSYoungGen      total 212480K, used 212419K [0x00000000eab00000, 0x00000000faa00000, 0x0000000100000000)
  eden space 183808K, 99% used [0x00000000eab00000,0x00000000f5e78390,0x00000000f5e80000)
  from space 28672K, 99% used [0x00000000f8e00000,0x00000000fa9f89e8,0x00000000faa00000)
  to   space 24576K, 0% used [0x00000000f5e80000,0x00000000f5e80000,0x00000000f7680000)
 ParOldGen       total 269824K, used 204545K [0x00000000c0000000, 0x00000000d0780000, 0x00000000eab00000)
  object space 269824K, 75% used [0x00000000c0000000,0x00000000cc7c0518,0x00000000d0780000)
 Metaspace       used 73741K, capacity 76660K, committed 76928K, reserved 1116160K
  class space    used 9670K, capacity 10304K, committed 10368K, reserved 1048576K
Event: 266.219 GC heap after
Heap after GC invocations=20 (full 3):
 PSYoungGen      total 208384K, used 24569K [0x00000000eab00000, 0x0000000100000000, 0x0000000100000000)
  eden space 183808K, 0% used [0x00000000eab00000,0x00000000eab00000,0x00000000f5e80000)
  from space 24576K, 99% used [0x00000000f5e80000,0x00000000f767e6e8,0x00000000f7680000)
  to   space 81920K, 0% used [0x00000000fb000000,0x00000000fb000000,0x0000000100000000)
 ParOldGen       total 269824K, used 223492K [0x00000000c0000000, 0x00000000d0780000, 0x00000000eab00000)
  object space 269824K, 82% used [0x00000000c0000000,0x00000000cda413f0,0x00000000d0780000)
 Metaspace       used 73741K, capacity 76660K, committed 76928K, reserved 1116160K
  class space    used 9670K, capacity 10304K, committed 10368K, reserved 1048576K
}
Event: 266.219 GC heap before
{Heap before GC invocations=21 (full 4):
 PSYoungGen      total 208384K, used 24569K [0x00000000eab00000, 0x0000000100000000, 0x0000000100000000)
  eden space 183808K, 0% used [0x00000000eab00000,0x00000000eab00000,0x00000000f5e80000)
  from space 24576K, 99% used [0x00000000f5e80000,0x00000000f767e6e8,0x00000000f7680000)
  to   space 81920K, 0% used [0x00000000fb000000,0x00000000fb000000,0x0000000100000000)
 ParOldGen       total 269824K, used 223492K [0x00000000c0000000, 0x00000000d0780000, 0x00000000eab00000)
  object space 269824K, 82% used [0x00000000c0000000,0x00000000cda413f0,0x00000000d0780000)
 Metaspace       used 73741K, capacity 76660K, committed 76928K, reserved 1116160K
  class space    used 9670K, capacity 10304K, committed 10368K, reserved 1048576K
Event: 266.331 GC heap after
Heap after GC invocations=21 (full 4):
 PSYoungGen      total 208384K, used 0K [0x00000000eab00000, 0x0000000100000000, 0x0000000100000000)
  eden space 183808K, 0% used [0x00000000eab00000,0x00000000eab00000,0x00000000f5e80000)
  from space 24576K, 0% used [0x00000000f5e80000,0x00000000f5e80000,0x00000000f7680000)
  to   space 81920K, 0% used [0x00000000fb000000,0x00000000fb000000,0x0000000100000000)
 ParOldGen       total 269824K, used 75007K [0x00000000c0000000, 0x00000000d0780000, 0x00000000eab00000)
  object space 269824K, 27% used [0x00000000c0000000,0x00000000c493fd98,0x00000000d0780000)
 Metaspace       used 73724K, capacity 76614K, committed 76928K, reserved 1116160K
  class space    used 9665K, capacity 10295K, committed 10368K, reserved 1048576K
}

