# JRE version: OpenJDK Runtime Environment (8.0_202-b03) (build 1.8.0_202-release-1483-b03)
# Java VM: OpenJDK 64-Bit Server VM (25.202-b03 mixed mode windows-amd64 compressed oops)
Heap:
 PSYoungGen      total 137216K, used 46911K [0x00000000eab00000, 0x00000000f5000000, 0x0000000100000000)
  eden space 126464K, 28% used [0x00000000eab00000,0x00000000ece532b8,0x00000000f2680000)
  from space 10752K, 99% used [0x00000000f2680000,0x00000000f30fca68,0x00000000f3100000)
  to   space 13312K, 0% used [0x00000000f4300000,0x00000000f4300000,0x00000000f5000000)
 ParOldGen       total 107008K, used 20922K [0x00000000c0000000, 0x00000000c6880000, 0x00000000eab00000)
  object space 107008K, 19% used [0x00000000c0000000,0x00000000c146ea38,0x00000000c6880000)
 Metaspace       used 47424K, capacity 48456K, committed 48768K, reserved 1091584K
  class space    used 6439K, capacity 6727K, committed 6784K, reserved 1048576K
GC Heap History (10 events):
Event: 3.374 GC heap before
{Heap before GC invocations=5 (full 1):
 PSYoungGen      total 75776K, used 65024K [0x00000000eab00000, 0x00000000f3f00000, 0x0000000100000000)
  eden space 65024K, 100% used [0x00000000eab00000,0x00000000eea80000,0x00000000eea80000)
  from space 10752K, 0% used [0x00000000eea80000,0x00000000eea80000,0x00000000ef500000)
  to   space 10752K, 0% used [0x00000000f3480000,0x00000000f3480000,0x00000000f3f00000)
 ParOldGen       total 107008K, used 8898K [0x00000000c0000000, 0x00000000c6880000, 0x00000000eab00000)
  object space 107008K, 8% used [0x00000000c0000000,0x00000000c08b0828,0x00000000c6880000)
 Metaspace       used 25990K, capacity 26464K, committed 26624K, reserved 1073152K
  class space    used 3641K, capacity 3800K, committed 3840K, reserved 1048576K
Event: 3.379 GC heap after
Heap after GC invocations=5 (full 1):
 PSYoungGen      total 103936K, used 6681K [0x00000000eab00000, 0x00000000f3b80000, 0x0000000100000000)
  eden space 96768K, 0% used [0x00000000eab00000,0x00000000eab00000,0x00000000f0980000)
  from space 7168K, 93% used [0x00000000f3480000,0x00000000f3b064a0,0x00000000f3b80000)
  to   space 10752K, 0% used [0x00000000f2680000,0x00000000f2680000,0x00000000f3100000)
 ParOldGen       total 107008K, used 8906K [0x00000000c0000000, 0x00000000c6880000, 0x00000000eab00000)
  object space 107008K, 8% used [0x00000000c0000000,0x00000000c08b2828,0x00000000c6880000)
 Metaspace       used 25990K, capacity 26464K, committed 26624K, reserved 1073152K
  class space    used 3641K, capacity 3800K, committed 3840K, reserved 1048576K
}
Event: 4.756 GC heap before
{Heap before GC invocations=6 (full 1):
 PSYoungGen      total 103936K, used 103449K [0x00000000eab00000, 0x00000000f3b80000, 0x0000000100000000)
  eden space 96768K, 100% used [0x00000000eab00000,0x00000000f0980000,0x00000000f0980000)
  from space 7168K, 93% used [0x00000000f3480000,0x00000000f3b064a0,0x00000000f3b80000)
  to   space 10752K, 0% used [0x00000000f2680000,0x00000000f2680000,0x00000000f3100000)
 ParOldGen       total 107008K, used 8906K [0x00000000c0000000, 0x00000000c6880000, 0x00000000eab00000)
  object space 107008K, 8% used [0x00000000c0000000,0x00000000c08b2828,0x00000000c6880000)
 Metaspace       used 31414K, capacity 32058K, committed 32256K, reserved 1077248K
  class space    used 4407K, capacity 4598K, committed 4608K, reserved 1048576K
Event: 4.769 GC heap after
Heap after GC invocations=6 (full 1):
 PSYoungGen      total 137216K, used 10729K [0x00000000eab00000, 0x00000000f5000000, 0x0000000100000000)
  eden space 126464K, 0% used [0x00000000eab00000,0x00000000eab00000,0x00000000f2680000)
  from space 10752K, 99% used [0x00000000f2680000,0x00000000f30fa7d8,0x00000000f3100000)
  to   space 13312K, 0% used [0x00000000f4300000,0x00000000f4300000,0x00000000f5000000)
 ParOldGen       total 107008K, used 10611K [0x00000000c0000000, 0x00000000c6880000, 0x00000000eab00000)
  object space 107008K, 9% used [0x00000000c0000000,0x00000000c0a5ce38,0x00000000c6880000)
 Metaspace       used 31414K, capacity 32058K, committed 32256K, reserved 1077248K
  class space    used 4407K, capacity 4598K, committed 4608K, reserved 1048576K
}
Event: 4.982 GC heap before
{Heap before GC invocations=7 (full 1):
 PSYoungGen      total 137216K, used 26488K [0x00000000eab00000, 0x00000000f5000000, 0x0000000100000000)
  eden space 126464K, 12% used [0x00000000eab00000,0x00000000eba63b60,0x00000000f2680000)
  from space 10752K, 99% used [0x00000000f2680000,0x00000000f30fa7d8,0x00000000f3100000)
  to   space 13312K, 0% used [0x00000000f4300000,0x00000000f4300000,0x00000000f5000000)
 ParOldGen       total 107008K, used 10611K [0x00000000c0000000, 0x00000000c6880000, 0x00000000eab00000)
  object space 107008K, 9% used [0x00000000c0000000,0x00000000c0a5ce38,0x00000000c6880000)
 Metaspace       used 34604K, capacity 35276K, committed 35416K, reserved 1079296K
  class space    used 4845K, capacity 5054K, committed 5120K, reserved 1048576K
Event: 4.989 GC heap after
Heap after GC invocations=7 (full 1):
 PSYoungGen      total 139776K, used 10235K [0x00000000eab00000, 0x00000000f5000000, 0x0000000100000000)
  eden space 126464K, 0% used [0x00000000eab00000,0x00000000eab00000,0x00000000f2680000)
  from space 13312K, 76% used [0x00000000f4300000,0x00000000f4cfede0,0x00000000f5000000)
  to   space 10752K, 0% used [0x00000000f2680000,0x00000000f2680000,0x00000000f3100000)
 ParOldGen       total 107008K, used 10619K [0x00000000c0000000, 0x00000000c6880000, 0x00000000eab00000)
  object space 107008K, 9% used [0x00000000c0000000,0x00000000c0a5ee38,0x00000000c6880000)
 Metaspace       used 34604K, capacity 35276K, committed 35416K, reserved 1079296K
  class space    used 4845K, capacity 5054K, committed 5120K, reserved 1048576K
}
Event: 4.989 GC heap before
{Heap before GC invocations=8 (full 2):
 PSYoungGen      total 139776K, used 10235K [0x00000000eab00000, 0x00000000f5000000, 0x0000000100000000)
  eden space 126464K, 0% used [0x00000000eab00000,0x00000000eab00000,0x00000000f2680000)
  from space 13312K, 76% used [0x00000000f4300000,0x00000000f4cfede0,0x00000000f5000000)
  to   space 10752K, 0% used [0x00000000f2680000,0x00000000f2680000,0x00000000f3100000)
 ParOldGen       total 107008K, used 10619K [0x00000000c0000000, 0x00000000c6880000, 0x00000000eab00000)
  object space 107008K, 9% used [0x00000000c0000000,0x00000000c0a5ee38,0x00000000c6880000)
 Metaspace       used 34604K, capacity 35276K, committed 35416K, reserved 1079296K
  class space    used 4845K, capacity 5054K, committed 5120K, reserved 1048576K
Event: 5.031 GC heap after
Heap after GC invocations=8 (full 2):
 PSYoungGen      total 139776K, used 0K [0x00000000eab00000, 0x00000000f5000000, 0x0000000100000000)
  eden space 126464K, 0% used [0x00000000eab00000,0x00000000eab00000,0x00000000f2680000)
  from space 13312K, 0% used [0x00000000f4300000,0x00000000f4300000,0x00000000f5000000)
  to   space 10752K, 0% used [0x00000000f2680000,0x00000000f2680000,0x00000000f3100000)
 ParOldGen       total 107008K, used 16792K [0x00000000c0000000, 0x00000000c6880000, 0x00000000eab00000)
  object space 107008K, 15% used [0x00000000c0000000,0x00000000c1066068,0x00000000c6880000)
 Metaspace       used 34604K, capacity 35276K, committed 35416K, reserved 1079296K
  class space    used 4845K, capacity 5054K, committed 5120K, reserved 1048576K
}
Event: 6.203 GC heap before
{Heap before GC invocations=9 (full 2):
 PSYoungGen      total 139776K, used 126464K [0x00000000eab00000, 0x00000000f5000000, 0x0000000100000000)
  eden space 126464K, 100% used [0x00000000eab00000,0x00000000f2680000,0x00000000f2680000)
  from space 13312K, 0% used [0x00000000f4300000,0x00000000f4300000,0x00000000f5000000)
  to   space 10752K, 0% used [0x00000000f2680000,0x00000000f2680000,0x00000000f3100000)
 ParOldGen       total 107008K, used 16792K [0x00000000c0000000, 0x00000000c6880000, 0x00000000eab00000)
  object space 107008K, 15% used [0x00000000c0000000,0x00000000c1066068,0x00000000c6880000)
 Metaspace       used 42480K, capacity 43410K, committed 43776K, reserved 1087488K
  class space    used 5750K, capacity 6028K, committed 6144K, reserved 1048576K
Event: 6.213 GC heap after
Heap after GC invocations=9 (full 2):
 PSYoungGen      total 137216K, used 10738K [0x00000000eab00000, 0x00000000f5000000, 0x0000000100000000)
  eden space 126464K, 0% used [0x00000000eab00000,0x00000000eab00000,0x00000000f2680000)
  from space 10752K, 99% used [0x00000000f2680000,0x00000000f30fca68,0x00000000f3100000)
  to   space 13312K, 0% used [0x00000000f4300000,0x00000000f4300000,0x00000000f5000000)
 ParOldGen       total 107008K, used 20922K [0x00000000c0000000, 0x00000000c6880000, 0x00000000eab00000)
  object space 107008K, 19% used [0x00000000c0000000,0x00000000c146ea38,0x00000000c6880000)
 Metaspace       used 42480K, capacity 43410K, committed 43776K, reserved 1087488K
  class space    used 5750K, capacity 6028K, committed 6144K, reserved 1048576K
}

