# JRE version: OpenJDK Runtime Environment (11.0.8+10) (build 11.0.8+10-b944.6842174)
# Java VM: OpenJDK 64-Bit Server VM (11.0.8+10-b944.6842174, mixed mode, tiered, compressed oops, g1 gc, windows-amd64)
Heap:
 garbage-first heap   total 260096K, used 176433K [0x00000000c0000000, 0x0000000100000000)
  region size 1024K, 64 young (65536K), 9 survivors (9216K)
 Metaspace       used 106305K, capacity 108235K, committed 108800K, reserved 1144832K
  class space    used 12513K, capacity 13155K, committed 13312K, reserved 1048576K
GC Heap History (20 events):
Event: 2812.351 GC heap before
{Heap before GC invocations=112 (full 0):
 garbage-first heap   total 260096K, used 225735K [0x00000000c0000000, 0x0000000100000000)
  region size 1024K, 62 young (63488K), 7 survivors (7168K)
 Metaspace       used 106500K, capacity 108569K, committed 108800K, reserved 1144832K
  class space    used 12582K, capacity 13276K, committed 13312K, reserved 1048576K
}
Event: 2812.367 GC heap after
{Heap after GC invocations=113 (full 0):
 garbage-first heap   total 260096K, used 171664K [0x00000000c0000000, 0x0000000100000000)
  region size 1024K, 5 young (5120K), 5 survivors (5120K)
 Metaspace       used 106500K, capacity 108569K, committed 108800K, reserved 1144832K
  class space    used 12582K, capacity 13276K, committed 13312K, reserved 1048576K
}
Event: 2812.651 GC heap before
{Heap before GC invocations=113 (full 0):
 garbage-first heap   total 260096K, used 223888K [0x00000000c0000000, 0x0000000100000000)
  region size 1024K, 56 young (57344K), 5 survivors (5120K)
 Metaspace       used 106501K, capacity 108569K, committed 108800K, reserved 1144832K
  class space    used 12582K, capacity 13276K, committed 13312K, reserved 1048576K
}
Event: 2812.655 GC heap after
{Heap after GC invocations=114 (full 0):
 garbage-first heap   total 260096K, used 168641K [0x00000000c0000000, 0x0000000100000000)
  region size 1024K, 2 young (2048K), 2 survivors (2048K)
 Metaspace       used 106501K, capacity 108569K, committed 108800K, reserved 1144832K
  class space    used 12582K, capacity 13276K, committed 13312K, reserved 1048576K
}
Event: 2813.065 GC heap before
{Heap before GC invocations=115 (full 0):
 garbage-first heap   total 260096K, used 218817K [0x00000000c0000000, 0x0000000100000000)
  region size 1024K, 56 young (57344K), 2 survivors (2048K)
 Metaspace       used 106300K, capacity 108235K, committed 108800K, reserved 1144832K
  class space    used 12512K, capacity 13155K, committed 13312K, reserved 1048576K
}
Event: 2813.071 GC heap after
{Heap after GC invocations=116 (full 0):
 garbage-first heap   total 260096K, used 163798K [0x00000000c0000000, 0x0000000100000000)
  region size 1024K, 2 young (2048K), 2 survivors (2048K)
 Metaspace       used 106300K, capacity 108235K, committed 108800K, reserved 1144832K
  class space    used 12512K, capacity 13155K, committed 13312K, reserved 1048576K
}
Event: 2813.118 GC heap before
{Heap before GC invocations=116 (full 0):
 garbage-first heap   total 260096K, used 174038K [0x00000000c0000000, 0x0000000100000000)
  region size 1024K, 12 young (12288K), 2 survivors (2048K)
 Metaspace       used 106301K, capacity 108235K, committed 108800K, reserved 1144832K
  class space    used 12513K, capacity 13155K, committed 13312K, reserved 1048576K
}
Event: 2813.128 GC heap after
{Heap after GC invocations=117 (full 0):
 garbage-first heap   total 260096K, used 139137K [0x00000000c0000000, 0x0000000100000000)
  region size 1024K, 1 young (1024K), 1 survivors (1024K)
 Metaspace       used 106301K, capacity 108235K, committed 108800K, reserved 1144832K
  class space    used 12513K, capacity 13155K, committed 13312K, reserved 1048576K
}
Event: 2813.190 GC heap before
{Heap before GC invocations=117 (full 0):
 garbage-first heap   total 260096K, used 150401K [0x00000000c0000000, 0x0000000100000000)
  region size 1024K, 12 young (12288K), 1 survivors (1024K)
 Metaspace       used 106301K, capacity 108235K, committed 108800K, reserved 1144832K
  class space    used 12513K, capacity 13155K, committed 13312K, reserved 1048576K
}
Event: 2813.214 GC heap after
{Heap after GC invocations=118 (full 0):
 garbage-first heap   total 260096K, used 119142K [0x00000000c0000000, 0x0000000100000000)
  region size 1024K, 1 young (1024K), 1 survivors (1024K)
 Metaspace       used 106301K, capacity 108235K, committed 108800K, reserved 1144832K
  class space    used 12513K, capacity 13155K, committed 13312K, reserved 1048576K
}
Event: 2813.433 GC heap before
{Heap before GC invocations=118 (full 0):
 garbage-first heap   total 260096K, used 130406K [0x00000000c0000000, 0x0000000100000000)
  region size 1024K, 12 young (12288K), 1 survivors (1024K)
 Metaspace       used 106301K, capacity 108235K, committed 108800K, reserved 1144832K
  class space    used 12513K, capacity 13155K, committed 13312K, reserved 1048576K
}
Event: 2813.459 GC heap after
{Heap after GC invocations=119 (full 0):
 garbage-first heap   total 260096K, used 113054K [0x00000000c0000000, 0x0000000100000000)
  region size 1024K, 1 young (1024K), 1 survivors (1024K)
 Metaspace       used 106301K, capacity 108235K, committed 108800K, reserved 1144832K
  class space    used 12513K, capacity 13155K, committed 13312K, reserved 1048576K
}
Event: 2814.061 GC heap before
{Heap before GC invocations=119 (full 0):
 garbage-first heap   total 260096K, used 215454K [0x00000000c0000000, 0x0000000100000000)
  region size 1024K, 101 young (103424K), 1 survivors (1024K)
 Metaspace       used 106305K, capacity 108235K, committed 108800K, reserved 1144832K
  class space    used 12513K, capacity 13155K, committed 13312K, reserved 1048576K
}
Event: 2814.073 GC heap after
{Heap after GC invocations=120 (full 0):
 garbage-first heap   total 260096K, used 115136K [0x00000000c0000000, 0x0000000100000000)
  region size 1024K, 3 young (3072K), 3 survivors (3072K)
 Metaspace       used 106305K, capacity 108235K, committed 108800K, reserved 1144832K
  class space    used 12513K, capacity 13155K, committed 13312K, reserved 1048576K
}
Event: 2814.723 GC heap before
{Heap before GC invocations=120 (full 0):
 garbage-first heap   total 260096K, used 217536K [0x00000000c0000000, 0x0000000100000000)
  region size 1024K, 103 young (105472K), 3 survivors (3072K)
 Metaspace       used 106305K, capacity 108235K, committed 108800K, reserved 1144832K
  class space    used 12513K, capacity 13155K, committed 13312K, reserved 1048576K
}
Event: 2814.731 GC heap after
{Heap after GC invocations=121 (full 0):
 garbage-first heap   total 260096K, used 118208K [0x00000000c0000000, 0x0000000100000000)
  region size 1024K, 6 young (6144K), 6 survivors (6144K)
 Metaspace       used 106305K, capacity 108235K, committed 108800K, reserved 1144832K
  class space    used 12513K, capacity 13155K, committed 13312K, reserved 1048576K
}
Event: 2815.311 GC heap before
{Heap before GC invocations=121 (full 0):
 garbage-first heap   total 260096K, used 219584K [0x00000000c0000000, 0x0000000100000000)
  region size 1024K, 105 young (107520K), 6 survivors (6144K)
 Metaspace       used 106305K, capacity 108235K, committed 108800K, reserved 1144832K
  class space    used 12513K, capacity 13155K, committed 13312K, reserved 1048576K
}
Event: 2815.324 GC heap after
{Heap after GC invocations=122 (full 0):
 garbage-first heap   total 260096K, used 120394K [0x00000000c0000000, 0x0000000100000000)
  region size 1024K, 8 young (8192K), 8 survivors (8192K)
 Metaspace       used 106305K, capacity 108235K, committed 108800K, reserved 1144832K
  class space    used 12513K, capacity 13155K, committed 13312K, reserved 1048576K
}
Event: 2816.111 GC heap before
{Heap before GC invocations=122 (full 0):
 garbage-first heap   total 260096K, used 220746K [0x00000000c0000000, 0x0000000100000000)
  region size 1024K, 106 young (108544K), 8 survivors (8192K)
 Metaspace       used 106305K, capacity 108235K, committed 108800K, reserved 1144832K
  class space    used 12513K, capacity 13155K, committed 13312K, reserved 1048576K
}
Event: 2816.136 GC heap after
{Heap after GC invocations=123 (full 0):
 garbage-first heap   total 260096K, used 121137K [0x00000000c0000000, 0x0000000100000000)
  region size 1024K, 9 young (9216K), 9 survivors (9216K)
 Metaspace       used 106305K, capacity 108235K, committed 108800K, reserved 1144832K
  class space    used 12513K, capacity 13155K, committed 13312K, reserved 1048576K
}

