# JRE version: OpenJDK Runtime Environment (8.0_202-b03) (build 1.8.0_202-release-1483-b03)
# Java VM: OpenJDK 64-Bit Server VM (25.202-b03 mixed mode windows-amd64 compressed oops)
Heap:
 PSYoungGen      total 224256K, used 127195K [0x00000000eab00000, 0x00000000fe400000, 0x0000000100000000)
  eden space 198656K, 51% used [0x00000000eab00000,0x00000000f0e388c8,0x00000000f6d00000)
  from space 25600K, 99% used [0x00000000f6d00000,0x00000000f85fe648,0x00000000f8600000)
  to   space 39936K, 0% used [0x00000000fbd00000,0x00000000fbd00000,0x00000000fe400000)
 ParOldGen       total 157696K, used 77607K [0x00000000c0000000, 0x00000000c9a00000, 0x00000000eab00000)
  object space 157696K, 49% used [0x00000000c0000000,0x00000000c4bc9e60,0x00000000c9a00000)
 Metaspace       used 62010K, capacity 63652K, committed 63744K, reserved 1103872K
  class space    used 8225K, capacity 8643K, committed 8704K, reserved 1048576K
GC Heap History (10 events):
Event: 8.295 GC heap before
{Heap before GC invocations=10 (full 2):
 PSYoungGen      total 147968K, used 147966K [0x00000000eab00000, 0x00000000f9500000, 0x0000000100000000)
  eden space 135168K, 100% used [0x00000000eab00000,0x00000000f2f00000,0x00000000f2f00000)
  from space 12800K, 99% used [0x00000000f2f00000,0x00000000f3b7f940,0x00000000f3b80000)
  to   space 15360K, 0% used [0x00000000f8600000,0x00000000f8600000,0x00000000f9500000)
 ParOldGen       total 157696K, used 17912K [0x00000000c0000000, 0x00000000c9a00000, 0x00000000eab00000)
  object space 157696K, 11% used [0x00000000c0000000,0x00000000c117e0e0,0x00000000c9a00000)
 Metaspace       used 53418K, capacity 55040K, committed 55424K, reserved 1097728K
  class space    used 7262K, capacity 7709K, committed 7808K, reserved 1048576K
Event: 8.318 GC heap after
Heap after GC invocations=10 (full 2):
 PSYoungGen      total 220160K, used 15346K [0x00000000eab00000, 0x00000000f9a00000, 0x0000000100000000)
  eden space 204800K, 0% used [0x00000000eab00000,0x00000000eab00000,0x00000000f7300000)
  from space 15360K, 99% used [0x00000000f8600000,0x00000000f94fcbe8,0x00000000f9500000)
  to   space 19456K, 0% used [0x00000000f7300000,0x00000000f7300000,0x00000000f8600000)
 ParOldGen       total 157696K, used 23522K [0x00000000c0000000, 0x00000000c9a00000, 0x00000000eab00000)
  object space 157696K, 14% used [0x00000000c0000000,0x00000000c16f8808,0x00000000c9a00000)
 Metaspace       used 53418K, capacity 55040K, committed 55424K, reserved 1097728K
  class space    used 7262K, capacity 7709K, committed 7808K, reserved 1048576K
}
Event: 10.729 GC heap before
{Heap before GC invocations=11 (full 2):
 PSYoungGen      total 220160K, used 220146K [0x00000000eab00000, 0x00000000f9a00000, 0x0000000100000000)
  eden space 204800K, 100% used [0x00000000eab00000,0x00000000f7300000,0x00000000f7300000)
  from space 15360K, 99% used [0x00000000f8600000,0x00000000f94fcbe8,0x00000000f9500000)
  to   space 19456K, 0% used [0x00000000f7300000,0x00000000f7300000,0x00000000f8600000)
 ParOldGen       total 157696K, used 23522K [0x00000000c0000000, 0x00000000c9a00000, 0x00000000eab00000)
  object space 157696K, 14% used [0x00000000c0000000,0x00000000c16f8808,0x00000000c9a00000)
 Metaspace       used 56175K, capacity 57840K, committed 57984K, reserved 1099776K
  class space    used 7590K, capacity 8027K, committed 8064K, reserved 1048576K
Event: 10.761 GC heap after
Heap after GC invocations=11 (full 2):
 PSYoungGen      total 224256K, used 19443K [0x00000000eab00000, 0x00000000f9a00000, 0x0000000100000000)
  eden space 204800K, 0% used [0x00000000eab00000,0x00000000eab00000,0x00000000f7300000)
  from space 19456K, 99% used [0x00000000f7300000,0x00000000f85fcc98,0x00000000f8600000)
  to   space 15360K, 0% used [0x00000000f8600000,0x00000000f8600000,0x00000000f9500000)
 ParOldGen       total 157696K, used 34992K [0x00000000c0000000, 0x00000000c9a00000, 0x00000000eab00000)
  object space 157696K, 22% used [0x00000000c0000000,0x00000000c222c398,0x00000000c9a00000)
 Metaspace       used 56175K, capacity 57840K, committed 57984K, reserved 1099776K
  class space    used 7590K, capacity 8027K, committed 8064K, reserved 1048576K
}
Event: 12.963 GC heap before
{Heap before GC invocations=12 (full 2):
 PSYoungGen      total 224256K, used 86685K [0x00000000eab00000, 0x00000000f9a00000, 0x0000000100000000)
  eden space 204800K, 32% used [0x00000000eab00000,0x00000000eecaa9c0,0x00000000f7300000)
  from space 19456K, 99% used [0x00000000f7300000,0x00000000f85fcc98,0x00000000f8600000)
  to   space 15360K, 0% used [0x00000000f8600000,0x00000000f8600000,0x00000000f9500000)
 ParOldGen       total 157696K, used 34992K [0x00000000c0000000, 0x00000000c9a00000, 0x00000000eab00000)
  object space 157696K, 22% used [0x00000000c0000000,0x00000000c222c398,0x00000000c9a00000)
 Metaspace       used 57326K, capacity 58948K, committed 59028K, reserved 1099776K
  class space    used 7763K, capacity 8163K, committed 8192K, reserved 1048576K
Event: 12.976 GC heap after
Heap after GC invocations=12 (full 2):
 PSYoungGen      total 214016K, used 14421K [0x00000000eab00000, 0x00000000fdb80000, 0x0000000100000000)
  eden space 198656K, 0% used [0x00000000eab00000,0x00000000eab00000,0x00000000f6d00000)
  from space 15360K, 93% used [0x00000000f8600000,0x00000000f9415738,0x00000000f9500000)
  to   space 25600K, 0% used [0x00000000f6d00000,0x00000000f6d00000,0x00000000f8600000)
 ParOldGen       total 157696K, used 43675K [0x00000000c0000000, 0x00000000c9a00000, 0x00000000eab00000)
  object space 157696K, 27% used [0x00000000c0000000,0x00000000c2aa6dc8,0x00000000c9a00000)
 Metaspace       used 57326K, capacity 58948K, committed 59028K, reserved 1099776K
  class space    used 7763K, capacity 8163K, committed 8192K, reserved 1048576K
}
Event: 12.977 GC heap before
{Heap before GC invocations=13 (full 3):
 PSYoungGen      total 214016K, used 14421K [0x00000000eab00000, 0x00000000fdb80000, 0x0000000100000000)
  eden space 198656K, 0% used [0x00000000eab00000,0x00000000eab00000,0x00000000f6d00000)
  from space 15360K, 93% used [0x00000000f8600000,0x00000000f9415738,0x00000000f9500000)
  to   space 25600K, 0% used [0x00000000f6d00000,0x00000000f6d00000,0x00000000f8600000)
 ParOldGen       total 157696K, used 43675K [0x00000000c0000000, 0x00000000c9a00000, 0x00000000eab00000)
  object space 157696K, 27% used [0x00000000c0000000,0x00000000c2aa6dc8,0x00000000c9a00000)
 Metaspace       used 57326K, capacity 58948K, committed 59028K, reserved 1099776K
  class space    used 7763K, capacity 8163K, committed 8192K, reserved 1048576K
Event: 13.242 GC heap after
Heap after GC invocations=13 (full 3):
 PSYoungGen      total 214016K, used 0K [0x00000000eab00000, 0x00000000fdb80000, 0x0000000100000000)
  eden space 198656K, 0% used [0x00000000eab00000,0x00000000eab00000,0x00000000f6d00000)
  from space 15360K, 0% used [0x00000000f8600000,0x00000000f8600000,0x00000000f9500000)
  to   space 25600K, 0% used [0x00000000f6d00000,0x00000000f6d00000,0x00000000f8600000)
 ParOldGen       total 157696K, used 47428K [0x00000000c0000000, 0x00000000c9a00000, 0x00000000eab00000)
  object space 157696K, 30% used [0x00000000c0000000,0x00000000c2e512d8,0x00000000c9a00000)
 Metaspace       used 57326K, capacity 58948K, committed 59028K, reserved 1099776K
  class space    used 7763K, capacity 8163K, committed 8192K, reserved 1048576K
}
Event: 18.081 GC heap before
{Heap before GC invocations=14 (full 3):
 PSYoungGen      total 214016K, used 198656K [0x00000000eab00000, 0x00000000fdb80000, 0x0000000100000000)
  eden space 198656K, 100% used [0x00000000eab00000,0x00000000f6d00000,0x00000000f6d00000)
  from space 15360K, 0% used [0x00000000f8600000,0x00000000f8600000,0x00000000f9500000)
  to   space 25600K, 0% used [0x00000000f6d00000,0x00000000f6d00000,0x00000000f8600000)
 ParOldGen       total 157696K, used 47428K [0x00000000c0000000, 0x00000000c9a00000, 0x00000000eab00000)
  object space 157696K, 30% used [0x00000000c0000000,0x00000000c2e512d8,0x00000000c9a00000)
 Metaspace       used 60476K, capacity 62084K, committed 62336K, reserved 1103872K
  class space    used 8120K, capacity 8547K, committed 8576K, reserved 1048576K
Event: 18.108 GC heap after
Heap after GC invocations=14 (full 3):
 PSYoungGen      total 224256K, used 25593K [0x00000000eab00000, 0x00000000fe400000, 0x0000000100000000)
  eden space 198656K, 0% used [0x00000000eab00000,0x00000000eab00000,0x00000000f6d00000)
  from space 25600K, 99% used [0x00000000f6d00000,0x00000000f85fe648,0x00000000f8600000)
  to   space 39936K, 0% used [0x00000000fbd00000,0x00000000fbd00000,0x00000000fe400000)
 ParOldGen       total 157696K, used 77607K [0x00000000c0000000, 0x00000000c9a00000, 0x00000000eab00000)
  object space 157696K, 49% used [0x00000000c0000000,0x00000000c4bc9e60,0x00000000c9a00000)
 Metaspace       used 60476K, capacity 62084K, committed 62336K, reserved 1103872K
  class space    used 8120K, capacity 8547K, committed 8576K, reserved 1048576K
}

