# JRE version: OpenJDK Runtime Environment (8.0_202-b03) (build 1.8.0_202-release-1483-b03)
# Java VM: OpenJDK 64-Bit Server VM (25.202-b03 mixed mode windows-amd64 compressed oops)
Heap:
 PSYoungGen      total 106496K, used 84916K [0x00000000eab00000, 0x00000000f4b00000, 0x0000000100000000)
  eden space 93696K, 79% used [0x00000000eab00000,0x00000000ef431a30,0x00000000f0680000)
  from space 12800K, 77% used [0x00000000f0680000,0x00000000f103b5d0,0x00000000f1300000)
  to   space 12800K, 0% used [0x00000000f3e80000,0x00000000f3e80000,0x00000000f4b00000)
 ParOldGen       total 166400K, used 18147K [0x00000000c0000000, 0x00000000ca280000, 0x00000000eab00000)
  object space 166400K, 10% used [0x00000000c0000000,0x00000000c11b8f20,0x00000000ca280000)
 Metaspace       used 48473K, capacity 49464K, committed 49664K, reserved 1091584K
  class space    used 6574K, capacity 6871K, committed 6912K, reserved 1048576K
GC Heap History (10 events):
Event: 5.856 GC heap before
{Heap before GC invocations=5 (full 1):
 PSYoungGen      total 75776K, used 65024K [0x00000000eab00000, 0x00000000eff80000, 0x0000000100000000)
  eden space 65024K, 100% used [0x00000000eab00000,0x00000000eea80000,0x00000000eea80000)
  from space 10752K, 0% used [0x00000000eea80000,0x00000000eea80000,0x00000000ef500000)
  to   space 10752K, 0% used [0x00000000ef500000,0x00000000ef500000,0x00000000eff80000)
 ParOldGen       total 107008K, used 8961K [0x00000000c0000000, 0x00000000c6880000, 0x00000000eab00000)
  object space 107008K, 8% used [0x00000000c0000000,0x00000000c08c0538,0x00000000c6880000)
 Metaspace       used 25999K, capacity 26464K, committed 26624K, reserved 1073152K
  class space    used 3642K, capacity 3800K, committed 3840K, reserved 1048576K
Event: 5.862 GC heap after
Heap after GC invocations=5 (full 1):
 PSYoungGen      total 75776K, used 6602K [0x00000000eab00000, 0x00000000f1d80000, 0x0000000100000000)
  eden space 65024K, 0% used [0x00000000eab00000,0x00000000eab00000,0x00000000eea80000)
  from space 10752K, 61% used [0x00000000ef500000,0x00000000efb72a40,0x00000000eff80000)
  to   space 10752K, 0% used [0x00000000eea80000,0x00000000eea80000,0x00000000ef500000)
 ParOldGen       total 107008K, used 8969K [0x00000000c0000000, 0x00000000c6880000, 0x00000000eab00000)
  object space 107008K, 8% used [0x00000000c0000000,0x00000000c08c2538,0x00000000c6880000)
 Metaspace       used 25999K, capacity 26464K, committed 26624K, reserved 1073152K
  class space    used 3642K, capacity 3800K, committed 3840K, reserved 1048576K
}
Event: 6.973 GC heap before
{Heap before GC invocations=6 (full 1):
 PSYoungGen      total 75776K, used 71626K [0x00000000eab00000, 0x00000000f1d80000, 0x0000000100000000)
  eden space 65024K, 100% used [0x00000000eab00000,0x00000000eea80000,0x00000000eea80000)
  from space 10752K, 61% used [0x00000000ef500000,0x00000000efb72a40,0x00000000eff80000)
  to   space 10752K, 0% used [0x00000000eea80000,0x00000000eea80000,0x00000000ef500000)
 ParOldGen       total 107008K, used 8969K [0x00000000c0000000, 0x00000000c6880000, 0x00000000eab00000)
  object space 107008K, 8% used [0x00000000c0000000,0x00000000c08c2538,0x00000000c6880000)
 Metaspace       used 30038K, capacity 30662K, committed 30848K, reserved 1075200K
  class space    used 4209K, capacity 4387K, committed 4480K, reserved 1048576K
Event: 6.985 GC heap after
Heap after GC invocations=6 (full 1):
 PSYoungGen      total 75776K, used 9507K [0x00000000eab00000, 0x00000000f1f80000, 0x0000000100000000)
  eden space 65024K, 0% used [0x00000000eab00000,0x00000000eab00000,0x00000000eea80000)
  from space 10752K, 88% used [0x00000000eea80000,0x00000000ef3c8de0,0x00000000ef500000)
  to   space 11264K, 0% used [0x00000000f1480000,0x00000000f1480000,0x00000000f1f80000)
 ParOldGen       total 107008K, used 8977K [0x00000000c0000000, 0x00000000c6880000, 0x00000000eab00000)
  object space 107008K, 8% used [0x00000000c0000000,0x00000000c08c4538,0x00000000c6880000)
 Metaspace       used 30038K, capacity 30662K, committed 30848K, reserved 1075200K
  class space    used 4209K, capacity 4387K, committed 4480K, reserved 1048576K
}
Event: 14.338 GC heap before
{Heap before GC invocations=7 (full 1):
 PSYoungGen      total 75776K, used 54927K [0x00000000eab00000, 0x00000000f1f80000, 0x0000000100000000)
  eden space 65024K, 69% used [0x00000000eab00000,0x00000000ed75afd8,0x00000000eea80000)
  from space 10752K, 88% used [0x00000000eea80000,0x00000000ef3c8de0,0x00000000ef500000)
  to   space 11264K, 0% used [0x00000000f1480000,0x00000000f1480000,0x00000000f1f80000)
 ParOldGen       total 107008K, used 8977K [0x00000000c0000000, 0x00000000c6880000, 0x00000000eab00000)
  object space 107008K, 8% used [0x00000000c0000000,0x00000000c08c4538,0x00000000c6880000)
 Metaspace       used 34579K, capacity 35276K, committed 35416K, reserved 1079296K
  class space    used 4838K, capacity 5054K, committed 5120K, reserved 1048576K
Event: 14.347 GC heap after
Heap after GC invocations=7 (full 1):
 PSYoungGen      total 103936K, used 11248K [0x00000000eab00000, 0x00000000f1f80000, 0x0000000100000000)
  eden space 92672K, 0% used [0x00000000eab00000,0x00000000eab00000,0x00000000f0580000)
  from space 11264K, 99% used [0x00000000f1480000,0x00000000f1f7c030,0x00000000f1f80000)
  to   space 12800K, 0% used [0x00000000f0680000,0x00000000f0680000,0x00000000f1300000)
 ParOldGen       total 107008K, used 9357K [0x00000000c0000000, 0x00000000c6880000, 0x00000000eab00000)
  object space 107008K, 8% used [0x00000000c0000000,0x00000000c0923610,0x00000000c6880000)
 Metaspace       used 34579K, capacity 35276K, committed 35416K, reserved 1079296K
  class space    used 4838K, capacity 5054K, committed 5120K, reserved 1048576K
}
Event: 14.347 GC heap before
{Heap before GC invocations=8 (full 2):
 PSYoungGen      total 103936K, used 11248K [0x00000000eab00000, 0x00000000f1f80000, 0x0000000100000000)
  eden space 92672K, 0% used [0x00000000eab00000,0x00000000eab00000,0x00000000f0580000)
  from space 11264K, 99% used [0x00000000f1480000,0x00000000f1f7c030,0x00000000f1f80000)
  to   space 12800K, 0% used [0x00000000f0680000,0x00000000f0680000,0x00000000f1300000)
 ParOldGen       total 107008K, used 9357K [0x00000000c0000000, 0x00000000c6880000, 0x00000000eab00000)
  object space 107008K, 8% used [0x00000000c0000000,0x00000000c0923610,0x00000000c6880000)
 Metaspace       used 34579K, capacity 35276K, committed 35416K, reserved 1079296K
  class space    used 4838K, capacity 5054K, committed 5120K, reserved 1048576K
Event: 14.393 GC heap after
Heap after GC invocations=8 (full 2):
 PSYoungGen      total 103936K, used 0K [0x00000000eab00000, 0x00000000f1f80000, 0x0000000100000000)
  eden space 92672K, 0% used [0x00000000eab00000,0x00000000eab00000,0x00000000f0580000)
  from space 11264K, 0% used [0x00000000f1480000,0x00000000f1480000,0x00000000f1f80000)
  to   space 12800K, 0% used [0x00000000f0680000,0x00000000f0680000,0x00000000f1300000)
 ParOldGen       total 166400K, used 18139K [0x00000000c0000000, 0x00000000ca280000, 0x00000000eab00000)
  object space 166400K, 10% used [0x00000000c0000000,0x00000000c11b6f20,0x00000000ca280000)
 Metaspace       used 34579K, capacity 35276K, committed 35416K, reserved 1079296K
  class space    used 4838K, capacity 5054K, committed 5120K, reserved 1048576K
}
Event: 15.680 GC heap before
{Heap before GC invocations=9 (full 2):
 PSYoungGen      total 103936K, used 92672K [0x00000000eab00000, 0x00000000f1f80000, 0x0000000100000000)
  eden space 92672K, 100% used [0x00000000eab00000,0x00000000f0580000,0x00000000f0580000)
  from space 11264K, 0% used [0x00000000f1480000,0x00000000f1480000,0x00000000f1f80000)
  to   space 12800K, 0% used [0x00000000f0680000,0x00000000f0680000,0x00000000f1300000)
 ParOldGen       total 166400K, used 18139K [0x00000000c0000000, 0x00000000ca280000, 0x00000000eab00000)
  object space 166400K, 10% used [0x00000000c0000000,0x00000000c11b6f20,0x00000000ca280000)
 Metaspace       used 40989K, capacity 41864K, committed 42240K, reserved 1085440K
  class space    used 5587K, capacity 5836K, committed 5888K, reserved 1048576K
Event: 15.689 GC heap after
Heap after GC invocations=9 (full 2):
 PSYoungGen      total 106496K, used 9965K [0x00000000eab00000, 0x00000000f4b00000, 0x0000000100000000)
  eden space 93696K, 0% used [0x00000000eab00000,0x00000000eab00000,0x00000000f0680000)
  from space 12800K, 77% used [0x00000000f0680000,0x00000000f103b5d0,0x00000000f1300000)
  to   space 12800K, 0% used [0x00000000f3e80000,0x00000000f3e80000,0x00000000f4b00000)
 ParOldGen       total 166400K, used 18147K [0x00000000c0000000, 0x00000000ca280000, 0x00000000eab00000)
  object space 166400K, 10% used [0x00000000c0000000,0x00000000c11b8f20,0x00000000ca280000)
 Metaspace       used 40989K, capacity 41864K, committed 42240K, reserved 1085440K
  class space    used 5587K, capacity 5836K, committed 5888K, reserved 1048576K
}

