# JRE version: OpenJDK Runtime Environment (8.0_202-b03) (build 1.8.0_202-release-1483-b03)
# Java VM: OpenJDK 64-Bit Server VM (25.202-b03 mixed mode windows-amd64 compressed oops)
Heap:
 PSYoungGen      total 241664K, used 24713K [0x00000000eab00000, 0x0000000100000000, 0x0000000100000000)
  eden space 167936K, 14% used [0x00000000eab00000,0x00000000ec322468,0x00000000f4f00000)
  from space 73728K, 0% used [0x00000000fb800000,0x00000000fb800000,0x0000000100000000)
  to   space 90624K, 0% used [0x00000000f4f00000,0x00000000f4f00000,0x00000000fa780000)
 ParOldGen       total 218624K, used 194618K [0x00000000c0000000, 0x00000000cd580000, 0x00000000eab00000)
  object space 218624K, 89% used [0x00000000c0000000,0x00000000cbe0ea60,0x00000000cd580000)
 Metaspace       used 75063K, capacity 78172K, committed 78464K, reserved 1118208K
  class space    used 9860K, capacity 10516K, committed 10624K, reserved 1048576K
GC Heap History (10 events):
Event: 142.950 GC heap before
{Heap before GC invocations=20 (full 6):
 PSYoungGen      total 274944K, used 201692K [0x00000000eab00000, 0x0000000100000000, 0x0000000100000000)
  eden space 201728K, 99% used [0x00000000eab00000,0x00000000f6ff7270,0x00000000f7000000)
  from space 73216K, 0% used [0x00000000fb880000,0x00000000fb880000,0x0000000100000000)
  to   space 73728K, 0% used [0x00000000f7000000,0x00000000f7000000,0x00000000fb800000)
 ParOldGen       total 218624K, used 176436K [0x00000000c0000000, 0x00000000cd580000, 0x00000000eab00000)
  object space 218624K, 80% used [0x00000000c0000000,0x00000000cac4d108,0x00000000cd580000)
 Metaspace       used 72254K, capacity 75102K, committed 75264K, reserved 1114112K
  class space    used 9501K, capacity 10133K, committed 10240K, reserved 1048576K
Event: 143.063 GC heap after
Heap after GC invocations=20 (full 6):
 PSYoungGen      total 274944K, used 0K [0x00000000eab00000, 0x0000000100000000, 0x0000000100000000)
  eden space 201728K, 0% used [0x00000000eab00000,0x00000000eab00000,0x00000000f7000000)
  from space 73216K, 0% used [0x00000000fb880000,0x00000000fb880000,0x0000000100000000)
  to   space 73728K, 0% used [0x00000000f7000000,0x00000000f7000000,0x00000000fb800000)
 ParOldGen       total 218624K, used 109686K [0x00000000c0000000, 0x00000000cd580000, 0x00000000eab00000)
  object space 218624K, 50% used [0x00000000c0000000,0x00000000c6b1db90,0x00000000cd580000)
 Metaspace       used 72254K, capacity 75102K, committed 75264K, reserved 1114112K
  class space    used 9501K, capacity 10133K, committed 10240K, reserved 1048576K
}
Event: 143.611 GC heap before
{Heap before GC invocations=21 (full 6):
 PSYoungGen      total 274944K, used 201728K [0x00000000eab00000, 0x0000000100000000, 0x0000000100000000)
  eden space 201728K, 100% used [0x00000000eab00000,0x00000000f7000000,0x00000000f7000000)
  from space 73216K, 0% used [0x00000000fb880000,0x00000000fb880000,0x0000000100000000)
  to   space 73728K, 0% used [0x00000000f7000000,0x00000000f7000000,0x00000000fb800000)
 ParOldGen       total 218624K, used 109686K [0x00000000c0000000, 0x00000000cd580000, 0x00000000eab00000)
  object space 218624K, 50% used [0x00000000c0000000,0x00000000c6b1db90,0x00000000cd580000)
 Metaspace       used 73585K, capacity 76568K, committed 76800K, reserved 1116160K
  class space    used 9726K, capacity 10380K, committed 10496K, reserved 1048576K
Event: 143.662 GC heap after
Heap after GC invocations=21 (full 6):
 PSYoungGen      total 275456K, used 73723K [0x00000000eab00000, 0x0000000100000000, 0x0000000100000000)
  eden space 201728K, 0% used [0x00000000eab00000,0x00000000eab00000,0x00000000f7000000)
  from space 73728K, 99% used [0x00000000f7000000,0x00000000fb7fee90,0x00000000fb800000)
  to   space 73728K, 0% used [0x00000000fb800000,0x00000000fb800000,0x0000000100000000)
 ParOldGen       total 218624K, used 122449K [0x00000000c0000000, 0x00000000cd580000, 0x00000000eab00000)
  object space 218624K, 56% used [0x00000000c0000000,0x00000000c7794690,0x00000000cd580000)
 Metaspace       used 73585K, capacity 76568K, committed 76800K, reserved 1116160K
  class space    used 9726K, capacity 10380K, committed 10496K, reserved 1048576K
}
Event: 145.223 GC heap before
{Heap before GC invocations=22 (full 6):
 PSYoungGen      total 275456K, used 275451K [0x00000000eab00000, 0x0000000100000000, 0x0000000100000000)
  eden space 201728K, 100% used [0x00000000eab00000,0x00000000f7000000,0x00000000f7000000)
  from space 73728K, 99% used [0x00000000f7000000,0x00000000fb7fee90,0x00000000fb800000)
  to   space 73728K, 0% used [0x00000000fb800000,0x00000000fb800000,0x0000000100000000)
 ParOldGen       total 218624K, used 122449K [0x00000000c0000000, 0x00000000cd580000, 0x00000000eab00000)
  object space 218624K, 56% used [0x00000000c0000000,0x00000000c7794690,0x00000000cd580000)
 Metaspace       used 75001K, capacity 78282K, committed 78464K, reserved 1118208K
  class space    used 9879K, capacity 10555K, committed 10624K, reserved 1048576K
Event: 145.293 GC heap after
Heap after GC invocations=22 (full 6):
 PSYoungGen      total 241664K, used 50420K [0x00000000eab00000, 0x0000000100000000, 0x0000000100000000)
  eden space 167936K, 0% used [0x00000000eab00000,0x00000000eab00000,0x00000000f4f00000)
  from space 73728K, 68% used [0x00000000fb800000,0x00000000fe93d1c0,0x0000000100000000)
  to   space 90624K, 0% used [0x00000000f4f00000,0x00000000f4f00000,0x00000000fa780000)
 ParOldGen       total 218624K, used 196016K [0x00000000c0000000, 0x00000000cd580000, 0x00000000eab00000)
  object space 218624K, 89% used [0x00000000c0000000,0x00000000cbf6c0e0,0x00000000cd580000)
 Metaspace       used 75001K, capacity 78282K, committed 78464K, reserved 1118208K
  class space    used 9879K, capacity 10555K, committed 10624K, reserved 1048576K
}
Event: 145.293 GC heap before
{Heap before GC invocations=23 (full 7):
 PSYoungGen      total 241664K, used 50420K [0x00000000eab00000, 0x0000000100000000, 0x0000000100000000)
  eden space 167936K, 0% used [0x00000000eab00000,0x00000000eab00000,0x00000000f4f00000)
  from space 73728K, 68% used [0x00000000fb800000,0x00000000fe93d1c0,0x0000000100000000)
  to   space 90624K, 0% used [0x00000000f4f00000,0x00000000f4f00000,0x00000000fa780000)
 ParOldGen       total 218624K, used 196016K [0x00000000c0000000, 0x00000000cd580000, 0x00000000eab00000)
  object space 218624K, 89% used [0x00000000c0000000,0x00000000cbf6c0e0,0x00000000cd580000)
 Metaspace       used 75001K, capacity 78282K, committed 78464K, reserved 1118208K
  class space    used 9879K, capacity 10555K, committed 10624K, reserved 1048576K
Event: 145.910 GC heap after
Heap after GC invocations=23 (full 7):
 PSYoungGen      total 241664K, used 0K [0x00000000eab00000, 0x0000000100000000, 0x0000000100000000)
  eden space 167936K, 0% used [0x00000000eab00000,0x00000000eab00000,0x00000000f4f00000)
  from space 73728K, 0% used [0x00000000fb800000,0x00000000fb800000,0x0000000100000000)
  to   space 90624K, 0% used [0x00000000f4f00000,0x00000000f4f00000,0x00000000fa780000)
 ParOldGen       total 218624K, used 200924K [0x00000000c0000000, 0x00000000cd580000, 0x00000000eab00000)
  object space 218624K, 91% used [0x00000000c0000000,0x00000000cc437220,0x00000000cd580000)
 Metaspace       used 74939K, capacity 78108K, committed 78464K, reserved 1118208K
  class space    used 9857K, capacity 10516K, committed 10624K, reserved 1048576K
}
Event: 146.432 GC heap before
{Heap before GC invocations=24 (full 8):
 PSYoungGen      total 241664K, used 167936K [0x00000000eab00000, 0x0000000100000000, 0x0000000100000000)
  eden space 167936K, 100% used [0x00000000eab00000,0x00000000f4f00000,0x00000000f4f00000)
  from space 73728K, 0% used [0x00000000fb800000,0x00000000fb800000,0x0000000100000000)
  to   space 90624K, 0% used [0x00000000f4f00000,0x00000000f4f00000,0x00000000fa780000)
 ParOldGen       total 218624K, used 200924K [0x00000000c0000000, 0x00000000cd580000, 0x00000000eab00000)
  object space 218624K, 91% used [0x00000000c0000000,0x00000000cc437220,0x00000000cd580000)
 Metaspace       used 75039K, capacity 78172K, committed 78464K, reserved 1118208K
  class space    used 9857K, capacity 10516K, committed 10624K, reserved 1048576K
Event: 147.044 GC heap after
Heap after GC invocations=24 (full 8):
 PSYoungGen      total 241664K, used 0K [0x00000000eab00000, 0x0000000100000000, 0x0000000100000000)
  eden space 167936K, 0% used [0x00000000eab00000,0x00000000eab00000,0x00000000f4f00000)
  from space 73728K, 0% used [0x00000000fb800000,0x00000000fb800000,0x0000000100000000)
  to   space 90624K, 0% used [0x00000000f4f00000,0x00000000f4f00000,0x00000000fa780000)
 ParOldGen       total 218624K, used 194618K [0x00000000c0000000, 0x00000000cd580000, 0x00000000eab00000)
  object space 218624K, 89% used [0x00000000c0000000,0x00000000cbe0ea60,0x00000000cd580000)
 Metaspace       used 75039K, capacity 78172K, committed 78464K, reserved 1118208K
  class space    used 9857K, capacity 10516K, committed 10624K, reserved 1048576K
}

