# JRE version: OpenJDK Runtime Environment (11.0.8+10) (build 11.0.8+10-b944.6842174)
# Java VM: OpenJDK 64-Bit Server VM (11.0.8+10-b944.6842174, mixed mode, tiered, compressed oops, g1 gc, windows-amd64)
Heap:
 garbage-first heap   total 260096K, used 151959K [0x00000000c0000000, 0x0000000100000000)
  region size 1024K, 106 young (108544K), 10 survivors (10240K)
 Metaspace       used 67362K, capacity 69043K, committed 69248K, reserved 1110016K
  class space    used 8696K, capacity 9248K, committed 9344K, reserved 1048576K
GC Heap History (16 events):
Event: 3.278 GC heap before
{Heap before GC invocations=0 (full 0):
 garbage-first heap   total 260096K, used 26624K [0x00000000c0000000, 0x0000000100000000)
  region size 1024K, 24 young (24576K), 0 survivors (0K)
 Metaspace       used 9975K, capacity 10217K, committed 10368K, reserved 1058816K
  class space    used 1041K, capacity 1084K, committed 1152K, reserved 1048576K
}
Event: 3.287 GC heap after
{Heap after GC invocations=1 (full 0):
 garbage-first heap   total 260096K, used 6760K [0x00000000c0000000, 0x0000000100000000)
  region size 1024K, 3 young (3072K), 3 survivors (3072K)
 Metaspace       used 9975K, capacity 10217K, committed 10368K, reserved 1058816K
  class space    used 1041K, capacity 1084K, committed 1152K, reserved 1048576K
}
Event: 12.341 GC heap before
{Heap before GC invocations=1 (full 0):
 garbage-first heap   total 260096K, used 73320K [0x00000000c0000000, 0x0000000100000000)
  region size 1024K, 69 young (70656K), 3 survivors (3072K)
 Metaspace       used 20789K, capacity 21166K, committed 21248K, reserved 1067008K
  class space    used 2634K, capacity 2776K, committed 2816K, reserved 1048576K
}
Event: 12.359 GC heap after
{Heap after GC invocations=2 (full 0):
 garbage-first heap   total 260096K, used 13389K [0x00000000c0000000, 0x0000000100000000)
  region size 1024K, 10 young (10240K), 10 survivors (10240K)
 Metaspace       used 20789K, capacity 21166K, committed 21248K, reserved 1067008K
  class space    used 2634K, capacity 2776K, committed 2816K, reserved 1048576K
}
Event: 13.421 GC heap before
{Heap before GC invocations=3 (full 0):
 garbage-first heap   total 260096K, used 43085K [0x00000000c0000000, 0x0000000100000000)
  region size 1024K, 31 young (31744K), 10 survivors (10240K)
 Metaspace       used 23215K, capacity 23844K, committed 24064K, reserved 1071104K
  class space    used 3043K, capacity 3221K, committed 3328K, reserved 1048576K
}
Event: 13.434 GC heap after
{Heap after GC invocations=4 (full 0):
 garbage-first heap   total 260096K, used 25984K [0x00000000c0000000, 0x0000000100000000)
  region size 1024K, 4 young (4096K), 4 survivors (4096K)
 Metaspace       used 23215K, capacity 23844K, committed 24064K, reserved 1071104K
  class space    used 3043K, capacity 3221K, committed 3328K, reserved 1048576K
}
Event: 19.607 GC heap before
{Heap before GC invocations=4 (full 0):
 garbage-first heap   total 260096K, used 101760K [0x00000000c0000000, 0x0000000100000000)
  region size 1024K, 76 young (77824K), 4 survivors (4096K)
 Metaspace       used 34508K, capacity 35308K, committed 35456K, reserved 1079296K
  class space    used 4388K, capacity 4645K, committed 4736K, reserved 1048576K
}
Event: 19.618 GC heap after
{Heap after GC invocations=5 (full 0):
 garbage-first heap   total 260096K, used 30641K [0x00000000c0000000, 0x0000000100000000)
  region size 1024K, 8 young (8192K), 8 survivors (8192K)
 Metaspace       used 34508K, capacity 35308K, committed 35456K, reserved 1079296K
  class space    used 4388K, capacity 4645K, committed 4736K, reserved 1048576K
}
Event: 19.873 GC heap before
{Heap before GC invocations=5 (full 0):
 garbage-first heap   total 260096K, used 37809K [0x00000000c0000000, 0x0000000100000000)
  region size 1024K, 16 young (16384K), 8 survivors (8192K)
 Metaspace       used 34983K, capacity 35736K, committed 35840K, reserved 1081344K
  class space    used 4461K, capacity 4681K, committed 4736K, reserved 1048576K
}
Event: 19.897 GC heap after
{Heap after GC invocations=6 (full 0):
 garbage-first heap   total 260096K, used 31956K [0x00000000c0000000, 0x0000000100000000)
  region size 1024K, 7 young (7168K), 7 survivors (7168K)
 Metaspace       used 34983K, capacity 35736K, committed 35840K, reserved 1081344K
  class space    used 4461K, capacity 4681K, committed 4736K, reserved 1048576K
}
Event: 25.477 GC heap before
{Heap before GC invocations=7 (full 0):
 garbage-first heap   total 260096K, used 121044K [0x00000000c0000000, 0x0000000100000000)
  region size 1024K, 91 young (93184K), 7 survivors (7168K)
 Metaspace       used 45072K, capacity 46227K, committed 46336K, reserved 1089536K
  class space    used 5780K, capacity 6107K, committed 6144K, reserved 1048576K
}
Event: 25.501 GC heap after
{Heap after GC invocations=8 (full 0):
 garbage-first heap   total 260096K, used 44578K [0x00000000c0000000, 0x0000000100000000)
  region size 1024K, 12 young (12288K), 12 survivors (12288K)
 Metaspace       used 45072K, capacity 46227K, committed 46336K, reserved 1089536K
  class space    used 5780K, capacity 6107K, committed 6144K, reserved 1048576K
}
Event: 29.951 GC heap before
{Heap before GC invocations=8 (full 0):
 garbage-first heap   total 260096K, used 164386K [0x00000000c0000000, 0x0000000100000000)
  region size 1024K, 130 young (133120K), 12 survivors (12288K)
 Metaspace       used 57061K, capacity 58564K, committed 58752K, reserved 1099776K
  class space    used 7245K, capacity 7695K, committed 7808K, reserved 1048576K
}
Event: 29.981 GC heap after
{Heap after GC invocations=9 (full 0):
 garbage-first heap   total 260096K, used 54019K [0x00000000c0000000, 0x0000000100000000)
  region size 1024K, 17 young (17408K), 17 survivors (17408K)
 Metaspace       used 57061K, capacity 58564K, committed 58752K, reserved 1099776K
  class space    used 7245K, capacity 7695K, committed 7808K, reserved 1048576K
}
Event: 30.713 GC heap before
{Heap before GC invocations=9 (full 0):
 garbage-first heap   total 260096K, used 71427K [0x00000000c0000000, 0x0000000100000000)
  region size 1024K, 35 young (35840K), 17 survivors (17408K)
 Metaspace       used 58578K, capacity 60053K, committed 60160K, reserved 1101824K
  class space    used 7399K, capacity 7869K, committed 7936K, reserved 1048576K
}
Event: 30.747 GC heap after
{Heap after GC invocations=10 (full 0):
 garbage-first heap   total 260096K, used 54679K [0x00000000c0000000, 0x0000000100000000)
  region size 1024K, 10 young (10240K), 10 survivors (10240K)
 Metaspace       used 58578K, capacity 60053K, committed 60160K, reserved 1101824K
  class space    used 7399K, capacity 7869K, committed 7936K, reserved 1048576K
}

