# JRE version: OpenJDK Runtime Environment (8.0_202-b03) (build 1.8.0_202-release-1483-b03)
# Java VM: OpenJDK 64-Bit Server VM (25.202-b03 mixed mode windows-amd64 compressed oops)
Heap:
 PSYoungGen      total 232960K, used 207414K [0x00000000eab00000, 0x0000000100000000, 0x0000000100000000)
  eden space 116736K, 100% used [0x00000000eab00000,0x00000000f1d00000,0x00000000f1d00000)
  from space 116224K, 78% used [0x00000000f1d00000,0x00000000f758dba0,0x00000000f8e80000)
  to   space 116224K, 99% used [0x00000000f8e80000,0x00000000ffff80e0,0x0000000100000000)
 ParOldGen       total 414208K, used 290551K [0x00000000c0000000, 0x00000000d9480000, 0x00000000eab00000)
  object space 414208K, 70% used [0x00000000c0000000,0x00000000d1bc1c00,0x00000000d9480000)
 Metaspace       used 88795K, capacity 93888K, committed 95360K, reserved 1132544K
  class space    used 10962K, capacity 11845K, committed 12160K, reserved 1048576K
GC Heap History (10 events):
Event: 4472.363 GC heap before
{Heap before GC invocations=113 (full 4):
 PSYoungGen      total 230400K, used 227990K [0x00000000eab00000, 0x0000000100000000, 0x0000000100000000)
  eden space 116736K, 100% used [0x00000000eab00000,0x00000000f1d00000,0x00000000f1d00000)
  from space 113664K, 97% used [0x00000000f9100000,0x00000000ffda5ac8,0x0000000100000000)
  to   space 116224K, 0% used [0x00000000f1d00000,0x00000000f1d00000,0x00000000f8e80000)
 ParOldGen       total 414208K, used 177086K [0x00000000c0000000, 0x00000000d9480000, 0x00000000eab00000)
  object space 414208K, 42% used [0x00000000c0000000,0x00000000cacef858,0x00000000d9480000)
 Metaspace       used 88708K, capacity 93766K, committed 95360K, reserved 1132544K
  class space    used 10953K, capacity 11834K, committed 12160K, reserved 1048576K
Event: 4472.439 GC heap after
Heap after GC invocations=113 (full 4):
 PSYoungGen      total 232960K, used 111184K [0x00000000eab00000, 0x0000000100000000, 0x0000000100000000)
  eden space 116736K, 0% used [0x00000000eab00000,0x00000000eab00000,0x00000000f1d00000)
  from space 116224K, 95% used [0x00000000f1d00000,0x00000000f89942f0,0x00000000f8e80000)
  to   space 116224K, 0% used [0x00000000f8e80000,0x00000000f8e80000,0x0000000100000000)
 ParOldGen       total 414208K, used 177086K [0x00000000c0000000, 0x00000000d9480000, 0x00000000eab00000)
  object space 414208K, 42% used [0x00000000c0000000,0x00000000cacef858,0x00000000d9480000)
 Metaspace       used 88708K, capacity 93766K, committed 95360K, reserved 1132544K
  class space    used 10953K, capacity 11834K, committed 12160K, reserved 1048576K
}
Event: 4472.570 GC heap before
{Heap before GC invocations=114 (full 4):
 PSYoungGen      total 232960K, used 227920K [0x00000000eab00000, 0x0000000100000000, 0x0000000100000000)
  eden space 116736K, 100% used [0x00000000eab00000,0x00000000f1d00000,0x00000000f1d00000)
  from space 116224K, 95% used [0x00000000f1d00000,0x00000000f89942f0,0x00000000f8e80000)
  to   space 116224K, 0% used [0x00000000f8e80000,0x00000000f8e80000,0x0000000100000000)
 ParOldGen       total 414208K, used 177086K [0x00000000c0000000, 0x00000000d9480000, 0x00000000eab00000)
  object space 414208K, 42% used [0x00000000c0000000,0x00000000cacef858,0x00000000d9480000)
 Metaspace       used 88708K, capacity 93766K, committed 95360K, reserved 1132544K
  class space    used 10953K, capacity 11834K, committed 12160K, reserved 1048576K
Event: 4472.652 GC heap after
Heap after GC invocations=114 (full 4):
 PSYoungGen      total 232960K, used 111223K [0x00000000eab00000, 0x0000000100000000, 0x0000000100000000)
  eden space 116736K, 0% used [0x00000000eab00000,0x00000000eab00000,0x00000000f1d00000)
  from space 116224K, 95% used [0x00000000f8e80000,0x00000000ffb1dda8,0x0000000100000000)
  to   space 116224K, 0% used [0x00000000f1d00000,0x00000000f1d00000,0x00000000f8e80000)
 ParOldGen       total 414208K, used 177086K [0x00000000c0000000, 0x00000000d9480000, 0x00000000eab00000)
  object space 414208K, 42% used [0x00000000c0000000,0x00000000cacef858,0x00000000d9480000)
 Metaspace       used 88708K, capacity 93766K, committed 95360K, reserved 1132544K
  class space    used 10953K, capacity 11834K, committed 12160K, reserved 1048576K
}
Event: 4473.015 GC heap before
{Heap before GC invocations=115 (full 4):
 PSYoungGen      total 232960K, used 227959K [0x00000000eab00000, 0x0000000100000000, 0x0000000100000000)
  eden space 116736K, 100% used [0x00000000eab00000,0x00000000f1d00000,0x00000000f1d00000)
  from space 116224K, 95% used [0x00000000f8e80000,0x00000000ffb1dda8,0x0000000100000000)
  to   space 116224K, 0% used [0x00000000f1d00000,0x00000000f1d00000,0x00000000f8e80000)
 ParOldGen       total 414208K, used 177086K [0x00000000c0000000, 0x00000000d9480000, 0x00000000eab00000)
  object space 414208K, 42% used [0x00000000c0000000,0x00000000cacef858,0x00000000d9480000)
 Metaspace       used 88733K, capacity 93806K, committed 95360K, reserved 1132544K
  class space    used 10959K, capacity 11842K, committed 12160K, reserved 1048576K
Event: 4473.057 GC heap after
Heap after GC invocations=115 (full 4):
 PSYoungGen      total 232960K, used 116202K [0x00000000eab00000, 0x0000000100000000, 0x0000000100000000)
  eden space 116736K, 0% used [0x00000000eab00000,0x00000000eab00000,0x00000000f1d00000)
  from space 116224K, 99% used [0x00000000f1d00000,0x00000000f8e7a8c8,0x00000000f8e80000)
  to   space 116224K, 0% used [0x00000000f8e80000,0x00000000f8e80000,0x0000000100000000)
 ParOldGen       total 414208K, used 177918K [0x00000000c0000000, 0x00000000d9480000, 0x00000000eab00000)
  object space 414208K, 42% used [0x00000000c0000000,0x00000000cadbf858,0x00000000d9480000)
 Metaspace       used 88733K, capacity 93806K, committed 95360K, reserved 1132544K
  class space    used 10959K, capacity 11842K, committed 12160K, reserved 1048576K
}
Event: 4476.165 GC heap before
{Heap before GC invocations=116 (full 4):
 PSYoungGen      total 232960K, used 232894K [0x00000000eab00000, 0x0000000100000000, 0x0000000100000000)
  eden space 116736K, 99% used [0x00000000eab00000,0x00000000f1cf50f0,0x00000000f1d00000)
  from space 116224K, 99% used [0x00000000f1d00000,0x00000000f8e7a8c8,0x00000000f8e80000)
  to   space 116224K, 0% used [0x00000000f8e80000,0x00000000f8e80000,0x0000000100000000)
 ParOldGen       total 414208K, used 177918K [0x00000000c0000000, 0x00000000d9480000, 0x00000000eab00000)
  object space 414208K, 42% used [0x00000000c0000000,0x00000000cadbf858,0x00000000d9480000)
 Metaspace       used 88755K, capacity 93824K, committed 95360K, reserved 1132544K
  class space    used 10962K, capacity 11845K, committed 12160K, reserved 1048576K
Event: 4476.212 GC heap after
Heap after GC invocations=116 (full 4):
 PSYoungGen      total 232960K, used 113588K [0x00000000eab00000, 0x0000000100000000, 0x0000000100000000)
  eden space 116736K, 0% used [0x00000000eab00000,0x00000000eab00000,0x00000000f1d00000)
  from space 116224K, 97% used [0x00000000f8e80000,0x00000000ffd6d3c8,0x0000000100000000)
  to   space 116224K, 0% used [0x00000000f1d00000,0x00000000f1d00000,0x00000000f8e80000)
 ParOldGen       total 414208K, used 229727K [0x00000000c0000000, 0x00000000d9480000, 0x00000000eab00000)
  object space 414208K, 55% used [0x00000000c0000000,0x00000000ce057c28,0x00000000d9480000)
 Metaspace       used 88755K, capacity 93824K, committed 95360K, reserved 1132544K
  class space    used 10962K, capacity 11845K, committed 12160K, reserved 1048576K
}
Event: 4476.350 GC heap before
{Heap before GC invocations=117 (full 4):
 PSYoungGen      total 232960K, used 230324K [0x00000000eab00000, 0x0000000100000000, 0x0000000100000000)
  eden space 116736K, 100% used [0x00000000eab00000,0x00000000f1d00000,0x00000000f1d00000)
  from space 116224K, 97% used [0x00000000f8e80000,0x00000000ffd6d3c8,0x0000000100000000)
  to   space 116224K, 0% used [0x00000000f1d00000,0x00000000f1d00000,0x00000000f8e80000)
 ParOldGen       total 414208K, used 229727K [0x00000000c0000000, 0x00000000d9480000, 0x00000000eab00000)
  object space 414208K, 55% used [0x00000000c0000000,0x00000000ce057c28,0x00000000d9480000)
 Metaspace       used 88755K, capacity 93824K, committed 95360K, reserved 1132544K
  class space    used 10962K, capacity 11845K, committed 12160K, reserved 1048576K
Event: 4476.400 GC heap after
Heap after GC invocations=117 (full 4):
 PSYoungGen      total 232960K, used 90678K [0x00000000eab00000, 0x0000000100000000, 0x0000000100000000)
  eden space 116736K, 0% used [0x00000000eab00000,0x00000000eab00000,0x00000000f1d00000)
  from space 116224K, 78% used [0x00000000f1d00000,0x00000000f758dba0,0x00000000f8e80000)
  to   space 116224K, 0% used [0x00000000f8e80000,0x00000000f8e80000,0x0000000100000000)
 ParOldGen       total 414208K, used 284559K [0x00000000c0000000, 0x00000000d9480000, 0x00000000eab00000)
  object space 414208K, 68% used [0x00000000c0000000,0x00000000d15e3d38,0x00000000d9480000)
 Metaspace       used 88755K, capacity 93824K, committed 95360K, reserved 1132544K
  class space    used 10962K, capacity 11845K, committed 12160K, reserved 1048576K
}

