# JRE version: OpenJDK Runtime Environment (11.0.8+10) (build 11.0.8+10-b944.6842174)
# Java VM: OpenJDK 64-Bit Server VM (11.0.8+10-b944.6842174, mixed mode, tiered, compressed oops, g1 gc, windows-amd64)
Heap:
 garbage-first heap   total 366592K, used 354506K [0x00000000c0000000, 0x0000000100000000)
  region size 1024K, 16 young (16384K), 11 survivors (11264K)
 Metaspace       used 92837K, capacity 94852K, committed 95360K, reserved 1132544K
  class space    used 11258K, capacity 11971K, committed 12160K, reserved 1048576K
GC Heap History (20 events):
Event: 58.022 GC heap before
{Heap before GC invocations=47 (full 0):
 garbage-first heap   total 260096K, used 211260K [0x00000000c0000000, 0x0000000100000000)
  region size 1024K, 100 young (102400K), 2 survivors (2048K)
 Metaspace       used 89844K, capacity 91882K, committed 91904K, reserved 1130496K
  class space    used 11011K, capacity 11757K, committed 11776K, reserved 1048576K
}
Event: 58.044 GC heap after
{Heap after GC invocations=48 (full 0):
 garbage-first heap   total 260096K, used 132799K [0x00000000c0000000, 0x0000000100000000)
  region size 1024K, 13 young (13312K), 13 survivors (13312K)
 Metaspace       used 89844K, capacity 91882K, committed 91904K, reserved 1130496K
  class space    used 11011K, capacity 11757K, committed 11776K, reserved 1048576K
}
Event: 58.050 GC heap before
{Heap before GC invocations=48 (full 0):
 garbage-first heap   total 260096K, used 133823K [0x00000000c0000000, 0x0000000100000000)
  region size 1024K, 14 young (14336K), 13 survivors (13312K)
 Metaspace       used 89844K, capacity 91882K, committed 91904K, reserved 1130496K
  class space    used 11011K, capacity 11757K, committed 11776K, reserved 1048576K
}
Event: 58.064 GC heap after
{Heap after GC invocations=49 (full 0):
 garbage-first heap   total 260096K, used 128682K [0x00000000c0000000, 0x0000000100000000)
  region size 1024K, 2 young (2048K), 2 survivors (2048K)
 Metaspace       used 89844K, capacity 91882K, committed 91904K, reserved 1130496K
  class space    used 11011K, capacity 11757K, committed 11776K, reserved 1048576K
}
Event: 58.970 GC heap before
{Heap before GC invocations=49 (full 0):
 garbage-first heap   total 260096K, used 194218K [0x00000000c0000000, 0x0000000100000000)
  region size 1024K, 68 young (69632K), 2 survivors (2048K)
 Metaspace       used 90679K, capacity 92784K, committed 92928K, reserved 1130496K
  class space    used 11111K, capacity 11906K, committed 12032K, reserved 1048576K
}
Event: 59.016 GC heap after
{Heap after GC invocations=50 (full 0):
 garbage-first heap   total 260096K, used 152837K [0x00000000c0000000, 0x0000000100000000)
  region size 1024K, 10 young (10240K), 10 survivors (10240K)
 Metaspace       used 90679K, capacity 92784K, committed 92928K, reserved 1130496K
  class space    used 11111K, capacity 11906K, committed 12032K, reserved 1048576K
}
Event: 60.765 GC heap before
{Heap before GC invocations=51 (full 0):
 garbage-first heap   total 260096K, used 211205K [0x00000000c0000000, 0x0000000100000000)
  region size 1024K, 58 young (59392K), 10 survivors (10240K)
 Metaspace       used 90535K, capacity 92515K, committed 93184K, reserved 1130496K
  class space    used 11002K, capacity 11713K, committed 12032K, reserved 1048576K
}
Event: 60.786 GC heap after
{Heap after GC invocations=52 (full 0):
 garbage-first heap   total 260096K, used 148024K [0x00000000c0000000, 0x0000000100000000)
  region size 1024K, 2 young (2048K), 2 survivors (2048K)
 Metaspace       used 90535K, capacity 92515K, committed 93184K, reserved 1130496K
  class space    used 11002K, capacity 11713K, committed 12032K, reserved 1048576K
}
Event: 61.280 GC heap before
{Heap before GC invocations=52 (full 0):
 garbage-first heap   total 260096K, used 157240K [0x00000000c0000000, 0x0000000100000000)
  region size 1024K, 12 young (12288K), 2 survivors (2048K)
 Metaspace       used 91290K, capacity 93261K, committed 93952K, reserved 1130496K
  class space    used 11096K, capacity 11791K, committed 12032K, reserved 1048576K
}
Event: 61.294 GC heap after
{Heap after GC invocations=53 (full 0):
 garbage-first heap   total 260096K, used 134383K [0x00000000c0000000, 0x0000000100000000)
  region size 1024K, 2 young (2048K), 2 survivors (2048K)
 Metaspace       used 91290K, capacity 93261K, committed 93952K, reserved 1130496K
  class space    used 11096K, capacity 11791K, committed 12032K, reserved 1048576K
}
Event: 62.797 GC heap before
{Heap before GC invocations=53 (full 0):
 garbage-first heap   total 260096K, used 200943K [0x00000000c0000000, 0x0000000100000000)
  region size 1024K, 68 young (69632K), 2 survivors (2048K)
 Metaspace       used 92347K, capacity 94342K, committed 94848K, reserved 1132544K
  class space    used 11209K, capacity 11937K, committed 12160K, reserved 1048576K
}
Event: 62.819 GC heap after
{Heap after GC invocations=54 (full 0):
 garbage-first heap   total 260096K, used 137485K [0x00000000c0000000, 0x0000000100000000)
  region size 1024K, 5 young (5120K), 5 survivors (5120K)
 Metaspace       used 92347K, capacity 94342K, committed 94848K, reserved 1132544K
  class space    used 11209K, capacity 11937K, committed 12160K, reserved 1048576K
}
Event: 64.044 GC heap before
{Heap before GC invocations=55 (full 0):
 garbage-first heap   total 261120K, used 259341K [0x00000000c0000000, 0x0000000100000000)
  region size 1024K, 69 young (70656K), 5 survivors (5120K)
 Metaspace       used 92657K, capacity 94602K, committed 95104K, reserved 1132544K
  class space    used 11239K, capacity 11930K, committed 12160K, reserved 1048576K
}
Event: 64.053 GC heap after
{Heap after GC invocations=56 (full 0):
 garbage-first heap   total 266240K, used 147682K [0x00000000c0000000, 0x0000000100000000)
  region size 1024K, 5 young (5120K), 5 survivors (5120K)
 Metaspace       used 92657K, capacity 94602K, committed 95104K, reserved 1132544K
  class space    used 11239K, capacity 11930K, committed 12160K, reserved 1048576K
}
Event: 64.109 GC heap before
{Heap before GC invocations=56 (full 0):
 garbage-first heap   total 266240K, used 154850K [0x00000000c0000000, 0x0000000100000000)
  region size 1024K, 13 young (13312K), 5 survivors (5120K)
 Metaspace       used 92668K, capacity 94602K, committed 95104K, reserved 1132544K
  class space    used 11239K, capacity 11930K, committed 12160K, reserved 1048576K
}
Event: 64.123 GC heap after
{Heap after GC invocations=57 (full 0):
 garbage-first heap   total 266240K, used 126028K [0x00000000c0000000, 0x0000000100000000)
  region size 1024K, 1 young (1024K), 1 survivors (1024K)
 Metaspace       used 92668K, capacity 94602K, committed 95104K, reserved 1132544K
  class space    used 11239K, capacity 11930K, committed 12160K, reserved 1048576K
}
Event: 65.171 GC heap before
{Heap before GC invocations=57 (full 0):
 garbage-first heap   total 266240K, used 264268K [0x00000000c0000000, 0x0000000100000000)
  region size 1024K, 60 young (61440K), 1 survivors (1024K)
 Metaspace       used 92781K, capacity 94765K, committed 95360K, reserved 1132544K
  class space    used 11251K, capacity 11963K, committed 12160K, reserved 1048576K
}
Event: 65.178 GC heap after
{Heap after GC invocations=58 (full 0):
 garbage-first heap   total 270336K, used 137235K [0x00000000c0000000, 0x0000000100000000)
  region size 1024K, 4 young (4096K), 4 survivors (4096K)
 Metaspace       used 92781K, capacity 94765K, committed 95360K, reserved 1132544K
  class space    used 11251K, capacity 11963K, committed 12160K, reserved 1048576K
}
Event: 65.361 GC heap before
{Heap before GC invocations=58 (full 0):
 garbage-first heap   total 270336K, used 192531K [0x00000000c0000000, 0x0000000100000000)
  region size 1024K, 51 young (52224K), 4 survivors (4096K)
 Metaspace       used 92807K, capacity 94765K, committed 95360K, reserved 1132544K
  class space    used 11251K, capacity 11963K, committed 12160K, reserved 1048576K
}
Event: 65.366 GC heap after
{Heap after GC invocations=59 (full 0):
 garbage-first heap   total 270336K, used 158922K [0x00000000c0000000, 0x0000000100000000)
  region size 1024K, 11 young (11264K), 11 survivors (11264K)
 Metaspace       used 92807K, capacity 94765K, committed 95360K, reserved 1132544K
  class space    used 11251K, capacity 11963K, committed 12160K, reserved 1048576K
}

