# JRE version: OpenJDK Runtime Environment (8.0_202-b03) (build 1.8.0_202-release-1483-b03)
# Java VM: OpenJDK 64-Bit Server VM (25.202-b03 mixed mode windows-amd64 compressed oops)
Heap:
 PSYoungGen      total 236544K, used 146877K [0x00000000eab00000, 0x0000000100000000, 0x0000000100000000)
  eden space 144384K, 45% used [0x00000000eab00000,0x00000000eeba7bb8,0x00000000f3800000)
  from space 92160K, 87% used [0x00000000fa600000,0x00000000ff4c78e8,0x0000000100000000)
  to   space 102400K, 0% used [0x00000000f3800000,0x00000000f3800000,0x00000000f9c00000)
 ParOldGen       total 498688K, used 189434K [0x00000000c0000000, 0x00000000de700000, 0x00000000eab00000)
  object space 498688K, 37% used [0x00000000c0000000,0x00000000cb8feb68,0x00000000de700000)
 Metaspace       used 72932K, capacity 75470K, committed 75648K, reserved 1114112K
  class space    used 9546K, capacity 10110K, committed 10112K, reserved 1048576K
GC Heap History (10 events):
Event: 28.500 GC heap before
{Heap before GC invocations=18 (full 4):
 PSYoungGen      total 249856K, used 167128K [0x00000000eab00000, 0x0000000100000000, 0x0000000100000000)
  eden space 150528K, 100% used [0x00000000eab00000,0x00000000f3e00000,0x00000000f3e00000)
  from space 99328K, 16% used [0x00000000f3e00000,0x00000000f4e36298,0x00000000f9f00000)
  to   space 95744K, 0% used [0x00000000fa280000,0x00000000fa280000,0x0000000100000000)
 ParOldGen       total 498688K, used 189394K [0x00000000c0000000, 0x00000000de700000, 0x00000000eab00000)
  object space 498688K, 37% used [0x00000000c0000000,0x00000000cb8f4b68,0x00000000de700000)
 Metaspace       used 63733K, capacity 65908K, committed 66176K, reserved 1105920K
  class space    used 8552K, capacity 9045K, committed 9088K, reserved 1048576K
Event: 28.518 GC heap after
Heap after GC invocations=18 (full 4):
 PSYoungGen      total 235008K, used 34048K [0x00000000eab00000, 0x00000000ff180000, 0x0000000100000000)
  eden space 154112K, 0% used [0x00000000eab00000,0x00000000eab00000,0x00000000f4180000)
  from space 80896K, 42% used [0x00000000fa280000,0x00000000fc3c0008,0x00000000ff180000)
  to   space 90112K, 0% used [0x00000000f4180000,0x00000000f4180000,0x00000000f9980000)
 ParOldGen       total 498688K, used 189402K [0x00000000c0000000, 0x00000000de700000, 0x00000000eab00000)
  object space 498688K, 37% used [0x00000000c0000000,0x00000000cb8f6b68,0x00000000de700000)
 Metaspace       used 63733K, capacity 65908K, committed 66176K, reserved 1105920K
  class space    used 8552K, capacity 9045K, committed 9088K, reserved 1048576K
}
Event: 29.731 GC heap before
{Heap before GC invocations=19 (full 4):
 PSYoungGen      total 235008K, used 188160K [0x00000000eab00000, 0x00000000ff180000, 0x0000000100000000)
  eden space 154112K, 100% used [0x00000000eab00000,0x00000000f4180000,0x00000000f4180000)
  from space 80896K, 42% used [0x00000000fa280000,0x00000000fc3c0008,0x00000000ff180000)
  to   space 90112K, 0% used [0x00000000f4180000,0x00000000f4180000,0x00000000f9980000)
 ParOldGen       total 498688K, used 189402K [0x00000000c0000000, 0x00000000de700000, 0x00000000eab00000)
  object space 498688K, 37% used [0x00000000c0000000,0x00000000cb8f6b68,0x00000000de700000)
 Metaspace       used 64020K, capacity 66240K, committed 66560K, reserved 1105920K
  class space    used 8601K, capacity 9107K, committed 9216K, reserved 1048576K
Event: 29.745 GC heap after
Heap after GC invocations=19 (full 4):
 PSYoungGen      total 244224K, used 41073K [0x00000000eab00000, 0x0000000100000000, 0x0000000100000000)
  eden space 154112K, 0% used [0x00000000eab00000,0x00000000eab00000,0x00000000f4180000)
  from space 90112K, 45% used [0x00000000f4180000,0x00000000f699c4f0,0x00000000f9980000)
  to   space 87040K, 0% used [0x00000000fab00000,0x00000000fab00000,0x0000000100000000)
 ParOldGen       total 498688K, used 189410K [0x00000000c0000000, 0x00000000de700000, 0x00000000eab00000)
  object space 498688K, 37% used [0x00000000c0000000,0x00000000cb8f8b68,0x00000000de700000)
 Metaspace       used 64020K, capacity 66240K, committed 66560K, reserved 1105920K
  class space    used 8601K, capacity 9107K, committed 9216K, reserved 1048576K
}
Event: 485.803 GC heap before
{Heap before GC invocations=20 (full 4):
 PSYoungGen      total 244224K, used 195185K [0x00000000eab00000, 0x0000000100000000, 0x0000000100000000)
  eden space 154112K, 100% used [0x00000000eab00000,0x00000000f4180000,0x00000000f4180000)
  from space 90112K, 45% used [0x00000000f4180000,0x00000000f699c4f0,0x00000000f9980000)
  to   space 87040K, 0% used [0x00000000fab00000,0x00000000fab00000,0x0000000100000000)
 ParOldGen       total 498688K, used 189410K [0x00000000c0000000, 0x00000000de700000, 0x00000000eab00000)
  object space 498688K, 37% used [0x00000000c0000000,0x00000000cb8f8b68,0x00000000de700000)
 Metaspace       used 68060K, capacity 70504K, committed 70784K, reserved 1110016K
  class space    used 8985K, capacity 9523K, committed 9600K, reserved 1048576K
Event: 485.826 GC heap after
Heap after GC invocations=20 (full 4):
 PSYoungGen      total 244736K, used 37208K [0x00000000eab00000, 0x00000000ff380000, 0x0000000100000000)
  eden space 170496K, 0% used [0x00000000eab00000,0x00000000eab00000,0x00000000f5180000)
  from space 74240K, 50% used [0x00000000fab00000,0x00000000fcf561a0,0x00000000ff380000)
  to   space 82944K, 0% used [0x00000000f5180000,0x00000000f5180000,0x00000000fa280000)
 ParOldGen       total 498688K, used 189418K [0x00000000c0000000, 0x00000000de700000, 0x00000000eab00000)
  object space 498688K, 37% used [0x00000000c0000000,0x00000000cb8fab68,0x00000000de700000)
 Metaspace       used 68060K, capacity 70504K, committed 70784K, reserved 1110016K
  class space    used 8985K, capacity 9523K, committed 9600K, reserved 1048576K
}
Event: 489.909 GC heap before
{Heap before GC invocations=21 (full 4):
 PSYoungGen      total 244736K, used 207704K [0x00000000eab00000, 0x00000000ff380000, 0x0000000100000000)
  eden space 170496K, 100% used [0x00000000eab00000,0x00000000f5180000,0x00000000f5180000)
  from space 74240K, 50% used [0x00000000fab00000,0x00000000fcf561a0,0x00000000ff380000)
  to   space 82944K, 0% used [0x00000000f5180000,0x00000000f5180000,0x00000000fa280000)
 ParOldGen       total 498688K, used 189418K [0x00000000c0000000, 0x00000000de700000, 0x00000000eab00000)
  object space 498688K, 37% used [0x00000000c0000000,0x00000000cb8fab68,0x00000000de700000)
 Metaspace       used 72374K, capacity 74926K, committed 75136K, reserved 1114112K
  class space    used 9525K, capacity 10078K, committed 10112K, reserved 1048576K
Event: 489.971 GC heap after
Heap after GC invocations=21 (full 4):
 PSYoungGen      total 253440K, used 72396K [0x00000000eab00000, 0x0000000100000000, 0x0000000100000000)
  eden space 170496K, 0% used [0x00000000eab00000,0x00000000eab00000,0x00000000f5180000)
  from space 82944K, 87% used [0x00000000f5180000,0x00000000f98333f0,0x00000000fa280000)
  to   space 92160K, 0% used [0x00000000fa600000,0x00000000fa600000,0x0000000100000000)
 ParOldGen       total 498688K, used 189426K [0x00000000c0000000, 0x00000000de700000, 0x00000000eab00000)
  object space 498688K, 37% used [0x00000000c0000000,0x00000000cb8fcb68,0x00000000de700000)
 Metaspace       used 72374K, capacity 74926K, committed 75136K, reserved 1114112K
  class space    used 9525K, capacity 10078K, committed 10112K, reserved 1048576K
}
Event: 490.382 GC heap before
{Heap before GC invocations=22 (full 4):
 PSYoungGen      total 253440K, used 242892K [0x00000000eab00000, 0x0000000100000000, 0x0000000100000000)
  eden space 170496K, 100% used [0x00000000eab00000,0x00000000f5180000,0x00000000f5180000)
  from space 82944K, 87% used [0x00000000f5180000,0x00000000f98333f0,0x00000000fa280000)
  to   space 92160K, 0% used [0x00000000fa600000,0x00000000fa600000,0x0000000100000000)
 ParOldGen       total 498688K, used 189426K [0x00000000c0000000, 0x00000000de700000, 0x00000000eab00000)
  object space 498688K, 37% used [0x00000000c0000000,0x00000000cb8fcb68,0x00000000de700000)
 Metaspace       used 72513K, capacity 75054K, committed 75136K, reserved 1114112K
  class space    used 9531K, capacity 10078K, committed 10112K, reserved 1048576K
Event: 490.429 GC heap after
Heap after GC invocations=22 (full 4):
 PSYoungGen      total 236544K, used 80670K [0x00000000eab00000, 0x0000000100000000, 0x0000000100000000)
  eden space 144384K, 0% used [0x00000000eab00000,0x00000000eab00000,0x00000000f3800000)
  from space 92160K, 87% used [0x00000000fa600000,0x00000000ff4c78e8,0x0000000100000000)
  to   space 102400K, 0% used [0x00000000f3800000,0x00000000f3800000,0x00000000f9c00000)
 ParOldGen       total 498688K, used 189434K [0x00000000c0000000, 0x00000000de700000, 0x00000000eab00000)
  object space 498688K, 37% used [0x00000000c0000000,0x00000000cb8feb68,0x00000000de700000)
 Metaspace       used 72513K, capacity 75054K, committed 75136K, reserved 1114112K
  class space    used 9531K, capacity 10078K, committed 10112K, reserved 1048576K
}

