# JRE version: OpenJDK Runtime Environment (8.0_202-b03) (build 1.8.0_202-release-1483-b03)
# Java VM: OpenJDK 64-Bit Server VM (25.202-b03 mixed mode windows-amd64 compressed oops)
Heap:
 PSYoungGen      total 114688K, used 63641K [0x00000000eab00000, 0x00000000f4e80000, 0x0000000100000000)
  eden space 101888K, 50% used [0x00000000eab00000,0x00000000edd87ae0,0x00000000f0e80000)
  from space 12800K, 92% used [0x00000000f0e80000,0x00000000f1a1e9b8,0x00000000f1b00000)
  to   space 13824K, 0% used [0x00000000f4100000,0x00000000f4100000,0x00000000f4e80000)
 ParOldGen       total 122368K, used 17963K [0x00000000c0000000, 0x00000000c7780000, 0x00000000eab00000)
  object space 122368K, 14% used [0x00000000c0000000,0x00000000c118af70,0x00000000c7780000)
 Metaspace       used 44973K, capacity 45932K, committed 46208K, reserved 1089536K
  class space    used 6136K, capacity 6401K, committed 6528K, reserved 1048576K
GC Heap History (10 events):
Event: 55.716 GC heap before
{Heap before GC invocations=5 (full 1):
 PSYoungGen      total 75776K, used 65024K [0x00000000eab00000, 0x00000000eff80000, 0x0000000100000000)
  eden space 65024K, 100% used [0x00000000eab00000,0x00000000eea80000,0x00000000eea80000)
  from space 10752K, 0% used [0x00000000eea80000,0x00000000eea80000,0x00000000ef500000)
  to   space 10752K, 0% used [0x00000000ef500000,0x00000000ef500000,0x00000000eff80000)
 ParOldGen       total 74240K, used 9081K [0x00000000c0000000, 0x00000000c4880000, 0x00000000eab00000)
  object space 74240K, 12% used [0x00000000c0000000,0x00000000c08de7f0,0x00000000c4880000)
 Metaspace       used 26126K, capacity 26660K, committed 26880K, reserved 1073152K
  class space    used 3652K, capacity 3825K, committed 3840K, reserved 1048576K
Event: 55.802 GC heap after
Heap after GC invocations=5 (full 1):
 PSYoungGen      total 75776K, used 6245K [0x00000000eab00000, 0x00000000f2500000, 0x0000000100000000)
  eden space 65024K, 0% used [0x00000000eab00000,0x00000000eab00000,0x00000000eea80000)
  from space 10752K, 58% used [0x00000000ef500000,0x00000000efb197a8,0x00000000eff80000)
  to   space 10752K, 0% used [0x00000000eea80000,0x00000000eea80000,0x00000000ef500000)
 ParOldGen       total 74240K, used 9089K [0x00000000c0000000, 0x00000000c4880000, 0x00000000eab00000)
  object space 74240K, 12% used [0x00000000c0000000,0x00000000c08e07f0,0x00000000c4880000)
 Metaspace       used 26126K, capacity 26660K, committed 26880K, reserved 1073152K
  class space    used 3652K, capacity 3825K, committed 3840K, reserved 1048576K
}
Event: 65.031 GC heap before
{Heap before GC invocations=6 (full 1):
 PSYoungGen      total 75776K, used 71269K [0x00000000eab00000, 0x00000000f2500000, 0x0000000100000000)
  eden space 65024K, 100% used [0x00000000eab00000,0x00000000eea80000,0x00000000eea80000)
  from space 10752K, 58% used [0x00000000ef500000,0x00000000efb197a8,0x00000000eff80000)
  to   space 10752K, 0% used [0x00000000eea80000,0x00000000eea80000,0x00000000ef500000)
 ParOldGen       total 74240K, used 9089K [0x00000000c0000000, 0x00000000c4880000, 0x00000000eab00000)
  object space 74240K, 12% used [0x00000000c0000000,0x00000000c08e07f0,0x00000000c4880000)
 Metaspace       used 30124K, capacity 30752K, committed 30848K, reserved 1075200K
  class space    used 4217K, capacity 4417K, committed 4480K, reserved 1048576K
Event: 65.085 GC heap after
Heap after GC invocations=6 (full 1):
 PSYoungGen      total 75776K, used 9466K [0x00000000eab00000, 0x00000000f2680000, 0x0000000100000000)
  eden space 65024K, 0% used [0x00000000eab00000,0x00000000eab00000,0x00000000eea80000)
  from space 10752K, 88% used [0x00000000eea80000,0x00000000ef3be890,0x00000000ef500000)
  to   space 11776K, 0% used [0x00000000f1b00000,0x00000000f1b00000,0x00000000f2680000)
 ParOldGen       total 74240K, used 9097K [0x00000000c0000000, 0x00000000c4880000, 0x00000000eab00000)
  object space 74240K, 12% used [0x00000000c0000000,0x00000000c08e27f0,0x00000000c4880000)
 Metaspace       used 30124K, capacity 30752K, committed 30848K, reserved 1075200K
  class space    used 4217K, capacity 4417K, committed 4480K, reserved 1048576K
}
Event: 76.370 GC heap before
{Heap before GC invocations=7 (full 1):
 PSYoungGen      total 75776K, used 54824K [0x00000000eab00000, 0x00000000f2680000, 0x0000000100000000)
  eden space 65024K, 69% used [0x00000000eab00000,0x00000000ed74b7c0,0x00000000eea80000)
  from space 10752K, 88% used [0x00000000eea80000,0x00000000ef3be890,0x00000000ef500000)
  to   space 11776K, 0% used [0x00000000f1b00000,0x00000000f1b00000,0x00000000f2680000)
 ParOldGen       total 74240K, used 9097K [0x00000000c0000000, 0x00000000c4880000, 0x00000000eab00000)
  object space 74240K, 12% used [0x00000000c0000000,0x00000000c08e27f0,0x00000000c4880000)
 Metaspace       used 34565K, capacity 35276K, committed 35416K, reserved 1079296K
  class space    used 4829K, capacity 5054K, committed 5120K, reserved 1048576K
Event: 76.424 GC heap after
Heap after GC invocations=7 (full 1):
 PSYoungGen      total 113664K, used 11368K [0x00000000eab00000, 0x00000000f2780000, 0x0000000100000000)
  eden space 101888K, 0% used [0x00000000eab00000,0x00000000eab00000,0x00000000f0e80000)
  from space 11776K, 96% used [0x00000000f1b00000,0x00000000f261a328,0x00000000f2680000)
  to   space 12800K, 0% used [0x00000000f0e80000,0x00000000f0e80000,0x00000000f1b00000)
 ParOldGen       total 74240K, used 9105K [0x00000000c0000000, 0x00000000c4880000, 0x00000000eab00000)
  object space 74240K, 12% used [0x00000000c0000000,0x00000000c08e47f0,0x00000000c4880000)
 Metaspace       used 34565K, capacity 35276K, committed 35416K, reserved 1079296K
  class space    used 4829K, capacity 5054K, committed 5120K, reserved 1048576K
}
Event: 76.425 GC heap before
{Heap before GC invocations=8 (full 2):
 PSYoungGen      total 113664K, used 11368K [0x00000000eab00000, 0x00000000f2780000, 0x0000000100000000)
  eden space 101888K, 0% used [0x00000000eab00000,0x00000000eab00000,0x00000000f0e80000)
  from space 11776K, 96% used [0x00000000f1b00000,0x00000000f261a328,0x00000000f2680000)
  to   space 12800K, 0% used [0x00000000f0e80000,0x00000000f0e80000,0x00000000f1b00000)
 ParOldGen       total 74240K, used 9105K [0x00000000c0000000, 0x00000000c4880000, 0x00000000eab00000)
  object space 74240K, 12% used [0x00000000c0000000,0x00000000c08e47f0,0x00000000c4880000)
 Metaspace       used 34565K, capacity 35276K, committed 35416K, reserved 1079296K
  class space    used 4829K, capacity 5054K, committed 5120K, reserved 1048576K
Event: 76.777 GC heap after
Heap after GC invocations=8 (full 2):
 PSYoungGen      total 113664K, used 0K [0x00000000eab00000, 0x00000000f2780000, 0x0000000100000000)
  eden space 101888K, 0% used [0x00000000eab00000,0x00000000eab00000,0x00000000f0e80000)
  from space 11776K, 0% used [0x00000000f1b00000,0x00000000f1b00000,0x00000000f2680000)
  to   space 12800K, 0% used [0x00000000f0e80000,0x00000000f0e80000,0x00000000f1b00000)
 ParOldGen       total 122368K, used 17955K [0x00000000c0000000, 0x00000000c7780000, 0x00000000eab00000)
  object space 122368K, 14% used [0x00000000c0000000,0x00000000c1188f70,0x00000000c7780000)
 Metaspace       used 34565K, capacity 35276K, committed 35416K, reserved 1079296K
  class space    used 4829K, capacity 5054K, committed 5120K, reserved 1048576K
}
Event: 92.375 GC heap before
{Heap before GC invocations=9 (full 2):
 PSYoungGen      total 113664K, used 101888K [0x00000000eab00000, 0x00000000f2780000, 0x0000000100000000)
  eden space 101888K, 100% used [0x00000000eab00000,0x00000000f0e80000,0x00000000f0e80000)
  from space 11776K, 0% used [0x00000000f1b00000,0x00000000f1b00000,0x00000000f2680000)
  to   space 12800K, 0% used [0x00000000f0e80000,0x00000000f0e80000,0x00000000f1b00000)
 ParOldGen       total 122368K, used 17955K [0x00000000c0000000, 0x00000000c7780000, 0x00000000eab00000)
  object space 122368K, 14% used [0x00000000c0000000,0x00000000c1188f70,0x00000000c7780000)
 Metaspace       used 41851K, capacity 42646K, committed 43008K, reserved 1087488K
  class space    used 5630K, capacity 5857K, committed 5888K, reserved 1048576K
Event: 92.422 GC heap after
Heap after GC invocations=9 (full 2):
 PSYoungGen      total 114688K, used 11898K [0x00000000eab00000, 0x00000000f4e80000, 0x0000000100000000)
  eden space 101888K, 0% used [0x00000000eab00000,0x00000000eab00000,0x00000000f0e80000)
  from space 12800K, 92% used [0x00000000f0e80000,0x00000000f1a1e9b8,0x00000000f1b00000)
  to   space 13824K, 0% used [0x00000000f4100000,0x00000000f4100000,0x00000000f4e80000)
 ParOldGen       total 122368K, used 17963K [0x00000000c0000000, 0x00000000c7780000, 0x00000000eab00000)
  object space 122368K, 14% used [0x00000000c0000000,0x00000000c118af70,0x00000000c7780000)
 Metaspace       used 41851K, capacity 42646K, committed 43008K, reserved 1087488K
  class space    used 5630K, capacity 5857K, committed 5888K, reserved 1048576K
}

