# JRE version: OpenJDK Runtime Environment (8.0_202-b03) (build 1.8.0_202-release-1483-b03)
# Java VM: OpenJDK 64-Bit Server VM (25.202-b03 mixed mode windows-amd64 compressed oops)
Heap:
 PSYoungGen      total 110080K, used 41654K [0x00000000eab00000, 0x00000000f4680000, 0x0000000100000000)
  eden space 98304K, 30% used [0x00000000eab00000,0x00000000ec8ba230,0x00000000f0b00000)
  from space 11776K, 95% used [0x00000000f0b00000,0x00000000f15f36a0,0x00000000f1680000)
  to   space 12288K, 0% used [0x00000000f3a80000,0x00000000f3a80000,0x00000000f4680000)
 ParOldGen       total 168448K, used 16819K [0x00000000c0000000, 0x00000000ca480000, 0x00000000eab00000)
  object space 168448K, 9% used [0x00000000c0000000,0x00000000c106cf20,0x00000000ca480000)
 Metaspace       used 42414K, capacity 43308K, committed 43648K, reserved 1087488K
  class space    used 5721K, capacity 5993K, committed 6016K, reserved 1048576K
GC Heap History (10 events):
Event: 69.058 GC heap before
{Heap before GC invocations=5 (full 1):
 PSYoungGen      total 75776K, used 65024K [0x00000000eab00000, 0x00000000eff80000, 0x0000000100000000)
  eden space 65024K, 100% used [0x00000000eab00000,0x00000000eea80000,0x00000000eea80000)
  from space 10752K, 0% used [0x00000000eea80000,0x00000000eea80000,0x00000000ef500000)
  to   space 10752K, 0% used [0x00000000ef500000,0x00000000ef500000,0x00000000eff80000)
 ParOldGen       total 102912K, used 8859K [0x00000000c0000000, 0x00000000c6480000, 0x00000000eab00000)
  object space 102912K, 8% used [0x00000000c0000000,0x00000000c08a6de8,0x00000000c6480000)
 Metaspace       used 26722K, capacity 27190K, committed 27392K, reserved 1073152K
  class space    used 3646K, capacity 3829K, committed 3840K, reserved 1048576K
Event: 69.120 GC heap after
Heap after GC invocations=5 (full 1):
 PSYoungGen      total 75776K, used 7024K [0x00000000eab00000, 0x00000000f2280000, 0x0000000100000000)
  eden space 65024K, 0% used [0x00000000eab00000,0x00000000eab00000,0x00000000eea80000)
  from space 10752K, 65% used [0x00000000ef500000,0x00000000efbdc080,0x00000000eff80000)
  to   space 10752K, 0% used [0x00000000eea80000,0x00000000eea80000,0x00000000ef500000)
 ParOldGen       total 102912K, used 8867K [0x00000000c0000000, 0x00000000c6480000, 0x00000000eab00000)
  object space 102912K, 8% used [0x00000000c0000000,0x00000000c08a8de8,0x00000000c6480000)
 Metaspace       used 26722K, capacity 27190K, committed 27392K, reserved 1073152K
  class space    used 3646K, capacity 3829K, committed 3840K, reserved 1048576K
}
Event: 78.275 GC heap before
{Heap before GC invocations=6 (full 1):
 PSYoungGen      total 75776K, used 72048K [0x00000000eab00000, 0x00000000f2280000, 0x0000000100000000)
  eden space 65024K, 100% used [0x00000000eab00000,0x00000000eea80000,0x00000000eea80000)
  from space 10752K, 65% used [0x00000000ef500000,0x00000000efbdc080,0x00000000eff80000)
  to   space 10752K, 0% used [0x00000000eea80000,0x00000000eea80000,0x00000000ef500000)
 ParOldGen       total 102912K, used 8867K [0x00000000c0000000, 0x00000000c6480000, 0x00000000eab00000)
  object space 102912K, 8% used [0x00000000c0000000,0x00000000c08a8de8,0x00000000c6480000)
 Metaspace       used 29853K, capacity 30428K, committed 30592K, reserved 1075200K
  class space    used 4148K, capacity 4375K, committed 4480K, reserved 1048576K
Event: 78.313 GC heap after
Heap after GC invocations=6 (full 1):
 PSYoungGen      total 75776K, used 8001K [0x00000000eab00000, 0x00000000f2100000, 0x0000000100000000)
  eden space 65024K, 0% used [0x00000000eab00000,0x00000000eab00000,0x00000000eea80000)
  from space 10752K, 74% used [0x00000000eea80000,0x00000000ef2505a0,0x00000000ef500000)
  to   space 10752K, 0% used [0x00000000f1680000,0x00000000f1680000,0x00000000f2100000)
 ParOldGen       total 102912K, used 8875K [0x00000000c0000000, 0x00000000c6480000, 0x00000000eab00000)
  object space 102912K, 8% used [0x00000000c0000000,0x00000000c08aade8,0x00000000c6480000)
 Metaspace       used 29853K, capacity 30428K, committed 30592K, reserved 1075200K
  class space    used 4148K, capacity 4375K, committed 4480K, reserved 1048576K
}
Event: 84.779 GC heap before
{Heap before GC invocations=7 (full 1):
 PSYoungGen      total 75776K, used 47405K [0x00000000eab00000, 0x00000000f2100000, 0x0000000100000000)
  eden space 65024K, 60% used [0x00000000eab00000,0x00000000ed17b078,0x00000000eea80000)
  from space 10752K, 74% used [0x00000000eea80000,0x00000000ef2505a0,0x00000000ef500000)
  to   space 10752K, 0% used [0x00000000f1680000,0x00000000f1680000,0x00000000f2100000)
 ParOldGen       total 102912K, used 8875K [0x00000000c0000000, 0x00000000c6480000, 0x00000000eab00000)
  object space 102912K, 8% used [0x00000000c0000000,0x00000000c08aade8,0x00000000c6480000)
 Metaspace       used 34583K, capacity 35284K, committed 35416K, reserved 1079296K
  class space    used 4781K, capacity 5016K, committed 5120K, reserved 1048576K
Event: 84.823 GC heap after
Heap after GC invocations=7 (full 1):
 PSYoungGen      total 109056K, used 10351K [0x00000000eab00000, 0x00000000f2300000, 0x0000000100000000)
  eden space 98304K, 0% used [0x00000000eab00000,0x00000000eab00000,0x00000000f0b00000)
  from space 10752K, 96% used [0x00000000f1680000,0x00000000f209bde0,0x00000000f2100000)
  to   space 11776K, 0% used [0x00000000f0b00000,0x00000000f0b00000,0x00000000f1680000)
 ParOldGen       total 102912K, used 8883K [0x00000000c0000000, 0x00000000c6480000, 0x00000000eab00000)
  object space 102912K, 8% used [0x00000000c0000000,0x00000000c08acde8,0x00000000c6480000)
 Metaspace       used 34583K, capacity 35284K, committed 35416K, reserved 1079296K
  class space    used 4781K, capacity 5016K, committed 5120K, reserved 1048576K
}
Event: 84.823 GC heap before
{Heap before GC invocations=8 (full 2):
 PSYoungGen      total 109056K, used 10351K [0x00000000eab00000, 0x00000000f2300000, 0x0000000100000000)
  eden space 98304K, 0% used [0x00000000eab00000,0x00000000eab00000,0x00000000f0b00000)
  from space 10752K, 96% used [0x00000000f1680000,0x00000000f209bde0,0x00000000f2100000)
  to   space 11776K, 0% used [0x00000000f0b00000,0x00000000f0b00000,0x00000000f1680000)
 ParOldGen       total 102912K, used 8883K [0x00000000c0000000, 0x00000000c6480000, 0x00000000eab00000)
  object space 102912K, 8% used [0x00000000c0000000,0x00000000c08acde8,0x00000000c6480000)
 Metaspace       used 34583K, capacity 35284K, committed 35416K, reserved 1079296K
  class space    used 4781K, capacity 5016K, committed 5120K, reserved 1048576K
Event: 85.202 GC heap after
Heap after GC invocations=8 (full 2):
 PSYoungGen      total 109056K, used 0K [0x00000000eab00000, 0x00000000f2300000, 0x0000000100000000)
  eden space 98304K, 0% used [0x00000000eab00000,0x00000000eab00000,0x00000000f0b00000)
  from space 10752K, 0% used [0x00000000f1680000,0x00000000f1680000,0x00000000f2100000)
  to   space 11776K, 0% used [0x00000000f0b00000,0x00000000f0b00000,0x00000000f1680000)
 ParOldGen       total 168448K, used 16811K [0x00000000c0000000, 0x00000000ca480000, 0x00000000eab00000)
  object space 168448K, 9% used [0x00000000c0000000,0x00000000c106af20,0x00000000ca480000)
 Metaspace       used 34583K, capacity 35284K, committed 35416K, reserved 1079296K
  class space    used 4781K, capacity 5016K, committed 5120K, reserved 1048576K
}
Event: 95.071 GC heap before
{Heap before GC invocations=9 (full 2):
 PSYoungGen      total 109056K, used 98304K [0x00000000eab00000, 0x00000000f2300000, 0x0000000100000000)
  eden space 98304K, 100% used [0x00000000eab00000,0x00000000f0b00000,0x00000000f0b00000)
  from space 10752K, 0% used [0x00000000f1680000,0x00000000f1680000,0x00000000f2100000)
  to   space 11776K, 0% used [0x00000000f0b00000,0x00000000f0b00000,0x00000000f1680000)
 ParOldGen       total 168448K, used 16811K [0x00000000c0000000, 0x00000000ca480000, 0x00000000eab00000)
  object space 168448K, 9% used [0x00000000c0000000,0x00000000c106af20,0x00000000ca480000)
 Metaspace       used 41142K, capacity 41914K, committed 42240K, reserved 1085440K
  class space    used 5510K, capacity 5787K, committed 5888K, reserved 1048576K
Event: 95.123 GC heap after
Heap after GC invocations=9 (full 2):
 PSYoungGen      total 110080K, used 11213K [0x00000000eab00000, 0x00000000f4680000, 0x0000000100000000)
  eden space 98304K, 0% used [0x00000000eab00000,0x00000000eab00000,0x00000000f0b00000)
  from space 11776K, 95% used [0x00000000f0b00000,0x00000000f15f36a0,0x00000000f1680000)
  to   space 12288K, 0% used [0x00000000f3a80000,0x00000000f3a80000,0x00000000f4680000)
 ParOldGen       total 168448K, used 16819K [0x00000000c0000000, 0x00000000ca480000, 0x00000000eab00000)
  object space 168448K, 9% used [0x00000000c0000000,0x00000000c106cf20,0x00000000ca480000)
 Metaspace       used 41142K, capacity 41914K, committed 42240K, reserved 1085440K
  class space    used 5510K, capacity 5787K, committed 5888K, reserved 1048576K
}

