# JRE version: OpenJDK Runtime Environment (8.0_202-b03) (build 1.8.0_202-release-1483-b03)
# Java VM: OpenJDK 64-Bit Server VM (25.202-b03 mixed mode windows-amd64 compressed oops)
Heap:
 PSYoungGen      total 233984K, used 229147K [0x00000000eab00000, 0x0000000100000000, 0x0000000100000000)
  eden space 213504K, 97% used [0x00000000eab00000,0x00000000f76cbfa8,0x00000000f7b80000)
  from space 20480K, 99% used [0x00000000f7b80000,0x00000000f8f7b040,0x00000000f8f80000)
  to   space 41472K, 0% used [0x00000000fd780000,0x00000000fd780000,0x0000000100000000)
 ParOldGen       total 158208K, used 80547K [0x00000000c0000000, 0x00000000c9a80000, 0x00000000eab00000)
  object space 158208K, 50% used [0x00000000c0000000,0x00000000c4ea8f78,0x00000000c9a80000)
 Metaspace       used 62574K, capacity 64292K, committed 64512K, reserved 1105920K
  class space    used 8230K, capacity 8643K, committed 8704K, reserved 1048576K
GC Heap History (10 events):
Event: 6.718 GC heap before
{Heap before GC invocations=10 (full 2):
 PSYoungGen      total 154624K, used 154618K [0x00000000eab00000, 0x00000000f9f00000, 0x0000000100000000)
  eden space 141824K, 100% used [0x00000000eab00000,0x00000000f3580000,0x00000000f3580000)
  from space 12800K, 99% used [0x00000000f3580000,0x00000000f41fe878,0x00000000f4200000)
  to   space 15872K, 0% used [0x00000000f8f80000,0x00000000f8f80000,0x00000000f9f00000)
 ParOldGen       total 158208K, used 18322K [0x00000000c0000000, 0x00000000c9a80000, 0x00000000eab00000)
  object space 158208K, 11% used [0x00000000c0000000,0x00000000c11e4bb8,0x00000000c9a80000)
 Metaspace       used 54352K, capacity 56014K, committed 56320K, reserved 1097728K
  class space    used 7401K, capacity 7816K, committed 7936K, reserved 1048576K
Event: 6.742 GC heap after
Heap after GC invocations=10 (full 2):
 PSYoungGen      total 229376K, used 15871K [0x00000000eab00000, 0x00000000fa480000, 0x0000000100000000)
  eden space 213504K, 0% used [0x00000000eab00000,0x00000000eab00000,0x00000000f7b80000)
  from space 15872K, 99% used [0x00000000f8f80000,0x00000000f9effef8,0x00000000f9f00000)
  to   space 20480K, 0% used [0x00000000f7b80000,0x00000000f7b80000,0x00000000f8f80000)
 ParOldGen       total 158208K, used 24909K [0x00000000c0000000, 0x00000000c9a80000, 0x00000000eab00000)
  object space 158208K, 15% used [0x00000000c0000000,0x00000000c1853578,0x00000000c9a80000)
 Metaspace       used 54352K, capacity 56014K, committed 56320K, reserved 1097728K
  class space    used 7401K, capacity 7816K, committed 7936K, reserved 1048576K
}
Event: 9.151 GC heap before
{Heap before GC invocations=11 (full 2):
 PSYoungGen      total 229376K, used 229375K [0x00000000eab00000, 0x00000000fa480000, 0x0000000100000000)
  eden space 213504K, 100% used [0x00000000eab00000,0x00000000f7b80000,0x00000000f7b80000)
  from space 15872K, 99% used [0x00000000f8f80000,0x00000000f9effef8,0x00000000f9f00000)
  to   space 20480K, 0% used [0x00000000f7b80000,0x00000000f7b80000,0x00000000f8f80000)
 ParOldGen       total 158208K, used 24909K [0x00000000c0000000, 0x00000000c9a80000, 0x00000000eab00000)
  object space 158208K, 15% used [0x00000000c0000000,0x00000000c1853578,0x00000000c9a80000)
 Metaspace       used 57174K, capacity 58820K, committed 58880K, reserved 1099776K
  class space    used 7744K, capacity 8163K, committed 8192K, reserved 1048576K
Event: 9.173 GC heap after
Heap after GC invocations=11 (full 2):
 PSYoungGen      total 233984K, used 20467K [0x00000000eab00000, 0x00000000fec80000, 0x0000000100000000)
  eden space 213504K, 0% used [0x00000000eab00000,0x00000000eab00000,0x00000000f7b80000)
  from space 20480K, 99% used [0x00000000f7b80000,0x00000000f8f7cc88,0x00000000f8f80000)
  to   space 27648K, 0% used [0x00000000fd180000,0x00000000fd180000,0x00000000fec80000)
 ParOldGen       total 158208K, used 35530K [0x00000000c0000000, 0x00000000c9a80000, 0x00000000eab00000)
  object space 158208K, 22% used [0x00000000c0000000,0x00000000c22b2a80,0x00000000c9a80000)
 Metaspace       used 57174K, capacity 58820K, committed 58880K, reserved 1099776K
  class space    used 7744K, capacity 8163K, committed 8192K, reserved 1048576K
}
Event: 9.185 GC heap before
{Heap before GC invocations=12 (full 2):
 PSYoungGen      total 233984K, used 23791K [0x00000000eab00000, 0x00000000fec80000, 0x0000000100000000)
  eden space 213504K, 1% used [0x00000000eab00000,0x00000000eae3f048,0x00000000f7b80000)
  from space 20480K, 99% used [0x00000000f7b80000,0x00000000f8f7cc88,0x00000000f8f80000)
  to   space 27648K, 0% used [0x00000000fd180000,0x00000000fd180000,0x00000000fec80000)
 ParOldGen       total 158208K, used 35530K [0x00000000c0000000, 0x00000000c9a80000, 0x00000000eab00000)
  object space 158208K, 22% used [0x00000000c0000000,0x00000000c22b2a80,0x00000000c9a80000)
 Metaspace       used 57264K, capacity 58948K, committed 59028K, reserved 1099776K
  class space    used 7754K, capacity 8163K, committed 8192K, reserved 1048576K
Event: 9.204 GC heap after
Heap after GC invocations=12 (full 2):
 PSYoungGen      total 241152K, used 11584K [0x00000000eab00000, 0x00000000fec80000, 0x0000000100000000)
  eden space 213504K, 0% used [0x00000000eab00000,0x00000000eab00000,0x00000000f7b80000)
  from space 27648K, 41% used [0x00000000fd180000,0x00000000fdcd0090,0x00000000fec80000)
  to   space 20480K, 0% used [0x00000000f7b80000,0x00000000f7b80000,0x00000000f8f80000)
 ParOldGen       total 158208K, used 44608K [0x00000000c0000000, 0x00000000c9a80000, 0x00000000eab00000)
  object space 158208K, 28% used [0x00000000c0000000,0x00000000c2b900e0,0x00000000c9a80000)
 Metaspace       used 57264K, capacity 58948K, committed 59028K, reserved 1099776K
  class space    used 7754K, capacity 8163K, committed 8192K, reserved 1048576K
}
Event: 9.205 GC heap before
{Heap before GC invocations=13 (full 3):
 PSYoungGen      total 241152K, used 11584K [0x00000000eab00000, 0x00000000fec80000, 0x0000000100000000)
  eden space 213504K, 0% used [0x00000000eab00000,0x00000000eab00000,0x00000000f7b80000)
  from space 27648K, 41% used [0x00000000fd180000,0x00000000fdcd0090,0x00000000fec80000)
  to   space 20480K, 0% used [0x00000000f7b80000,0x00000000f7b80000,0x00000000f8f80000)
 ParOldGen       total 158208K, used 44608K [0x00000000c0000000, 0x00000000c9a80000, 0x00000000eab00000)
  object space 158208K, 28% used [0x00000000c0000000,0x00000000c2b900e0,0x00000000c9a80000)
 Metaspace       used 57264K, capacity 58948K, committed 59028K, reserved 1099776K
  class space    used 7754K, capacity 8163K, committed 8192K, reserved 1048576K
Event: 9.491 GC heap after
Heap after GC invocations=13 (full 3):
 PSYoungGen      total 241152K, used 0K [0x00000000eab00000, 0x00000000fec80000, 0x0000000100000000)
  eden space 213504K, 0% used [0x00000000eab00000,0x00000000eab00000,0x00000000f7b80000)
  from space 27648K, 0% used [0x00000000fd180000,0x00000000fd180000,0x00000000fec80000)
  to   space 20480K, 0% used [0x00000000f7b80000,0x00000000f7b80000,0x00000000f8f80000)
 ParOldGen       total 158208K, used 43306K [0x00000000c0000000, 0x00000000c9a80000, 0x00000000eab00000)
  object space 158208K, 27% used [0x00000000c0000000,0x00000000c2a4a8a0,0x00000000c9a80000)
 Metaspace       used 57264K, capacity 58948K, committed 59028K, reserved 1099776K
  class space    used 7754K, capacity 8163K, committed 8192K, reserved 1048576K
}
Event: 10.844 GC heap before
{Heap before GC invocations=14 (full 3):
 PSYoungGen      total 241152K, used 213504K [0x00000000eab00000, 0x00000000fec80000, 0x0000000100000000)
  eden space 213504K, 100% used [0x00000000eab00000,0x00000000f7b80000,0x00000000f7b80000)
  from space 27648K, 0% used [0x00000000fd180000,0x00000000fd180000,0x00000000fec80000)
  to   space 20480K, 0% used [0x00000000f7b80000,0x00000000f7b80000,0x00000000f8f80000)
 ParOldGen       total 158208K, used 43306K [0x00000000c0000000, 0x00000000c9a80000, 0x00000000eab00000)
  object space 158208K, 27% used [0x00000000c0000000,0x00000000c2a4a8a0,0x00000000c9a80000)
 Metaspace       used 60599K, capacity 62372K, committed 62720K, reserved 1103872K
  class space    used 8122K, capacity 8579K, committed 8704K, reserved 1048576K
Event: 10.891 GC heap after
Heap after GC invocations=14 (full 3):
 PSYoungGen      total 233984K, used 20460K [0x00000000eab00000, 0x0000000100000000, 0x0000000100000000)
  eden space 213504K, 0% used [0x00000000eab00000,0x00000000eab00000,0x00000000f7b80000)
  from space 20480K, 99% used [0x00000000f7b80000,0x00000000f8f7b040,0x00000000f8f80000)
  to   space 41472K, 0% used [0x00000000fd780000,0x00000000fd780000,0x0000000100000000)
 ParOldGen       total 158208K, used 80547K [0x00000000c0000000, 0x00000000c9a80000, 0x00000000eab00000)
  object space 158208K, 50% used [0x00000000c0000000,0x00000000c4ea8f78,0x00000000c9a80000)
 Metaspace       used 60599K, capacity 62372K, committed 62720K, reserved 1103872K
  class space    used 8122K, capacity 8579K, committed 8704K, reserved 1048576K
}

