# JRE version: OpenJDK Runtime Environment (8.0_202-b03) (build 1.8.0_202-release-1483-b03)
# Java VM: OpenJDK 64-Bit Server VM (25.202-b03 mixed mode windows-amd64 compressed oops)
Heap:
 PSYoungGen      total 163840K, used 122799K [0x00000000eab00000, 0x00000000f7e00000, 0x0000000100000000)
  eden space 150016K, 72% used [0x00000000eab00000,0x00000000f156d4f8,0x00000000f3d80000)
  from space 13824K, 99% used [0x00000000f4d00000,0x00000000f5a7e738,0x00000000f5a80000)
  to   space 15872K, 0% used [0x00000000f3d80000,0x00000000f3d80000,0x00000000f4d00000)
 ParOldGen       total 172032K, used 20209K [0x00000000c0000000, 0x00000000ca800000, 0x00000000eab00000)
  object space 172032K, 11% used [0x00000000c0000000,0x00000000c13bc728,0x00000000ca800000)
 Metaspace       used 51323K, capacity 52566K, committed 52824K, reserved 1095680K
  class space    used 6937K, capacity 7270K, committed 7296K, reserved 1048576K
GC Heap History (10 events):
Event: 2.779 GC heap before
{Heap before GC invocations=4 (full 1):
 PSYoungGen      total 75776K, used 9189K [0x00000000eab00000, 0x00000000f3f00000, 0x0000000100000000)
  eden space 65024K, 0% used [0x00000000eab00000,0x00000000eab00000,0x00000000eea80000)
  from space 10752K, 85% used [0x00000000eea80000,0x00000000ef379558,0x00000000ef500000)
  to   space 10752K, 0% used [0x00000000f3480000,0x00000000f3480000,0x00000000f3f00000)
 ParOldGen       total 173568K, used 32K [0x00000000c0000000, 0x00000000ca980000, 0x00000000eab00000)
  object space 173568K, 0% used [0x00000000c0000000,0x00000000c0008000,0x00000000ca980000)
 Metaspace       used 20825K, capacity 21104K, committed 21248K, reserved 1067008K
  class space    used 2909K, capacity 3018K, committed 3072K, reserved 1048576K
Event: 2.816 GC heap after
Heap after GC invocations=4 (full 1):
 PSYoungGen      total 75776K, used 0K [0x00000000eab00000, 0x00000000f3f00000, 0x0000000100000000)
  eden space 65024K, 0% used [0x00000000eab00000,0x00000000eab00000,0x00000000eea80000)
  from space 10752K, 0% used [0x00000000eea80000,0x00000000eea80000,0x00000000ef500000)
  to   space 10752K, 0% used [0x00000000f3480000,0x00000000f3480000,0x00000000f3f00000)
 ParOldGen       total 103424K, used 8931K [0x00000000c0000000, 0x00000000c6500000, 0x00000000eab00000)
  object space 103424K, 8% used [0x00000000c0000000,0x00000000c08b8c18,0x00000000c6500000)
 Metaspace       used 20825K, capacity 21104K, committed 21248K, reserved 1067008K
  class space    used 2909K, capacity 3018K, committed 3072K, reserved 1048576K
}
Event: 3.584 GC heap before
{Heap before GC invocations=5 (full 1):
 PSYoungGen      total 75776K, used 65024K [0x00000000eab00000, 0x00000000f3f00000, 0x0000000100000000)
  eden space 65024K, 100% used [0x00000000eab00000,0x00000000eea80000,0x00000000eea80000)
  from space 10752K, 0% used [0x00000000eea80000,0x00000000eea80000,0x00000000ef500000)
  to   space 10752K, 0% used [0x00000000f3480000,0x00000000f3480000,0x00000000f3f00000)
 ParOldGen       total 103424K, used 8931K [0x00000000c0000000, 0x00000000c6500000, 0x00000000eab00000)
  object space 103424K, 8% used [0x00000000c0000000,0x00000000c08b8c18,0x00000000c6500000)
 Metaspace       used 26275K, capacity 26602K, committed 26752K, reserved 1073152K
  class space    used 3588K, capacity 3711K, committed 3712K, reserved 1048576K
Event: 3.594 GC heap after
Heap after GC invocations=5 (full 1):
 PSYoungGen      total 107008K, used 6635K [0x00000000eab00000, 0x00000000f3b00000, 0x0000000100000000)
  eden space 100352K, 0% used [0x00000000eab00000,0x00000000eab00000,0x00000000f0d00000)
  from space 6656K, 99% used [0x00000000f3480000,0x00000000f3afafb0,0x00000000f3b00000)
  to   space 10752K, 0% used [0x00000000f2600000,0x00000000f2600000,0x00000000f3080000)
 ParOldGen       total 103424K, used 8939K [0x00000000c0000000, 0x00000000c6500000, 0x00000000eab00000)
  object space 103424K, 8% used [0x00000000c0000000,0x00000000c08bac18,0x00000000c6500000)
 Metaspace       used 26275K, capacity 26602K, committed 26752K, reserved 1073152K
  class space    used 3588K, capacity 3711K, committed 3712K, reserved 1048576K
}
Event: 5.240 GC heap before
{Heap before GC invocations=6 (full 1):
 PSYoungGen      total 107008K, used 103603K [0x00000000eab00000, 0x00000000f3b00000, 0x0000000100000000)
  eden space 100352K, 96% used [0x00000000eab00000,0x00000000f09b1df8,0x00000000f0d00000)
  from space 6656K, 99% used [0x00000000f3480000,0x00000000f3afafb0,0x00000000f3b00000)
  to   space 10752K, 0% used [0x00000000f2600000,0x00000000f2600000,0x00000000f3080000)
 ParOldGen       total 103424K, used 8939K [0x00000000c0000000, 0x00000000c6500000, 0x00000000eab00000)
  object space 103424K, 8% used [0x00000000c0000000,0x00000000c08bac18,0x00000000c6500000)
 Metaspace       used 34769K, capacity 35296K, committed 35416K, reserved 1079296K
  class space    used 4790K, capacity 4972K, committed 4992K, reserved 1048576K
Event: 5.254 GC heap after
Heap after GC invocations=6 (full 1):
 PSYoungGen      total 136704K, used 10726K [0x00000000eab00000, 0x00000000f5a80000, 0x0000000100000000)
  eden space 125952K, 0% used [0x00000000eab00000,0x00000000eab00000,0x00000000f2600000)
  from space 10752K, 99% used [0x00000000f2600000,0x00000000f3079a30,0x00000000f3080000)
  to   space 13824K, 0% used [0x00000000f4d00000,0x00000000f4d00000,0x00000000f5a80000)
 ParOldGen       total 103424K, used 11028K [0x00000000c0000000, 0x00000000c6500000, 0x00000000eab00000)
  object space 103424K, 10% used [0x00000000c0000000,0x00000000c0ac5300,0x00000000c6500000)
 Metaspace       used 34769K, capacity 35296K, committed 35416K, reserved 1079296K
  class space    used 4790K, capacity 4972K, committed 4992K, reserved 1048576K
}
Event: 5.254 GC heap before
{Heap before GC invocations=7 (full 2):
 PSYoungGen      total 136704K, used 10726K [0x00000000eab00000, 0x00000000f5a80000, 0x0000000100000000)
  eden space 125952K, 0% used [0x00000000eab00000,0x00000000eab00000,0x00000000f2600000)
  from space 10752K, 99% used [0x00000000f2600000,0x00000000f3079a30,0x00000000f3080000)
  to   space 13824K, 0% used [0x00000000f4d00000,0x00000000f4d00000,0x00000000f5a80000)
 ParOldGen       total 103424K, used 11028K [0x00000000c0000000, 0x00000000c6500000, 0x00000000eab00000)
  object space 103424K, 10% used [0x00000000c0000000,0x00000000c0ac5300,0x00000000c6500000)
 Metaspace       used 34769K, capacity 35296K, committed 35416K, reserved 1079296K
  class space    used 4790K, capacity 4972K, committed 4992K, reserved 1048576K
Event: 5.325 GC heap after
Heap after GC invocations=7 (full 2):
 PSYoungGen      total 136704K, used 0K [0x00000000eab00000, 0x00000000f5a80000, 0x0000000100000000)
  eden space 125952K, 0% used [0x00000000eab00000,0x00000000eab00000,0x00000000f2600000)
  from space 10752K, 0% used [0x00000000f2600000,0x00000000f2600000,0x00000000f3080000)
  to   space 13824K, 0% used [0x00000000f4d00000,0x00000000f4d00000,0x00000000f5a80000)
 ParOldGen       total 172032K, used 19532K [0x00000000c0000000, 0x00000000ca800000, 0x00000000eab00000)
  object space 172032K, 11% used [0x00000000c0000000,0x00000000c13130e0,0x00000000ca800000)
 Metaspace       used 34769K, capacity 35296K, committed 35416K, reserved 1079296K
  class space    used 4790K, capacity 4972K, committed 4992K, reserved 1048576K
}
Event: 7.134 GC heap before
{Heap before GC invocations=8 (full 2):
 PSYoungGen      total 136704K, used 125952K [0x00000000eab00000, 0x00000000f5a80000, 0x0000000100000000)
  eden space 125952K, 100% used [0x00000000eab00000,0x00000000f2600000,0x00000000f2600000)
  from space 10752K, 0% used [0x00000000f2600000,0x00000000f2600000,0x00000000f3080000)
  to   space 13824K, 0% used [0x00000000f4d00000,0x00000000f4d00000,0x00000000f5a80000)
 ParOldGen       total 172032K, used 19532K [0x00000000c0000000, 0x00000000ca800000, 0x00000000eab00000)
  object space 172032K, 11% used [0x00000000c0000000,0x00000000c13130e0,0x00000000ca800000)
 Metaspace       used 41806K, capacity 42432K, committed 42584K, reserved 1085440K
  class space    used 5652K, capacity 5907K, committed 6016K, reserved 1048576K
Event: 7.190 GC heap after
Heap after GC invocations=8 (full 2):
 PSYoungGen      total 163840K, used 13817K [0x00000000eab00000, 0x00000000f7e00000, 0x0000000100000000)
  eden space 150016K, 0% used [0x00000000eab00000,0x00000000eab00000,0x00000000f3d80000)
  from space 13824K, 99% used [0x00000000f4d00000,0x00000000f5a7e738,0x00000000f5a80000)
  to   space 15872K, 0% used [0x00000000f3d80000,0x00000000f3d80000,0x00000000f4d00000)
 ParOldGen       total 172032K, used 20209K [0x00000000c0000000, 0x00000000ca800000, 0x00000000eab00000)
  object space 172032K, 11% used [0x00000000c0000000,0x00000000c13bc728,0x00000000ca800000)
 Metaspace       used 41806K, capacity 42432K, committed 42584K, reserved 1085440K
  class space    used 5652K, capacity 5907K, committed 6016K, reserved 1048576K
}

