# JRE version: OpenJDK Runtime Environment (8.0_202-b03) (build 1.8.0_202-release-1483-b03)
# Java VM: OpenJDK 64-Bit Server VM (25.202-b03 mixed mode windows-amd64 compressed oops)
Heap:
 PSYoungGen      total 274944K, used 46704K [0x00000000eab00000, 0x0000000100000000, 0x0000000100000000)
  eden space 253440K, 9% used [0x00000000eab00000,0x00000000ec3a2180,0x00000000fa280000)
  from space 21504K, 99% used [0x00000000fa280000,0x00000000fb779f58,0x00000000fb780000)
  to   space 30720K, 0% used [0x00000000fe200000,0x00000000fe200000,0x0000000100000000)
 ParOldGen       total 136192K, used 40483K [0x00000000c0000000, 0x00000000c8500000, 0x00000000eab00000)
  object space 136192K, 29% used [0x00000000c0000000,0x00000000c2788ed0,0x00000000c8500000)
 Metaspace       used 56871K, capacity 58574K, committed 58624K, reserved 1099776K
  class space    used 7705K, capacity 8168K, committed 8192K, reserved 1048576K
GC Heap History (10 events):
Event: 5.486 GC heap before
{Heap before GC invocations=7 (full 1):
 PSYoungGen      total 137216K, used 14890K [0x00000000eab00000, 0x00000000f5c00000, 0x0000000100000000)
  eden space 126464K, 3% used [0x00000000eab00000,0x00000000eaf0e338,0x00000000f2680000)
  from space 10752K, 99% used [0x00000000f2680000,0x00000000f30fc550,0x00000000f3100000)
  to   space 13824K, 0% used [0x00000000f4e80000,0x00000000f4e80000,0x00000000f5c00000)
 ParOldGen       total 102400K, used 10963K [0x00000000c0000000, 0x00000000c6400000, 0x00000000eab00000)
  object space 102400K, 10% used [0x00000000c0000000,0x00000000c0ab4e00,0x00000000c6400000)
 Metaspace       used 34644K, capacity 35284K, committed 35416K, reserved 1079296K
  class space    used 4787K, capacity 5016K, committed 5120K, reserved 1048576K
Event: 5.492 GC heap after
Heap after GC invocations=7 (full 1):
 PSYoungGen      total 167936K, used 8084K [0x00000000eab00000, 0x00000000fa200000, 0x0000000100000000)
  eden space 154112K, 0% used [0x00000000eab00000,0x00000000eab00000,0x00000000f4180000)
  from space 13824K, 58% used [0x00000000f4e80000,0x00000000f56652a8,0x00000000f5c00000)
  to   space 13312K, 0% used [0x00000000f4180000,0x00000000f4180000,0x00000000f4e80000)
 ParOldGen       total 102400K, used 10963K [0x00000000c0000000, 0x00000000c6400000, 0x00000000eab00000)
  object space 102400K, 10% used [0x00000000c0000000,0x00000000c0ab4e00,0x00000000c6400000)
 Metaspace       used 34644K, capacity 35284K, committed 35416K, reserved 1079296K
  class space    used 4787K, capacity 5016K, committed 5120K, reserved 1048576K
}
Event: 5.492 GC heap before
{Heap before GC invocations=8 (full 2):
 PSYoungGen      total 167936K, used 8084K [0x00000000eab00000, 0x00000000fa200000, 0x0000000100000000)
  eden space 154112K, 0% used [0x00000000eab00000,0x00000000eab00000,0x00000000f4180000)
  from space 13824K, 58% used [0x00000000f4e80000,0x00000000f56652a8,0x00000000f5c00000)
  to   space 13312K, 0% used [0x00000000f4180000,0x00000000f4180000,0x00000000f4e80000)
 ParOldGen       total 102400K, used 10963K [0x00000000c0000000, 0x00000000c6400000, 0x00000000eab00000)
  object space 102400K, 10% used [0x00000000c0000000,0x00000000c0ab4e00,0x00000000c6400000)
 Metaspace       used 34644K, capacity 35284K, committed 35416K, reserved 1079296K
  class space    used 4787K, capacity 5016K, committed 5120K, reserved 1048576K
Event: 5.538 GC heap after
Heap after GC invocations=8 (full 2):
 PSYoungGen      total 167936K, used 0K [0x00000000eab00000, 0x00000000fa200000, 0x0000000100000000)
  eden space 154112K, 0% used [0x00000000eab00000,0x00000000eab00000,0x00000000f4180000)
  from space 13824K, 0% used [0x00000000f4e80000,0x00000000f4e80000,0x00000000f5c00000)
  to   space 13312K, 0% used [0x00000000f4180000,0x00000000f4180000,0x00000000f4e80000)
 ParOldGen       total 136192K, used 14702K [0x00000000c0000000, 0x00000000c8500000, 0x00000000eab00000)
  object space 136192K, 10% used [0x00000000c0000000,0x00000000c0e5ba10,0x00000000c8500000)
 Metaspace       used 34644K, capacity 35284K, committed 35416K, reserved 1079296K
  class space    used 4787K, capacity 5016K, committed 5120K, reserved 1048576K
}
Event: 7.595 GC heap before
{Heap before GC invocations=9 (full 2):
 PSYoungGen      total 167936K, used 154112K [0x00000000eab00000, 0x00000000fa200000, 0x0000000100000000)
  eden space 154112K, 100% used [0x00000000eab00000,0x00000000f4180000,0x00000000f4180000)
  from space 13824K, 0% used [0x00000000f4e80000,0x00000000f4e80000,0x00000000f5c00000)
  to   space 13312K, 0% used [0x00000000f4180000,0x00000000f4180000,0x00000000f4e80000)
 ParOldGen       total 136192K, used 14702K [0x00000000c0000000, 0x00000000c8500000, 0x00000000eab00000)
  object space 136192K, 10% used [0x00000000c0000000,0x00000000c0e5ba10,0x00000000c8500000)
 Metaspace       used 44434K, capacity 45440K, committed 45568K, reserved 1089536K
  class space    used 6057K, capacity 6345K, committed 6400K, reserved 1048576K
Event: 7.618 GC heap after
Heap after GC invocations=9 (full 2):
 PSYoungGen      total 167424K, used 13300K [0x00000000eab00000, 0x00000000fc900000, 0x0000000100000000)
  eden space 154112K, 0% used [0x00000000eab00000,0x00000000eab00000,0x00000000f4180000)
  from space 13312K, 99% used [0x00000000f4180000,0x00000000f4e7d120,0x00000000f4e80000)
  to   space 16896K, 0% used [0x00000000fb880000,0x00000000fb880000,0x00000000fc900000)
 ParOldGen       total 136192K, used 18390K [0x00000000c0000000, 0x00000000c8500000, 0x00000000eab00000)
  object space 136192K, 13% used [0x00000000c0000000,0x00000000c11f59a0,0x00000000c8500000)
 Metaspace       used 44434K, capacity 45440K, committed 45568K, reserved 1089536K
  class space    used 6057K, capacity 6345K, committed 6400K, reserved 1048576K
}
Event: 9.629 GC heap before
{Heap before GC invocations=10 (full 2):
 PSYoungGen      total 167424K, used 167412K [0x00000000eab00000, 0x00000000fc900000, 0x0000000100000000)
  eden space 154112K, 100% used [0x00000000eab00000,0x00000000f4180000,0x00000000f4180000)
  from space 13312K, 99% used [0x00000000f4180000,0x00000000f4e7d120,0x00000000f4e80000)
  to   space 16896K, 0% used [0x00000000fb880000,0x00000000fb880000,0x00000000fc900000)
 ParOldGen       total 136192K, used 18390K [0x00000000c0000000, 0x00000000c8500000, 0x00000000eab00000)
  object space 136192K, 13% used [0x00000000c0000000,0x00000000c11f59a0,0x00000000c8500000)
 Metaspace       used 55057K, capacity 56702K, committed 56832K, reserved 1097728K
  class space    used 7501K, capacity 7896K, committed 7936K, reserved 1048576K
Event: 9.655 GC heap after
Heap after GC invocations=10 (full 2):
 PSYoungGen      total 270336K, used 16879K [0x00000000eab00000, 0x00000000fcc80000, 0x0000000100000000)
  eden space 253440K, 0% used [0x00000000eab00000,0x00000000eab00000,0x00000000fa280000)
  from space 16896K, 99% used [0x00000000fb880000,0x00000000fc8fbf58,0x00000000fc900000)
  to   space 21504K, 0% used [0x00000000fa280000,0x00000000fa280000,0x00000000fb780000)
 ParOldGen       total 136192K, used 25055K [0x00000000c0000000, 0x00000000c8500000, 0x00000000eab00000)
  object space 136192K, 18% used [0x00000000c0000000,0x00000000c1877fc8,0x00000000c8500000)
 Metaspace       used 55057K, capacity 56702K, committed 56832K, reserved 1097728K
  class space    used 7501K, capacity 7896K, committed 7936K, reserved 1048576K
}
Event: 12.137 GC heap before
{Heap before GC invocations=11 (full 2):
 PSYoungGen      total 270336K, used 270319K [0x00000000eab00000, 0x00000000fcc80000, 0x0000000100000000)
  eden space 253440K, 100% used [0x00000000eab00000,0x00000000fa280000,0x00000000fa280000)
  from space 16896K, 99% used [0x00000000fb880000,0x00000000fc8fbf58,0x00000000fc900000)
  to   space 21504K, 0% used [0x00000000fa280000,0x00000000fa280000,0x00000000fb780000)
 ParOldGen       total 136192K, used 25055K [0x00000000c0000000, 0x00000000c8500000, 0x00000000eab00000)
  object space 136192K, 18% used [0x00000000c0000000,0x00000000c1877fc8,0x00000000c8500000)
 Metaspace       used 56742K, capacity 58478K, committed 58624K, reserved 1099776K
  class space    used 7685K, capacity 8136K, committed 8192K, reserved 1048576K
Event: 12.163 GC heap after
Heap after GC invocations=11 (full 2):
 PSYoungGen      total 274944K, used 21479K [0x00000000eab00000, 0x0000000100000000, 0x0000000100000000)
  eden space 253440K, 0% used [0x00000000eab00000,0x00000000eab00000,0x00000000fa280000)
  from space 21504K, 99% used [0x00000000fa280000,0x00000000fb779f58,0x00000000fb780000)
  to   space 30720K, 0% used [0x00000000fe200000,0x00000000fe200000,0x0000000100000000)
 ParOldGen       total 136192K, used 40483K [0x00000000c0000000, 0x00000000c8500000, 0x00000000eab00000)
  object space 136192K, 29% used [0x00000000c0000000,0x00000000c2788ed0,0x00000000c8500000)
 Metaspace       used 56742K, capacity 58478K, committed 58624K, reserved 1099776K
  class space    used 7685K, capacity 8136K, committed 8192K, reserved 1048576K
}

