# JRE version: OpenJDK Runtime Environment (8.0_202-b03) (build 1.8.0_202-release-1483-b03)
# Java VM: OpenJDK 64-Bit Server VM (25.202-b03 mixed mode windows-amd64 compressed oops)
Heap:
 PSYoungGen      total 147456K, used 25400K [0x00000000eab00000, 0x00000000f8a00000, 0x0000000100000000)
  eden space 134144K, 9% used [0x00000000eab00000,0x00000000eb6ce180,0x00000000f2e00000)
  from space 13312K, 99% used [0x00000000f2e00000,0x00000000f3afffd0,0x00000000f3b00000)
  to   space 16384K, 0% used [0x00000000f7a00000,0x00000000f7a00000,0x00000000f8a00000)
 ParOldGen       total 173056K, used 20087K [0x00000000c0000000, 0x00000000ca900000, 0x00000000eab00000)
  object space 173056K, 11% used [0x00000000c0000000,0x00000000c139dfa8,0x00000000ca900000)
 Metaspace       used 44156K, capacity 45148K, committed 45440K, reserved 1089536K
  class space    used 5974K, capacity 6261K, committed 6272K, reserved 1048576K
GC Heap History (10 events):
Event: 16.432 GC heap before
{Heap before GC invocations=5 (full 1):
 PSYoungGen      total 75776K, used 65024K [0x00000000eab00000, 0x00000000f3f00000, 0x0000000100000000)
  eden space 65024K, 100% used [0x00000000eab00000,0x00000000eea80000,0x00000000eea80000)
  from space 10752K, 0% used [0x00000000eea80000,0x00000000eea80000,0x00000000ef500000)
  to   space 10752K, 0% used [0x00000000f3480000,0x00000000f3480000,0x00000000f3f00000)
 ParOldGen       total 110592K, used 8966K [0x00000000c0000000, 0x00000000c6c00000, 0x00000000eab00000)
  object space 110592K, 8% used [0x00000000c0000000,0x00000000c08c18e8,0x00000000c6c00000)
 Metaspace       used 26031K, capacity 26442K, committed 26624K, reserved 1073152K
  class space    used 3638K, capacity 3795K, committed 3840K, reserved 1048576K
Event: 16.483 GC heap after
Heap after GC invocations=5 (full 1):
 PSYoungGen      total 101376K, used 6515K [0x00000000eab00000, 0x00000000f3b00000, 0x0000000100000000)
  eden space 94720K, 0% used [0x00000000eab00000,0x00000000eab00000,0x00000000f0780000)
  from space 6656K, 97% used [0x00000000f3480000,0x00000000f3adcdb8,0x00000000f3b00000)
  to   space 10752K, 0% used [0x00000000f2600000,0x00000000f2600000,0x00000000f3080000)
 ParOldGen       total 110592K, used 8974K [0x00000000c0000000, 0x00000000c6c00000, 0x00000000eab00000)
  object space 110592K, 8% used [0x00000000c0000000,0x00000000c08c38e8,0x00000000c6c00000)
 Metaspace       used 26031K, capacity 26442K, committed 26624K, reserved 1073152K
  class space    used 3638K, capacity 3795K, committed 3840K, reserved 1048576K
}
Event: 22.412 GC heap before
{Heap before GC invocations=6 (full 1):
 PSYoungGen      total 101376K, used 101235K [0x00000000eab00000, 0x00000000f3b00000, 0x0000000100000000)
  eden space 94720K, 100% used [0x00000000eab00000,0x00000000f0780000,0x00000000f0780000)
  from space 6656K, 97% used [0x00000000f3480000,0x00000000f3adcdb8,0x00000000f3b00000)
  to   space 10752K, 0% used [0x00000000f2600000,0x00000000f2600000,0x00000000f3080000)
 ParOldGen       total 110592K, used 8974K [0x00000000c0000000, 0x00000000c6c00000, 0x00000000eab00000)
  object space 110592K, 8% used [0x00000000c0000000,0x00000000c08c38e8,0x00000000c6c00000)
 Metaspace       used 31231K, capacity 31916K, committed 32000K, reserved 1077248K
  class space    used 4340K, capacity 4549K, committed 4608K, reserved 1048576K
Event: 22.447 GC heap after
Heap after GC invocations=6 (full 1):
 PSYoungGen      total 136704K, used 10732K [0x00000000eab00000, 0x00000000f4780000, 0x0000000100000000)
  eden space 125952K, 0% used [0x00000000eab00000,0x00000000eab00000,0x00000000f2600000)
  from space 10752K, 99% used [0x00000000f2600000,0x00000000f307b118,0x00000000f3080000)
  to   space 12800K, 0% used [0x00000000f3b00000,0x00000000f3b00000,0x00000000f4780000)
 ParOldGen       total 110592K, used 9934K [0x00000000c0000000, 0x00000000c6c00000, 0x00000000eab00000)
  object space 110592K, 8% used [0x00000000c0000000,0x00000000c09b3898,0x00000000c6c00000)
 Metaspace       used 31231K, capacity 31916K, committed 32000K, reserved 1077248K
  class space    used 4340K, capacity 4549K, committed 4608K, reserved 1048576K
}
Event: 23.424 GC heap before
{Heap before GC invocations=7 (full 1):
 PSYoungGen      total 136704K, used 35359K [0x00000000eab00000, 0x00000000f4780000, 0x0000000100000000)
  eden space 125952K, 19% used [0x00000000eab00000,0x00000000ec30cb10,0x00000000f2600000)
  from space 10752K, 99% used [0x00000000f2600000,0x00000000f307b118,0x00000000f3080000)
  to   space 12800K, 0% used [0x00000000f3b00000,0x00000000f3b00000,0x00000000f4780000)
 ParOldGen       total 110592K, used 9934K [0x00000000c0000000, 0x00000000c6c00000, 0x00000000eab00000)
  object space 110592K, 8% used [0x00000000c0000000,0x00000000c09b3898,0x00000000c6c00000)
 Metaspace       used 34529K, capacity 35308K, committed 35416K, reserved 1079296K
  class space    used 4816K, capacity 5086K, committed 5120K, reserved 1048576K
Event: 23.444 GC heap after
Heap after GC invocations=7 (full 1):
 PSYoungGen      total 146944K, used 10905K [0x00000000eab00000, 0x00000000f7a80000, 0x0000000100000000)
  eden space 134144K, 0% used [0x00000000eab00000,0x00000000eab00000,0x00000000f2e00000)
  from space 12800K, 85% used [0x00000000f3b00000,0x00000000f45a67c0,0x00000000f4780000)
  to   space 13312K, 0% used [0x00000000f2e00000,0x00000000f2e00000,0x00000000f3b00000)
 ParOldGen       total 110592K, used 9942K [0x00000000c0000000, 0x00000000c6c00000, 0x00000000eab00000)
  object space 110592K, 8% used [0x00000000c0000000,0x00000000c09b5898,0x00000000c6c00000)
 Metaspace       used 34529K, capacity 35308K, committed 35416K, reserved 1079296K
  class space    used 4816K, capacity 5086K, committed 5120K, reserved 1048576K
}
Event: 23.444 GC heap before
{Heap before GC invocations=8 (full 2):
 PSYoungGen      total 146944K, used 10905K [0x00000000eab00000, 0x00000000f7a80000, 0x0000000100000000)
  eden space 134144K, 0% used [0x00000000eab00000,0x00000000eab00000,0x00000000f2e00000)
  from space 12800K, 85% used [0x00000000f3b00000,0x00000000f45a67c0,0x00000000f4780000)
  to   space 13312K, 0% used [0x00000000f2e00000,0x00000000f2e00000,0x00000000f3b00000)
 ParOldGen       total 110592K, used 9942K [0x00000000c0000000, 0x00000000c6c00000, 0x00000000eab00000)
  object space 110592K, 8% used [0x00000000c0000000,0x00000000c09b5898,0x00000000c6c00000)
 Metaspace       used 34529K, capacity 35308K, committed 35416K, reserved 1079296K
  class space    used 4816K, capacity 5086K, committed 5120K, reserved 1048576K
Event: 23.595 GC heap after
Heap after GC invocations=8 (full 2):
 PSYoungGen      total 146944K, used 0K [0x00000000eab00000, 0x00000000f7a80000, 0x0000000100000000)
  eden space 134144K, 0% used [0x00000000eab00000,0x00000000eab00000,0x00000000f2e00000)
  from space 12800K, 0% used [0x00000000f3b00000,0x00000000f3b00000,0x00000000f4780000)
  to   space 13312K, 0% used [0x00000000f2e00000,0x00000000f2e00000,0x00000000f3b00000)
 ParOldGen       total 173056K, used 17528K [0x00000000c0000000, 0x00000000ca900000, 0x00000000eab00000)
  object space 173056K, 10% used [0x00000000c0000000,0x00000000c111e020,0x00000000ca900000)
 Metaspace       used 34529K, capacity 35308K, committed 35416K, reserved 1079296K
  class space    used 4816K, capacity 5086K, committed 5120K, reserved 1048576K
}
Event: 29.830 GC heap before
{Heap before GC invocations=9 (full 2):
 PSYoungGen      total 146944K, used 134144K [0x00000000eab00000, 0x00000000f7a80000, 0x0000000100000000)
  eden space 134144K, 100% used [0x00000000eab00000,0x00000000f2e00000,0x00000000f2e00000)
  from space 12800K, 0% used [0x00000000f3b00000,0x00000000f3b00000,0x00000000f4780000)
  to   space 13312K, 0% used [0x00000000f2e00000,0x00000000f2e00000,0x00000000f3b00000)
 ParOldGen       total 173056K, used 17528K [0x00000000c0000000, 0x00000000ca900000, 0x00000000eab00000)
  object space 173056K, 10% used [0x00000000c0000000,0x00000000c111e020,0x00000000ca900000)
 Metaspace       used 43255K, capacity 44260K, committed 44672K, reserved 1087488K
  class space    used 5858K, capacity 6159K, committed 6272K, reserved 1048576K
Event: 29.886 GC heap after
Heap after GC invocations=9 (full 2):
 PSYoungGen      total 147456K, used 13311K [0x00000000eab00000, 0x00000000f8a00000, 0x0000000100000000)
  eden space 134144K, 0% used [0x00000000eab00000,0x00000000eab00000,0x00000000f2e00000)
  from space 13312K, 99% used [0x00000000f2e00000,0x00000000f3afffd0,0x00000000f3b00000)
  to   space 16384K, 0% used [0x00000000f7a00000,0x00000000f7a00000,0x00000000f8a00000)
 ParOldGen       total 173056K, used 20087K [0x00000000c0000000, 0x00000000ca900000, 0x00000000eab00000)
  object space 173056K, 11% used [0x00000000c0000000,0x00000000c139dfa8,0x00000000ca900000)
 Metaspace       used 43255K, capacity 44260K, committed 44672K, reserved 1087488K
  class space    used 5858K, capacity 6159K, committed 6272K, reserved 1048576K
}

