# JRE version: OpenJDK Runtime Environment (8.0_202-b03) (build 1.8.0_202-release-1483-b03)
# Java VM: OpenJDK 64-Bit Server VM (25.202-b03 mixed mode windows-amd64 compressed oops)
Heap:
 PSYoungGen      total 259072K, used 9250K [0x00000000eab00000, 0x0000000100000000, 0x0000000100000000)
  eden space 233984K, 3% used [0x00000000eab00000,0x00000000eb408b80,0x00000000f8f80000)
  from space 25088K, 0% used [0x00000000f8f80000,0x00000000f8f80000,0x00000000fa800000)
  to   space 25088K, 0% used [0x00000000fe780000,0x00000000fe780000,0x0000000100000000)
 ParOldGen       total 143872K, used 55991K [0x00000000c0000000, 0x00000000c8c80000, 0x00000000eab00000)
  object space 143872K, 38% used [0x00000000c0000000,0x00000000c36adcc8,0x00000000c8c80000)
 Metaspace       used 57394K, capacity 59178K, committed 59412K, reserved 1099776K
  class space    used 7795K, capacity 8248K, committed 8320K, reserved 1048576K
GC Heap History (10 events):
Event: 98.467 GC heap before
{Heap before GC invocations=10 (full 2):
 PSYoungGen      total 119296K, used 119285K [0x00000000eab00000, 0x00000000f7080000, 0x0000000100000000)
  eden space 108032K, 100% used [0x00000000eab00000,0x00000000f1480000,0x00000000f1480000)
  from space 11264K, 99% used [0x00000000f1480000,0x00000000f1f7d768,0x00000000f1f80000)
  to   space 13312K, 0% used [0x00000000f6380000,0x00000000f6380000,0x00000000f7080000)
 ParOldGen       total 143872K, used 18282K [0x00000000c0000000, 0x00000000c8c80000, 0x00000000eab00000)
  object space 143872K, 12% used [0x00000000c0000000,0x00000000c11da9a0,0x00000000c8c80000)
 Metaspace       used 48879K, capacity 49852K, committed 49920K, reserved 1091584K
  class space    used 6536K, capacity 6857K, committed 6912K, reserved 1048576K
Event: 98.736 GC heap after
Heap after GC invocations=10 (full 2):
 PSYoungGen      total 186368K, used 13306K [0x00000000eab00000, 0x00000000f7980000, 0x0000000100000000)
  eden space 173056K, 0% used [0x00000000eab00000,0x00000000eab00000,0x00000000f5400000)
  from space 13312K, 99% used [0x00000000f6380000,0x00000000f707e9a0,0x00000000f7080000)
  to   space 15872K, 0% used [0x00000000f5400000,0x00000000f5400000,0x00000000f6380000)
 ParOldGen       total 143872K, used 21072K [0x00000000c0000000, 0x00000000c8c80000, 0x00000000eab00000)
  object space 143872K, 14% used [0x00000000c0000000,0x00000000c1494098,0x00000000c8c80000)
 Metaspace       used 48879K, capacity 49852K, committed 49920K, reserved 1091584K
  class space    used 6536K, capacity 6857K, committed 6912K, reserved 1048576K
}
Event: 131.442 GC heap before
{Heap before GC invocations=11 (full 2):
 PSYoungGen      total 186368K, used 186362K [0x00000000eab00000, 0x00000000f7980000, 0x0000000100000000)
  eden space 173056K, 100% used [0x00000000eab00000,0x00000000f5400000,0x00000000f5400000)
  from space 13312K, 99% used [0x00000000f6380000,0x00000000f707e9a0,0x00000000f7080000)
  to   space 15872K, 0% used [0x00000000f5400000,0x00000000f5400000,0x00000000f6380000)
 ParOldGen       total 143872K, used 21072K [0x00000000c0000000, 0x00000000c8c80000, 0x00000000eab00000)
  object space 143872K, 14% used [0x00000000c0000000,0x00000000c1494098,0x00000000c8c80000)
 Metaspace       used 56386K, capacity 58110K, committed 58368K, reserved 1099776K
  class space    used 7628K, capacity 8072K, committed 8192K, reserved 1048576K
Event: 131.511 GC heap after
Heap after GC invocations=11 (full 2):
 PSYoungGen      total 188928K, used 15863K [0x00000000eab00000, 0x00000000fbe00000, 0x0000000100000000)
  eden space 173056K, 0% used [0x00000000eab00000,0x00000000eab00000,0x00000000f5400000)
  from space 15872K, 99% used [0x00000000f5400000,0x00000000f637df78,0x00000000f6380000)
  to   space 22528K, 0% used [0x00000000fa800000,0x00000000fa800000,0x00000000fbe00000)
 ParOldGen       total 143872K, used 33965K [0x00000000c0000000, 0x00000000c8c80000, 0x00000000eab00000)
  object space 143872K, 23% used [0x00000000c0000000,0x00000000c212b7f8,0x00000000c8c80000)
 Metaspace       used 56386K, capacity 58110K, committed 58368K, reserved 1099776K
  class space    used 7628K, capacity 8072K, committed 8192K, reserved 1048576K
}
Event: 141.054 GC heap before
{Heap before GC invocations=12 (full 2):
 PSYoungGen      total 188928K, used 188919K [0x00000000eab00000, 0x00000000fbe00000, 0x0000000100000000)
  eden space 173056K, 100% used [0x00000000eab00000,0x00000000f5400000,0x00000000f5400000)
  from space 15872K, 99% used [0x00000000f5400000,0x00000000f637df78,0x00000000f6380000)
  to   space 22528K, 0% used [0x00000000fa800000,0x00000000fa800000,0x00000000fbe00000)
 ParOldGen       total 143872K, used 33965K [0x00000000c0000000, 0x00000000c8c80000, 0x00000000eab00000)
  object space 143872K, 23% used [0x00000000c0000000,0x00000000c212b7f8,0x00000000c8c80000)
 Metaspace       used 56540K, capacity 58264K, committed 58624K, reserved 1099776K
  class space    used 7640K, capacity 8077K, committed 8192K, reserved 1048576K
Event: 141.118 GC heap after
Heap after GC invocations=12 (full 2):
 PSYoungGen      total 256512K, used 21776K [0x00000000eab00000, 0x00000000fc180000, 0x0000000100000000)
  eden space 233984K, 0% used [0x00000000eab00000,0x00000000eab00000,0x00000000f8f80000)
  from space 22528K, 96% used [0x00000000fa800000,0x00000000fbd440f0,0x00000000fbe00000)
  to   space 25088K, 0% used [0x00000000f8f80000,0x00000000f8f80000,0x00000000fa800000)
 ParOldGen       total 143872K, used 39897K [0x00000000c0000000, 0x00000000c8c80000, 0x00000000eab00000)
  object space 143872K, 27% used [0x00000000c0000000,0x00000000c26f6760,0x00000000c8c80000)
 Metaspace       used 56540K, capacity 58264K, committed 58624K, reserved 1099776K
  class space    used 7640K, capacity 8077K, committed 8192K, reserved 1048576K
}
Event: 147.568 GC heap before
{Heap before GC invocations=13 (full 2):
 PSYoungGen      total 256512K, used 94526K [0x00000000eab00000, 0x00000000fc180000, 0x0000000100000000)
  eden space 233984K, 31% used [0x00000000eab00000,0x00000000ef20bb08,0x00000000f8f80000)
  from space 22528K, 96% used [0x00000000fa800000,0x00000000fbd440f0,0x00000000fbe00000)
  to   space 25088K, 0% used [0x00000000f8f80000,0x00000000f8f80000,0x00000000fa800000)
 ParOldGen       total 143872K, used 39897K [0x00000000c0000000, 0x00000000c8c80000, 0x00000000eab00000)
  object space 143872K, 27% used [0x00000000c0000000,0x00000000c26f6760,0x00000000c8c80000)
 Metaspace       used 57178K, capacity 58968K, committed 59028K, reserved 1099776K
  class space    used 7753K, capacity 8181K, committed 8192K, reserved 1048576K
Event: 147.618 GC heap after
Heap after GC invocations=13 (full 2):
 PSYoungGen      total 259072K, used 6416K [0x00000000eab00000, 0x0000000100000000, 0x0000000100000000)
  eden space 233984K, 0% used [0x00000000eab00000,0x00000000eab00000,0x00000000f8f80000)
  from space 25088K, 25% used [0x00000000f8f80000,0x00000000f95c40a0,0x00000000fa800000)
  to   space 25088K, 0% used [0x00000000fe780000,0x00000000fe780000,0x0000000100000000)
 ParOldGen       total 143872K, used 58649K [0x00000000c0000000, 0x00000000c8c80000, 0x00000000eab00000)
  object space 143872K, 40% used [0x00000000c0000000,0x00000000c3946460,0x00000000c8c80000)
 Metaspace       used 57178K, capacity 58968K, committed 59028K, reserved 1099776K
  class space    used 7753K, capacity 8181K, committed 8192K, reserved 1048576K
}
Event: 147.619 GC heap before
{Heap before GC invocations=14 (full 3):
 PSYoungGen      total 259072K, used 6416K [0x00000000eab00000, 0x0000000100000000, 0x0000000100000000)
  eden space 233984K, 0% used [0x00000000eab00000,0x00000000eab00000,0x00000000f8f80000)
  from space 25088K, 25% used [0x00000000f8f80000,0x00000000f95c40a0,0x00000000fa800000)
  to   space 25088K, 0% used [0x00000000fe780000,0x00000000fe780000,0x0000000100000000)
 ParOldGen       total 143872K, used 58649K [0x00000000c0000000, 0x00000000c8c80000, 0x00000000eab00000)
  object space 143872K, 40% used [0x00000000c0000000,0x00000000c3946460,0x00000000c8c80000)
 Metaspace       used 57178K, capacity 58968K, committed 59028K, reserved 1099776K
  class space    used 7753K, capacity 8181K, committed 8192K, reserved 1048576K
Event: 148.606 GC heap after
Heap after GC invocations=14 (full 3):
 PSYoungGen      total 259072K, used 0K [0x00000000eab00000, 0x0000000100000000, 0x0000000100000000)
  eden space 233984K, 0% used [0x00000000eab00000,0x00000000eab00000,0x00000000f8f80000)
  from space 25088K, 0% used [0x00000000f8f80000,0x00000000f8f80000,0x00000000fa800000)
  to   space 25088K, 0% used [0x00000000fe780000,0x00000000fe780000,0x0000000100000000)
 ParOldGen       total 143872K, used 55991K [0x00000000c0000000, 0x00000000c8c80000, 0x00000000eab00000)
  object space 143872K, 38% used [0x00000000c0000000,0x00000000c36adcc8,0x00000000c8c80000)
 Metaspace       used 57171K, capacity 58956K, committed 59028K, reserved 1099776K
  class space    used 7752K, capacity 8179K, committed 8192K, reserved 1048576K
}

